{"C:\\Users\\anbra\\OneDrive\\Desktop\\CTD\\ProyectoDigitalBooking\\grupo-3\\front\\src\\App.jsx": {"path":"C:\\Users\\anbra\\OneDrive\\Desktop\\CTD\\ProyectoDigitalBooking\\grupo-3\\front\\src\\App.jsx","statementMap":{"0":{"start":{"line":16,"column":2},"end":{"line":47,"column":4}}},"fnMap":{"0":{"name":"App","decl":{"start":{"line":15,"column":9},"end":{"line":15,"column":12}},"loc":{"start":{"line":15,"column":15},"end":{"line":48,"column":1}},"line":15}},"branchMap":{},"s":{"0":1},"f":{"0":1},"b":{},"_coverageSchema":"1a1c01bbd47fc00a2c39e90264f33305004495a9","hash":"f14bae2f5722e63609c6a3f0f6aacf98b6f45a00"}
,"C:\\Users\\anbra\\OneDrive\\Desktop\\CTD\\ProyectoDigitalBooking\\grupo-3\\front\\src\\index.js": {"path":"C:\\Users\\anbra\\OneDrive\\Desktop\\CTD\\ProyectoDigitalBooking\\grupo-3\\front\\src\\index.js","statementMap":{"0":{"start":{"line":5,"column":0},"end":{"line":10,"column":2}}},"fnMap":{},"branchMap":{},"s":{"0":0},"f":{},"b":{}}
,"C:\\Users\\anbra\\OneDrive\\Desktop\\CTD\\ProyectoDigitalBooking\\grupo-3\\front\\src\\components\\Buscador\\Buscador.jsx": {"path":"C:\\Users\\anbra\\OneDrive\\Desktop\\CTD\\ProyectoDigitalBooking\\grupo-3\\front\\src\\components\\Buscador\\Buscador.jsx","statementMap":{"0":{"start":{"line":11,"column":42},"end":{"line":11,"column":53}},"1":{"start":{"line":13,"column":29},"end":{"line":13,"column":72}},"2":{"start":{"line":15,"column":25},"end":{"line":15,"column":50}},"3":{"start":{"line":16,"column":30},"end":{"line":16,"column":44}},"4":{"start":{"line":17,"column":40},"end":{"line":17,"column":54}},"5":{"start":{"line":18,"column":34},"end":{"line":18,"column":48}},"6":{"start":{"line":20,"column":20},"end":{"line":25,"column":3}},"7":{"start":{"line":21,"column":4},"end":{"line":21,"column":20}},"8":{"start":{"line":22,"column":4},"end":{"line":22,"column":25}},"9":{"start":{"line":23,"column":4},"end":{"line":23,"column":22}},"10":{"start":{"line":24,"column":4},"end":{"line":24,"column":51}},"11":{"start":{"line":28,"column":24},"end":{"line":36,"column":3}},"12":{"start":{"line":29,"column":4},"end":{"line":29,"column":23}},"13":{"start":{"line":30,"column":4},"end":{"line":34,"column":7}},"14":{"start":{"line":35,"column":4},"end":{"line":35,"column":16}},"15":{"start":{"line":38,"column":24},"end":{"line":41,"column":3}},"16":{"start":{"line":40,"column":4},"end":{"line":40,"column":24}},"17":{"start":{"line":43,"column":24},"end":{"line":47,"column":3}},"18":{"start":{"line":44,"column":25},"end":{"line":44,"column":30}},"19":{"start":{"line":45,"column":4},"end":{"line":45,"column":26}},"20":{"start":{"line":46,"column":4},"end":{"line":46,"column":21}},"21":{"start":{"line":49,"column":2},"end":{"line":81,"column":4}}},"fnMap":{"0":{"name":"Buscador","decl":{"start":{"line":10,"column":9},"end":{"line":10,"column":17}},"loc":{"start":{"line":10,"column":20},"end":{"line":82,"column":1}},"line":10},"1":{"name":"(anonymous_1)","decl":{"start":{"line":20,"column":20},"end":{"line":20,"column":21}},"loc":{"start":{"line":20,"column":26},"end":{"line":25,"column":3}},"line":20},"2":{"name":"(anonymous_2)","decl":{"start":{"line":28,"column":24},"end":{"line":28,"column":25}},"loc":{"start":{"line":28,"column":31},"end":{"line":36,"column":3}},"line":28},"3":{"name":"(anonymous_3)","decl":{"start":{"line":38,"column":24},"end":{"line":38,"column":25}},"loc":{"start":{"line":38,"column":38},"end":{"line":41,"column":3}},"line":38},"4":{"name":"(anonymous_4)","decl":{"start":{"line":43,"column":24},"end":{"line":43,"column":25}},"loc":{"start":{"line":43,"column":35},"end":{"line":47,"column":3}},"line":43}},"branchMap":{"0":{"loc":{"start":{"line":31,"column":19},"end":{"line":31,"column":44}},"type":"cond-expr","locations":[{"start":{"line":31,"column":28},"end":{"line":31,"column":37}},{"start":{"line":31,"column":40},"end":{"line":31,"column":44}}],"line":31}},"s":{"0":5,"1":5,"2":5,"3":5,"4":5,"5":5,"6":5,"7":1,"8":1,"9":1,"10":1,"11":5,"12":1,"13":1,"14":1,"15":5,"16":0,"17":5,"18":0,"19":0,"20":0,"21":5},"f":{"0":5,"1":1,"2":1,"3":0,"4":0},"b":{"0":[0,1]},"_coverageSchema":"1a1c01bbd47fc00a2c39e90264f33305004495a9","hash":"f10fbb814c18a877c9dd1434c406c33fc027dde7"}
,"C:\\Users\\anbra\\OneDrive\\Desktop\\CTD\\ProyectoDigitalBooking\\grupo-3\\front\\src\\components\\Buscador\\SelectCiudad.jsx": {"path":"C:\\Users\\anbra\\OneDrive\\Desktop\\CTD\\ProyectoDigitalBooking\\grupo-3\\front\\src\\components\\Buscador\\SelectCiudad.jsx","statementMap":{"0":{"start":{"line":5,"column":21},"end":{"line":15,"column":1}},"1":{"start":{"line":6,"column":2},"end":{"line":14,"column":4}},"2":{"start":{"line":18,"column":18},"end":{"line":22,"column":5}},"3":{"start":{"line":18,"column":40},"end":{"line":22,"column":3}},"4":{"start":{"line":24,"column":17},"end":{"line":59,"column":3}},"5":{"start":{"line":25,"column":28},"end":{"line":29,"column":5}},"6":{"start":{"line":30,"column":34},"end":{"line":35,"column":5}},"7":{"start":{"line":36,"column":35},"end":{"line":41,"column":5}},"8":{"start":{"line":42,"column":26},"end":{"line":47,"column":5}},"9":{"start":{"line":49,"column":6},"end":{"line":52,"column":6}},"10":{"start":{"line":53,"column":31},"end":{"line":55,"column":5}},"11":{"start":{"line":56,"column":30},"end":{"line":58,"column":5}},"12":{"start":{"line":61,"column":2},"end":{"line":69,"column":4}}},"fnMap":{"0":{"name":"(anonymous_0)","decl":{"start":{"line":5,"column":21},"end":{"line":5,"column":22}},"loc":{"start":{"line":5,"column":53},"end":{"line":15,"column":1}},"line":5},"1":{"name":"SelectCiudad","decl":{"start":{"line":17,"column":9},"end":{"line":17,"column":21}},"loc":{"start":{"line":17,"column":46},"end":{"line":70,"column":1}},"line":17},"2":{"name":"(anonymous_2)","decl":{"start":{"line":18,"column":32},"end":{"line":18,"column":33}},"loc":{"start":{"line":18,"column":40},"end":{"line":22,"column":3}},"line":18},"3":{"name":"(anonymous_3)","decl":{"start":{"line":25,"column":13},"end":{"line":25,"column":14}},"loc":{"start":{"line":25,"column":28},"end":{"line":29,"column":5}},"line":25},"4":{"name":"(anonymous_4)","decl":{"start":{"line":30,"column":12},"end":{"line":30,"column":13}},"loc":{"start":{"line":30,"column":34},"end":{"line":35,"column":5}},"line":30},"5":{"name":"(anonymous_5)","decl":{"start":{"line":36,"column":20},"end":{"line":36,"column":21}},"loc":{"start":{"line":36,"column":35},"end":{"line":41,"column":5}},"line":36},"6":{"name":"(anonymous_6)","decl":{"start":{"line":42,"column":11},"end":{"line":42,"column":12}},"loc":{"start":{"line":42,"column":26},"end":{"line":47,"column":5}},"line":42},"7":{"name":"(anonymous_7)","decl":{"start":{"line":48,"column":17},"end":{"line":48,"column":18}},"loc":{"start":{"line":48,"column":38},"end":{"line":52,"column":7}},"line":48},"8":{"name":"(anonymous_8)","decl":{"start":{"line":53,"column":24},"end":{"line":53,"column":25}},"loc":{"start":{"line":53,"column":31},"end":{"line":55,"column":5}},"line":53},"9":{"name":"(anonymous_9)","decl":{"start":{"line":56,"column":23},"end":{"line":56,"column":24}},"loc":{"start":{"line":56,"column":30},"end":{"line":58,"column":5}},"line":56}},"branchMap":{"0":{"loc":{"start":{"line":34,"column":23},"end":{"line":34,"column":71}},"type":"cond-expr","locations":[{"start":{"line":34,"column":41},"end":{"line":34,"column":66}},{"start":{"line":34,"column":69},"end":{"line":34,"column":71}}],"line":34},"1":{"loc":{"start":{"line":51,"column":15},"end":{"line":51,"column":53}},"type":"cond-expr","locations":[{"start":{"line":51,"column":46},"end":{"line":51,"column":49}},{"start":{"line":51,"column":52},"end":{"line":51,"column":53}}],"line":51}},"s":{"0":4,"1":0,"2":6,"3":2,"4":6,"5":6,"6":0,"7":6,"8":6,"9":0,"10":6,"11":6,"12":6},"f":{"0":0,"1":6,"2":2,"3":6,"4":0,"5":6,"6":6,"7":0,"8":6,"9":6},"b":{"0":[0,0],"1":[0,0]},"_coverageSchema":"1a1c01bbd47fc00a2c39e90264f33305004495a9","hash":"423fee86801da30bfa844deda8814875397c170c"}
,"C:\\Users\\anbra\\OneDrive\\Desktop\\CTD\\ProyectoDigitalBooking\\grupo-3\\front\\src\\components\\Card\\Card.jsx": {"path":"C:\\Users\\anbra\\OneDrive\\Desktop\\CTD\\ProyectoDigitalBooking\\grupo-3\\front\\src\\components\\Card\\Card.jsx","statementMap":{"0":{"start":{"line":19,"column":6},"end":{"line":19,"column":14}},"1":{"start":{"line":21,"column":19},"end":{"line":21,"column":42}},"2":{"start":{"line":22,"column":32},"end":{"line":22,"column":47}},"3":{"start":{"line":23,"column":32},"end":{"line":23,"column":47}},"4":{"start":{"line":25,"column":22},"end":{"line":27,"column":3}},"5":{"start":{"line":26,"column":4},"end":{"line":26,"column":25}},"6":{"start":{"line":29,"column":20},"end":{"line":29,"column":46}},"7":{"start":{"line":29,"column":26},"end":{"line":29,"column":46}},"8":{"start":{"line":31,"column":2},"end":{"line":87,"column":4}},"9":{"start":{"line":65,"column":12},"end":{"line":67,"column":17}}},"fnMap":{"0":{"name":"Card","decl":{"start":{"line":8,"column":9},"end":{"line":8,"column":13}},"loc":{"start":{"line":8,"column":28},"end":{"line":88,"column":1}},"line":8},"1":{"name":"(anonymous_1)","decl":{"start":{"line":25,"column":22},"end":{"line":25,"column":23}},"loc":{"start":{"line":25,"column":28},"end":{"line":27,"column":3}},"line":25},"2":{"name":"(anonymous_2)","decl":{"start":{"line":29,"column":20},"end":{"line":29,"column":21}},"loc":{"start":{"line":29,"column":26},"end":{"line":29,"column":46}},"line":29},"3":{"name":"(anonymous_3)","decl":{"start":{"line":64,"column":32},"end":{"line":64,"column":33}},"loc":{"start":{"line":65,"column":12},"end":{"line":67,"column":17}},"line":65}},"branchMap":{"0":{"loc":{"start":{"line":33,"column":25},"end":{"line":33,"column":60}},"type":"cond-expr","locations":[{"start":{"line":33,"column":37},"end":{"line":33,"column":46}},{"start":{"line":33,"column":49},"end":{"line":33,"column":60}}],"line":33},"1":{"loc":{"start":{"line":41,"column":10},"end":{"line":42,"column":63}},"type":"binary-expr","locations":[{"start":{"line":41,"column":10},"end":{"line":41,"column":14}},{"start":{"line":42,"column":10},"end":{"line":42,"column":63}}],"line":41},"2":{"loc":{"start":{"line":71,"column":37},"end":{"line":71,"column":72}},"type":"cond-expr","locations":[{"start":{"line":71,"column":49},"end":{"line":71,"column":58}},{"start":{"line":71,"column":61},"end":{"line":71,"column":72}}],"line":71},"3":{"loc":{"start":{"line":75,"column":11},"end":{"line":75,"column":52}},"type":"cond-expr","locations":[{"start":{"line":75,"column":23},"end":{"line":75,"column":35}},{"start":{"line":75,"column":38},"end":{"line":75,"column":52}}],"line":75}},"s":{"0":1,"1":1,"2":1,"3":1,"4":1,"5":0,"6":1,"7":0,"8":1,"9":0},"f":{"0":1,"1":0,"2":0,"3":0},"b":{"0":[1,0],"1":[1,0],"2":[1,0],"3":[1,0]},"_coverageSchema":"1a1c01bbd47fc00a2c39e90264f33305004495a9","hash":"8e3cfe5e855a2d455393834443ecdb6c821c1a2a"}
,"C:\\Users\\anbra\\OneDrive\\Desktop\\CTD\\ProyectoDigitalBooking\\grupo-3\\front\\src\\components\\CardCategoria\\CardCategoria.jsx": {"path":"C:\\Users\\anbra\\OneDrive\\Desktop\\CTD\\ProyectoDigitalBooking\\grupo-3\\front\\src\\components\\CardCategoria\\CardCategoria.jsx","statementMap":{"0":{"start":{"line":6,"column":58},"end":{"line":6,"column":67}},"1":{"start":{"line":7,"column":52},"end":{"line":7,"column":77}},"2":{"start":{"line":9,"column":2},"end":{"line":24,"column":4}},"3":{"start":{"line":13,"column":21},"end":{"line":13,"column":55}}},"fnMap":{"0":{"name":"CardCategoria","decl":{"start":{"line":5,"column":9},"end":{"line":5,"column":22}},"loc":{"start":{"line":5,"column":53},"end":{"line":25,"column":1}},"line":5},"1":{"name":"(anonymous_1)","decl":{"start":{"line":13,"column":15},"end":{"line":13,"column":16}},"loc":{"start":{"line":13,"column":21},"end":{"line":13,"column":55}},"line":13}},"branchMap":{"0":{"loc":{"start":{"line":11,"column":35},"end":{"line":11,"column":81}},"type":"cond-expr","locations":[{"start":{"line":11,"column":61},"end":{"line":11,"column":76}},{"start":{"line":11,"column":79},"end":{"line":11,"column":81}}],"line":11},"1":{"loc":{"start":{"line":15,"column":44},"end":{"line":15,"column":74}},"type":"cond-expr","locations":[{"start":{"line":15,"column":57},"end":{"line":15,"column":69}},{"start":{"line":15,"column":72},"end":{"line":15,"column":74}}],"line":15}},"s":{"0":1,"1":1,"2":1,"3":0},"f":{"0":1,"1":0},"b":{"0":[0,1],"1":[0,1]},"_coverageSchema":"1a1c01bbd47fc00a2c39e90264f33305004495a9","hash":"cc133e4b693adef9bc2fc73cafa44fb1344c072b"}
,"C:\\Users\\anbra\\OneDrive\\Desktop\\CTD\\ProyectoDigitalBooking\\grupo-3\\front\\src\\components\\CardList\\CardList.jsx": {"path":"C:\\Users\\anbra\\OneDrive\\Desktop\\CTD\\ProyectoDigitalBooking\\grupo-3\\front\\src\\components\\CardList\\CardList.jsx","statementMap":{"0":{"start":{"line":6,"column":2},"end":{"line":15,"column":4}},"1":{"start":{"line":11,"column":10},"end":{"line":11,"column":56}}},"fnMap":{"0":{"name":"CardList","decl":{"start":{"line":4,"column":9},"end":{"line":4,"column":17}},"loc":{"start":{"line":4,"column":71},"end":{"line":16,"column":1}},"line":4},"1":{"name":"(anonymous_1)","decl":{"start":{"line":10,"column":24},"end":{"line":10,"column":25}},"loc":{"start":{"line":11,"column":10},"end":{"line":11,"column":56}},"line":11}},"branchMap":{"0":{"loc":{"start":{"line":4,"column":31},"end":{"line":4,"column":57}},"type":"default-arg","locations":[{"start":{"line":4,"column":40},"end":{"line":4,"column":57}}],"line":4}},"s":{"0":4,"1":0},"f":{"0":4,"1":0},"b":{"0":[1]},"_coverageSchema":"1a1c01bbd47fc00a2c39e90264f33305004495a9","hash":"ad82744adc27dd5cff35c98aacd2116b598ec54c"}
,"C:\\Users\\anbra\\OneDrive\\Desktop\\CTD\\ProyectoDigitalBooking\\grupo-3\\front\\src\\components\\CategoriaList\\CategoriaList.jsx": {"path":"C:\\Users\\anbra\\OneDrive\\Desktop\\CTD\\ProyectoDigitalBooking\\grupo-3\\front\\src\\components\\CategoriaList\\CategoriaList.jsx","statementMap":{"0":{"start":{"line":11,"column":44},"end":{"line":11,"column":55}},"1":{"start":{"line":17,"column":6},"end":{"line":17,"column":51}},"2":{"start":{"line":19,"column":68},"end":{"line":19,"column":93}},"3":{"start":{"line":21,"column":24},"end":{"line":26,"column":3}},"4":{"start":{"line":22,"column":4},"end":{"line":25,"column":5}},"5":{"start":{"line":23,"column":18},"end":{"line":23,"column":73}},"6":{"start":{"line":23,"column":41},"end":{"line":23,"column":72}},"7":{"start":{"line":24,"column":6},"end":{"line":24,"column":47}},"8":{"start":{"line":28,"column":24},"end":{"line":30,"column":3}},"9":{"start":{"line":29,"column":4},"end":{"line":29,"column":21}},"10":{"start":{"line":32,"column":2},"end":{"line":63,"column":4}},"11":{"start":{"line":42,"column":27},"end":{"line":42,"column":42}},"12":{"start":{"line":53,"column":14},"end":{"line":57,"column":16}}},"fnMap":{"0":{"name":"CategoriaList","decl":{"start":{"line":10,"column":9},"end":{"line":10,"column":22}},"loc":{"start":{"line":10,"column":34},"end":{"line":64,"column":1}},"line":10},"1":{"name":"(anonymous_1)","decl":{"start":{"line":21,"column":24},"end":{"line":21,"column":25}},"loc":{"start":{"line":21,"column":66},"end":{"line":26,"column":3}},"line":21},"2":{"name":"(anonymous_2)","decl":{"start":{"line":23,"column":34},"end":{"line":23,"column":35}},"loc":{"start":{"line":23,"column":41},"end":{"line":23,"column":72}},"line":23},"3":{"name":"(anonymous_3)","decl":{"start":{"line":28,"column":24},"end":{"line":28,"column":25}},"loc":{"start":{"line":28,"column":30},"end":{"line":30,"column":3}},"line":28},"4":{"name":"(anonymous_4)","decl":{"start":{"line":42,"column":21},"end":{"line":42,"column":22}},"loc":{"start":{"line":42,"column":27},"end":{"line":42,"column":42}},"line":42},"5":{"name":"(anonymous_5)","decl":{"start":{"line":52,"column":29},"end":{"line":52,"column":30}},"loc":{"start":{"line":53,"column":14},"end":{"line":57,"column":16}},"line":53}},"branchMap":{"0":{"loc":{"start":{"line":22,"column":4},"end":{"line":25,"column":5}},"type":"if","locations":[{"start":{"line":22,"column":4},"end":{"line":25,"column":5}},{"start":{},"end":{}}],"line":22},"1":{"loc":{"start":{"line":34,"column":7},"end":{"line":34,"column":34}},"type":"binary-expr","locations":[{"start":{"line":34,"column":7},"end":{"line":34,"column":16}},{"start":{"line":34,"column":20},"end":{"line":34,"column":34}}],"line":34},"2":{"loc":{"start":{"line":40,"column":14},"end":{"line":40,"column":56}},"type":"cond-expr","locations":[{"start":{"line":40,"column":29},"end":{"line":40,"column":51}},{"start":{"line":40,"column":54},"end":{"line":40,"column":56}}],"line":40},"3":{"loc":{"start":{"line":48,"column":9},"end":{"line":60,"column":9}},"type":"cond-expr","locations":[{"start":{"line":49,"column":10},"end":{"line":49,"column":59}},{"start":{"line":51,"column":10},"end":{"line":59,"column":15}}],"line":48}},"s":{"0":5,"1":5,"2":5,"3":5,"4":0,"5":0,"6":0,"7":0,"8":5,"9":1,"10":5,"11":1,"12":0},"f":{"0":5,"1":0,"2":0,"3":1,"4":1,"5":0},"b":{"0":[0,0],"1":[5,5],"2":[1,4],"3":[0,5]},"_coverageSchema":"1a1c01bbd47fc00a2c39e90264f33305004495a9","hash":"a9b3f74860083bad0a0751bfd8d1587a825a6e73"}
,"C:\\Users\\anbra\\OneDrive\\Desktop\\CTD\\ProyectoDigitalBooking\\grupo-3\\front\\src\\components\\Error\\Error.jsx": {"path":"C:\\Users\\anbra\\OneDrive\\Desktop\\CTD\\ProyectoDigitalBooking\\grupo-3\\front\\src\\components\\Error\\Error.jsx","statementMap":{"0":{"start":{"line":1,"column":14},"end":{"line":29,"column":1}},"1":{"start":{"line":2,"column":30},"end":{"line":5,"column":3}},"2":{"start":{"line":6,"column":21},"end":{"line":17,"column":3}},"3":{"start":{"line":19,"column":2},"end":{"line":28,"column":4}}},"fnMap":{"0":{"name":"(anonymous_0)","decl":{"start":{"line":1,"column":14},"end":{"line":1,"column":15}},"loc":{"start":{"line":1,"column":38},"end":{"line":29,"column":1}},"line":1}},"branchMap":{"0":{"loc":{"start":{"line":20,"column":4},"end":{"line":27,"column":5}},"type":"binary-expr","locations":[{"start":{"line":20,"column":4},"end":{"line":20,"column":8}},{"start":{"line":21,"column":6},"end":{"line":26,"column":12}}],"line":20}},"s":{"0":6,"1":1,"2":1,"3":1},"f":{"0":1},"b":{"0":[1,1]},"_coverageSchema":"1a1c01bbd47fc00a2c39e90264f33305004495a9","hash":"9dbacd95df67d2bbc2595aa9bc97f7c1e70657f7"}
,"C:\\Users\\anbra\\OneDrive\\Desktop\\CTD\\ProyectoDigitalBooking\\grupo-3\\front\\src\\components\\FavHeart\\FavHeart.jsx": {"path":"C:\\Users\\anbra\\OneDrive\\Desktop\\CTD\\ProyectoDigitalBooking\\grupo-3\\front\\src\\components\\FavHeart\\FavHeart.jsx","statementMap":{"0":{"start":{"line":5,"column":17},"end":{"line":28,"column":1}},"1":{"start":{"line":11,"column":41},"end":{"line":11,"column":64}},"2":{"start":{"line":12,"column":24},"end":{"line":12,"column":59}},"3":{"start":{"line":14,"column":22},"end":{"line":17,"column":3}},"4":{"start":{"line":15,"column":4},"end":{"line":15,"column":57}},"5":{"start":{"line":16,"column":4},"end":{"line":16,"column":17}},"6":{"start":{"line":19,"column":2},"end":{"line":27,"column":4}}},"fnMap":{"0":{"name":"(anonymous_0)","decl":{"start":{"line":5,"column":17},"end":{"line":5,"column":18}},"loc":{"start":{"line":10,"column":6},"end":{"line":28,"column":1}},"line":10},"1":{"name":"(anonymous_1)","decl":{"start":{"line":14,"column":22},"end":{"line":14,"column":23}},"loc":{"start":{"line":14,"column":28},"end":{"line":17,"column":3}},"line":14}},"branchMap":{"0":{"loc":{"start":{"line":7,"column":2},"end":{"line":7,"column":29}},"type":"default-arg","locations":[{"start":{"line":7,"column":12},"end":{"line":7,"column":29}}],"line":7},"1":{"loc":{"start":{"line":8,"column":2},"end":{"line":8,"column":31}},"type":"default-arg","locations":[{"start":{"line":8,"column":13},"end":{"line":8,"column":31}}],"line":8},"2":{"loc":{"start":{"line":15,"column":4},"end":{"line":15,"column":56}},"type":"cond-expr","locations":[{"start":{"line":15,"column":11},"end":{"line":15,"column":32}},{"start":{"line":15,"column":35},"end":{"line":15,"column":56}}],"line":15},"3":{"loc":{"start":{"line":21,"column":33},"end":{"line":21,"column":71}},"type":"cond-expr","locations":[{"start":{"line":21,"column":40},"end":{"line":21,"column":54}},{"start":{"line":21,"column":57},"end":{"line":21,"column":71}}],"line":21},"4":{"loc":{"start":{"line":24,"column":22},"end":{"line":24,"column":47}},"type":"cond-expr","locations":[{"start":{"line":24,"column":29},"end":{"line":24,"column":36}},{"start":{"line":24,"column":39},"end":{"line":24,"column":47}}],"line":24}},"s":{"0":8,"1":4,"2":4,"3":4,"4":0,"5":0,"6":4},"f":{"0":4,"1":0},"b":{"0":[4],"1":[4],"2":[0,0],"3":[0,4],"4":[0,4]},"_coverageSchema":"1a1c01bbd47fc00a2c39e90264f33305004495a9","hash":"588c610cc563cde729d6bb10cc764362a13264f6"}
,"C:\\Users\\anbra\\OneDrive\\Desktop\\CTD\\ProyectoDigitalBooking\\grupo-3\\front\\src\\components\\Footer\\Footer.jsx": {"path":"C:\\Users\\anbra\\OneDrive\\Desktop\\CTD\\ProyectoDigitalBooking\\grupo-3\\front\\src\\components\\Footer\\Footer.jsx","statementMap":{"0":{"start":{"line":7,"column":4},"end":{"line":15,"column":5}}},"fnMap":{"0":{"name":"Footer","decl":{"start":{"line":5,"column":9},"end":{"line":5,"column":15}},"loc":{"start":{"line":5,"column":18},"end":{"line":16,"column":3}},"line":5}},"branchMap":{},"s":{"0":13},"f":{"0":13},"b":{},"_coverageSchema":"1a1c01bbd47fc00a2c39e90264f33305004495a9","hash":"78850b59ce039400c0855e58b424b1c074f96667"}
,"C:\\Users\\anbra\\OneDrive\\Desktop\\CTD\\ProyectoDigitalBooking\\grupo-3\\front\\src\\components\\Header\\Header.jsx": {"path":"C:\\Users\\anbra\\OneDrive\\Desktop\\CTD\\ProyectoDigitalBooking\\grupo-3\\front\\src\\components\\Header\\Header.jsx","statementMap":{"0":{"start":{"line":11,"column":26},"end":{"line":11,"column":41}},"1":{"start":{"line":12,"column":27},"end":{"line":12,"column":50}},"2":{"start":{"line":14,"column":15},"end":{"line":16,"column":3}},"3":{"start":{"line":15,"column":4},"end":{"line":15,"column":13}},"4":{"start":{"line":18,"column":2},"end":{"line":110,"column":4}},"5":{"start":{"line":52,"column":25},"end":{"line":52,"column":39}},"6":{"start":{"line":62,"column":37},"end":{"line":62,"column":51}}},"fnMap":{"0":{"name":"Header","decl":{"start":{"line":10,"column":9},"end":{"line":10,"column":15}},"loc":{"start":{"line":10,"column":26},"end":{"line":111,"column":1}},"line":10},"1":{"name":"(anonymous_1)","decl":{"start":{"line":14,"column":15},"end":{"line":14,"column":16}},"loc":{"start":{"line":14,"column":21},"end":{"line":16,"column":3}},"line":14},"2":{"name":"(anonymous_2)","decl":{"start":{"line":52,"column":19},"end":{"line":52,"column":20}},"loc":{"start":{"line":52,"column":25},"end":{"line":52,"column":39}},"line":52},"3":{"name":"(anonymous_3)","decl":{"start":{"line":62,"column":31},"end":{"line":62,"column":32}},"loc":{"start":{"line":62,"column":37},"end":{"line":62,"column":51}},"line":62}},"branchMap":{"0":{"loc":{"start":{"line":23,"column":9},"end":{"line":47,"column":9}},"type":"cond-expr","locations":[{"start":{"line":24,"column":10},"end":{"line":33,"column":13}},{"start":{"line":35,"column":10},"end":{"line":46,"column":13}}],"line":23},"1":{"loc":{"start":{"line":25,"column":13},"end":{"line":29,"column":13}},"type":"binary-expr","locations":[{"start":{"line":25,"column":13},"end":{"line":25,"column":34}},{"start":{"line":26,"column":14},"end":{"line":28,"column":21}}],"line":25},"2":{"loc":{"start":{"line":36,"column":13},"end":{"line":40,"column":13}},"type":"binary-expr","locations":[{"start":{"line":36,"column":13},"end":{"line":36,"column":33}},{"start":{"line":37,"column":14},"end":{"line":39,"column":21}}],"line":36},"3":{"loc":{"start":{"line":41,"column":13},"end":{"line":45,"column":13}},"type":"binary-expr","locations":[{"start":{"line":41,"column":13},"end":{"line":41,"column":30}},{"start":{"line":42,"column":14},"end":{"line":44,"column":21}}],"line":41},"4":{"loc":{"start":{"line":59,"column":39},"end":{"line":59,"column":66}},"type":"cond-expr","locations":[{"start":{"line":59,"column":46},"end":{"line":59,"column":61}},{"start":{"line":59,"column":64},"end":{"line":59,"column":66}}],"line":59},"5":{"loc":{"start":{"line":66,"column":15},"end":{"line":66,"column":67}},"type":"cond-expr","locations":[{"start":{"line":66,"column":22},"end":{"line":66,"column":53}},{"start":{"line":66,"column":56},"end":{"line":66,"column":67}}],"line":66},"6":{"loc":{"start":{"line":71,"column":17},"end":{"line":88,"column":17}},"type":"cond-expr","locations":[{"start":{"line":72,"column":18},"end":{"line":74,"column":23}},{"start":{"line":76,"column":18},"end":{"line":87,"column":21}}],"line":71},"7":{"loc":{"start":{"line":77,"column":21},"end":{"line":81,"column":21}},"type":"binary-expr","locations":[{"start":{"line":77,"column":21},"end":{"line":77,"column":41}},{"start":{"line":78,"column":22},"end":{"line":80,"column":27}}],"line":77},"8":{"loc":{"start":{"line":82,"column":21},"end":{"line":86,"column":21}},"type":"binary-expr","locations":[{"start":{"line":82,"column":21},"end":{"line":82,"column":38}},{"start":{"line":83,"column":22},"end":{"line":85,"column":27}}],"line":82},"9":{"loc":{"start":{"line":94,"column":13},"end":{"line":104,"column":13}},"type":"cond-expr","locations":[{"start":{"line":95,"column":14},"end":{"line":101,"column":18}},{"start":{"line":103,"column":14},"end":{"line":103,"column":21}}],"line":94}},"s":{"0":13,"1":13,"2":13,"3":0,"4":13,"5":0,"6":0},"f":{"0":13,"1":0,"2":0,"3":0},"b":{"0":[0,13],"1":[0,0],"2":[13,13],"3":[13,13],"4":[0,13],"5":[0,13],"6":[0,13],"7":[13,13],"8":[13,13],"9":[0,13]},"_coverageSchema":"1a1c01bbd47fc00a2c39e90264f33305004495a9","hash":"7ec1ee36f68598fa3cae20fd97e6b077f0ed2e1a"}
,"C:\\Users\\anbra\\OneDrive\\Desktop\\CTD\\ProyectoDigitalBooking\\grupo-3\\front\\src\\components\\LayoutGeneral\\LayoutGeneral.jsx": {"path":"C:\\Users\\anbra\\OneDrive\\Desktop\\CTD\\ProyectoDigitalBooking\\grupo-3\\front\\src\\components\\LayoutGeneral\\LayoutGeneral.jsx","statementMap":{"0":{"start":{"line":6,"column":16},"end":{"line":6,"column":29}},"1":{"start":{"line":8,"column":2},"end":{"line":16,"column":4}}},"fnMap":{"0":{"name":"LayoutGeneral","decl":{"start":{"line":5,"column":9},"end":{"line":5,"column":22}},"loc":{"start":{"line":5,"column":37},"end":{"line":17,"column":1}},"line":5}},"branchMap":{},"s":{"0":12,"1":12},"f":{"0":12},"b":{},"_coverageSchema":"1a1c01bbd47fc00a2c39e90264f33305004495a9","hash":"d056136470ab3d3fb98d79fa26f5e6dabca8986f"}
,"C:\\Users\\anbra\\OneDrive\\Desktop\\CTD\\ProyectoDigitalBooking\\grupo-3\\front\\src\\components\\LoadingBar\\LoadingBar.jsx": {"path":"C:\\Users\\anbra\\OneDrive\\Desktop\\CTD\\ProyectoDigitalBooking\\grupo-3\\front\\src\\components\\LoadingBar\\LoadingBar.jsx","statementMap":{"0":{"start":{"line":4,"column":2},"end":{"line":6,"column":4}}},"fnMap":{"0":{"name":"LoadingBar","decl":{"start":{"line":3,"column":9},"end":{"line":3,"column":19}},"loc":{"start":{"line":3,"column":22},"end":{"line":7,"column":1}},"line":3}},"branchMap":{},"s":{"0":11},"f":{"0":11},"b":{},"_coverageSchema":"1a1c01bbd47fc00a2c39e90264f33305004495a9","hash":"f86f0cffe6587191e027da55b690991d40382676"}
,"C:\\Users\\anbra\\OneDrive\\Desktop\\CTD\\ProyectoDigitalBooking\\grupo-3\\front\\src\\components\\Login\\Login.jsx": {"path":"C:\\Users\\anbra\\OneDrive\\Desktop\\CTD\\ProyectoDigitalBooking\\grupo-3\\front\\src\\components\\Login\\Login.jsx","statementMap":{"0":{"start":{"line":9,"column":18},"end":{"line":28,"column":1}},"1":{"start":{"line":11,"column":24},"end":{"line":11,"column":39}},"2":{"start":{"line":12,"column":16},"end":{"line":12,"column":42}},"3":{"start":{"line":14,"column":2},"end":{"line":27,"column":4}},"4":{"start":{"line":30,"column":22},"end":{"line":57,"column":1}},"5":{"start":{"line":31,"column":24},"end":{"line":31,"column":39}},"6":{"start":{"line":32,"column":34},"end":{"line":32,"column":49}},"7":{"start":{"line":33,"column":16},"end":{"line":33,"column":42}},"8":{"start":{"line":35,"column":2},"end":{"line":56,"column":4}},"9":{"start":{"line":50,"column":23},"end":{"line":50,"column":45}},"10":{"start":{"line":59,"column":14},"end":{"line":166,"column":1}},"11":{"start":{"line":60,"column":23},"end":{"line":60,"column":34}},"12":{"start":{"line":61,"column":27},"end":{"line":61,"column":50}},"13":{"start":{"line":62,"column":18},"end":{"line":62,"column":30}},"14":{"start":{"line":63,"column":44},"end":{"line":63,"column":56}},"15":{"start":{"line":64,"column":19},"end":{"line":64,"column":22}},"16":{"start":{"line":65,"column":2},"end":{"line":67,"column":3}},"17":{"start":{"line":66,"column":4},"end":{"line":66,"column":52}},"18":{"start":{"line":69,"column":2},"end":{"line":165,"column":4}},"19":{"start":{"line":92,"column":26},"end":{"line":95,"column":11}},"20":{"start":{"line":97,"column":27},"end":{"line":103,"column":11}},"21":{"start":{"line":106,"column":10},"end":{"line":128,"column":15}},"22":{"start":{"line":107,"column":32},"end":{"line":107,"column":47}},"23":{"start":{"line":109,"column":14},"end":{"line":127,"column":15}},"24":{"start":{"line":111,"column":33},"end":{"line":117,"column":17}},"25":{"start":{"line":118,"column":16},"end":{"line":118,"column":39}},"26":{"start":{"line":121,"column":16},"end":{"line":121,"column":41}},"27":{"start":{"line":124,"column":16},"end":{"line":126,"column":18}}},"fnMap":{"0":{"name":"(anonymous_0)","decl":{"start":{"line":9,"column":18},"end":{"line":9,"column":19}},"loc":{"start":{"line":9,"column":43},"end":{"line":28,"column":1}},"line":9},"1":{"name":"(anonymous_1)","decl":{"start":{"line":30,"column":22},"end":{"line":30,"column":23}},"loc":{"start":{"line":30,"column":47},"end":{"line":57,"column":1}},"line":30},"2":{"name":"(anonymous_2)","decl":{"start":{"line":50,"column":17},"end":{"line":50,"column":18}},"loc":{"start":{"line":50,"column":23},"end":{"line":50,"column":45}},"line":50},"3":{"name":"(anonymous_3)","decl":{"start":{"line":59,"column":14},"end":{"line":59,"column":15}},"loc":{"start":{"line":59,"column":20},"end":{"line":166,"column":1}},"line":59},"4":{"name":"(anonymous_4)","decl":{"start":{"line":90,"column":18},"end":{"line":90,"column":19}},"loc":{"start":{"line":90,"column":36},"end":{"line":129,"column":9}},"line":90},"5":{"name":"(anonymous_5)","decl":{"start":{"line":107,"column":18},"end":{"line":107,"column":19}},"loc":{"start":{"line":107,"column":32},"end":{"line":107,"column":47}},"line":107},"6":{"name":"(anonymous_6)","decl":{"start":{"line":108,"column":18},"end":{"line":108,"column":19}},"loc":{"start":{"line":108,"column":28},"end":{"line":128,"column":13}},"line":108}},"branchMap":{"0":{"loc":{"start":{"line":12,"column":16},"end":{"line":12,"column":42}},"type":"binary-expr","locations":[{"start":{"line":12,"column":16},"end":{"line":12,"column":28}},{"start":{"line":12,"column":32},"end":{"line":12,"column":42}}],"line":12},"1":{"loc":{"start":{"line":20,"column":41},"end":{"line":20,"column":71}},"type":"cond-expr","locations":[{"start":{"line":20,"column":49},"end":{"line":20,"column":66}},{"start":{"line":20,"column":69},"end":{"line":20,"column":71}}],"line":20},"2":{"loc":{"start":{"line":25,"column":7},"end":{"line":25,"column":70}},"type":"binary-expr","locations":[{"start":{"line":25,"column":7},"end":{"line":25,"column":12}},{"start":{"line":25,"column":16},"end":{"line":25,"column":70}}],"line":25},"3":{"loc":{"start":{"line":33,"column":16},"end":{"line":33,"column":42}},"type":"binary-expr","locations":[{"start":{"line":33,"column":16},"end":{"line":33,"column":28}},{"start":{"line":33,"column":32},"end":{"line":33,"column":42}}],"line":33},"4":{"loc":{"start":{"line":41,"column":41},"end":{"line":41,"column":71}},"type":"cond-expr","locations":[{"start":{"line":41,"column":49},"end":{"line":41,"column":66}},{"start":{"line":41,"column":69},"end":{"line":41,"column":71}}],"line":41},"5":{"loc":{"start":{"line":44,"column":14},"end":{"line":44,"column":44}},"type":"cond-expr","locations":[{"start":{"line":44,"column":25},"end":{"line":44,"column":31}},{"start":{"line":44,"column":34},"end":{"line":44,"column":44}}],"line":44},"6":{"loc":{"start":{"line":48,"column":31},"end":{"line":48,"column":75}},"type":"cond-expr","locations":[{"start":{"line":48,"column":42},"end":{"line":48,"column":54}},{"start":{"line":48,"column":57},"end":{"line":48,"column":75}}],"line":48},"7":{"loc":{"start":{"line":54,"column":7},"end":{"line":54,"column":70}},"type":"binary-expr","locations":[{"start":{"line":54,"column":7},"end":{"line":54,"column":12}},{"start":{"line":54,"column":16},"end":{"line":54,"column":70}}],"line":54},"8":{"loc":{"start":{"line":65,"column":2},"end":{"line":67,"column":3}},"type":"if","locations":[{"start":{"line":65,"column":2},"end":{"line":67,"column":3}},{"start":{},"end":{}}],"line":65},"9":{"loc":{"start":{"line":71,"column":7},"end":{"line":76,"column":7}},"type":"binary-expr","locations":[{"start":{"line":71,"column":7},"end":{"line":71,"column":57}},{"start":{"line":72,"column":8},"end":{"line":75,"column":14}}],"line":71},"10":{"loc":{"start":{"line":109,"column":14},"end":{"line":127,"column":15}},"type":"if","locations":[{"start":{"line":109,"column":14},"end":{"line":127,"column":15}},{"start":{"line":122,"column":21},"end":{"line":127,"column":15}}],"line":109},"11":{"loc":{"start":{"line":151,"column":11},"end":{"line":154,"column":11}},"type":"binary-expr","locations":[{"start":{"line":151,"column":11},"end":{"line":151,"column":24}},{"start":{"line":153,"column":12},"end":{"line":153,"column":60}}],"line":151}},"s":{"0":3,"1":3,"2":3,"3":3,"4":3,"5":3,"6":3,"7":3,"8":3,"9":0,"10":3,"11":3,"12":3,"13":3,"14":3,"15":3,"16":3,"17":0,"18":3,"19":0,"20":0,"21":0,"22":0,"23":0,"24":0,"25":0,"26":0,"27":0},"f":{"0":3,"1":3,"2":0,"3":3,"4":0,"5":0,"6":0},"b":{"0":[3,0],"1":[0,3],"2":[3,0],"3":[3,0],"4":[0,3],"5":[0,3],"6":[0,3],"7":[3,0],"8":[0,3],"9":[3,0],"10":[0,0],"11":[3,0]},"_coverageSchema":"1a1c01bbd47fc00a2c39e90264f33305004495a9","hash":"ee3a139d781db632562f0c73ba08ba12f3cef000"}
,"C:\\Users\\anbra\\OneDrive\\Desktop\\CTD\\ProyectoDigitalBooking\\grupo-3\\front\\src\\components\\Logo\\Logo.jsx": {"path":"C:\\Users\\anbra\\OneDrive\\Desktop\\CTD\\ProyectoDigitalBooking\\grupo-3\\front\\src\\components\\Logo\\Logo.jsx","statementMap":{"0":{"start":{"line":8,"column":43},"end":{"line":8,"column":68}},"1":{"start":{"line":10,"column":32},"end":{"line":12,"column":5}},"2":{"start":{"line":11,"column":8},"end":{"line":11,"column":40}},"3":{"start":{"line":11,"column":23},"end":{"line":11,"column":40}},"4":{"start":{"line":14,"column":4},"end":{"line":19,"column":7}}},"fnMap":{"0":{"name":"Logo","decl":{"start":{"line":7,"column":9},"end":{"line":7,"column":13}},"loc":{"start":{"line":7,"column":16},"end":{"line":20,"column":1}},"line":7},"1":{"name":"(anonymous_1)","decl":{"start":{"line":10,"column":32},"end":{"line":10,"column":33}},"loc":{"start":{"line":10,"column":38},"end":{"line":12,"column":5}},"line":10}},"branchMap":{"0":{"loc":{"start":{"line":11,"column":8},"end":{"line":11,"column":40}},"type":"if","locations":[{"start":{"line":11,"column":8},"end":{"line":11,"column":40}},{"start":{},"end":{}}],"line":11}},"s":{"0":14,"1":14,"2":0,"3":0,"4":14},"f":{"0":14,"1":0},"b":{"0":[0,0]},"_coverageSchema":"1a1c01bbd47fc00a2c39e90264f33305004495a9","hash":"bf75de87e7e8206e54baa18fe8411c9c9901fd9d"}
,"C:\\Users\\anbra\\OneDrive\\Desktop\\CTD\\ProyectoDigitalBooking\\grupo-3\\front\\src\\components\\ModalMap\\ModalMap.jsx": {"path":"C:\\Users\\anbra\\OneDrive\\Desktop\\CTD\\ProyectoDigitalBooking\\grupo-3\\front\\src\\components\\ModalMap\\ModalMap.jsx","statementMap":{"0":{"start":{"line":5,"column":2},"end":{"line":29,"column":4}}},"fnMap":{"0":{"name":"ModalMap","decl":{"start":{"line":4,"column":9},"end":{"line":4,"column":17}},"loc":{"start":{"line":4,"column":77},"end":{"line":30,"column":1}},"line":4}},"branchMap":{"0":{"loc":{"start":{"line":6,"column":4},"end":{"line":28,"column":5}},"type":"binary-expr","locations":[{"start":{"line":6,"column":4},"end":{"line":6,"column":11}},{"start":{"line":7,"column":6},"end":{"line":27,"column":12}}],"line":6}},"s":{"0":1},"f":{"0":1},"b":{"0":[1,0]},"_coverageSchema":"1a1c01bbd47fc00a2c39e90264f33305004495a9","hash":"5d70c97a4c84228711523e5c38fd39916f8be05d"}
,"C:\\Users\\anbra\\OneDrive\\Desktop\\CTD\\ProyectoDigitalBooking\\grupo-3\\front\\src\\components\\Paginador\\Paginador.jsx": {"path":"C:\\Users\\anbra\\OneDrive\\Desktop\\CTD\\ProyectoDigitalBooking\\grupo-3\\front\\src\\components\\Paginador\\Paginador.jsx","statementMap":{"0":{"start":{"line":6,"column":25},"end":{"line":6,"column":50}},"1":{"start":{"line":8,"column":17},"end":{"line":8,"column":19}},"2":{"start":{"line":9,"column":2},"end":{"line":11,"column":3}},"3":{"start":{"line":9,"column":15},"end":{"line":9,"column":16}},"4":{"start":{"line":10,"column":4},"end":{"line":10,"column":21}},"5":{"start":{"line":13,"column":2},"end":{"line":26,"column":4}},"6":{"start":{"line":17,"column":10},"end":{"line":23,"column":14}},"7":{"start":{"line":20,"column":27},"end":{"line":20,"column":42}}},"fnMap":{"0":{"name":"Paginador","decl":{"start":{"line":5,"column":9},"end":{"line":5,"column":18}},"loc":{"start":{"line":5,"column":53},"end":{"line":27,"column":1}},"line":5},"1":{"name":"(anonymous_1)","decl":{"start":{"line":16,"column":22},"end":{"line":16,"column":23}},"loc":{"start":{"line":17,"column":10},"end":{"line":23,"column":14}},"line":17},"2":{"name":"(anonymous_2)","decl":{"start":{"line":20,"column":21},"end":{"line":20,"column":22}},"loc":{"start":{"line":20,"column":27},"end":{"line":20,"column":42}},"line":20}},"branchMap":{"0":{"loc":{"start":{"line":15,"column":7},"end":{"line":24,"column":10}},"type":"binary-expr","locations":[{"start":{"line":15,"column":7},"end":{"line":15,"column":18}},{"start":{"line":16,"column":8},"end":{"line":24,"column":10}}],"line":15},"1":{"loc":{"start":{"line":19,"column":53},"end":{"line":19,"column":77}},"type":"binary-expr","locations":[{"start":{"line":19,"column":53},"end":{"line":19,"column":65}},{"start":{"line":19,"column":69},"end":{"line":19,"column":77}}],"line":19}},"s":{"0":4,"1":4,"2":4,"3":4,"4":20,"5":4,"6":20,"7":0},"f":{"0":4,"1":20,"2":0},"b":{"0":[4,3],"1":[20,1]},"_coverageSchema":"1a1c01bbd47fc00a2c39e90264f33305004495a9","hash":"e8761caa33aa7215f9c46d687e57a99e2cdc8613"}
,"C:\\Users\\anbra\\OneDrive\\Desktop\\CTD\\ProyectoDigitalBooking\\grupo-3\\front\\src\\components\\ProductoCaracteristicas\\ProductoCaracteristicas.jsx": {"path":"C:\\Users\\anbra\\OneDrive\\Desktop\\CTD\\ProyectoDigitalBooking\\grupo-3\\front\\src\\components\\ProductoCaracteristicas\\ProductoCaracteristicas.jsx","statementMap":{"0":{"start":{"line":7,"column":21},"end":{"line":7,"column":44}},"1":{"start":{"line":9,"column":4},"end":{"line":20,"column":7}},"2":{"start":{"line":15,"column":70},"end":{"line":15,"column":141}}},"fnMap":{"0":{"name":"ProductoCaracteristicas","decl":{"start":{"line":5,"column":9},"end":{"line":5,"column":32}},"loc":{"start":{"line":5,"column":35},"end":{"line":21,"column":1}},"line":5},"1":{"name":"(anonymous_1)","decl":{"start":{"line":15,"column":51},"end":{"line":15,"column":52}},"loc":{"start":{"line":15,"column":70},"end":{"line":15,"column":141}},"line":15}},"branchMap":{"0":{"loc":{"start":{"line":14,"column":20},"end":{"line":16,"column":50}},"type":"cond-expr","locations":[{"start":{"line":15,"column":25},"end":{"line":15,"column":142}},{"start":{"line":16,"column":22},"end":{"line":16,"column":50}}],"line":14}},"s":{"0":1,"1":1,"2":2},"f":{"0":1,"1":2},"b":{"0":[1,0]},"_coverageSchema":"1a1c01bbd47fc00a2c39e90264f33305004495a9","hash":"e2923f18acb4628d652907de76f4896732ff85a6"}
,"C:\\Users\\anbra\\OneDrive\\Desktop\\CTD\\ProyectoDigitalBooking\\grupo-3\\front\\src\\components\\ProductoDescripcion\\ProductoDescripcion.jsx": {"path":"C:\\Users\\anbra\\OneDrive\\Desktop\\CTD\\ProyectoDigitalBooking\\grupo-3\\front\\src\\components\\ProductoDescripcion\\ProductoDescripcion.jsx","statementMap":{"0":{"start":{"line":7,"column":21},"end":{"line":7,"column":44}},"1":{"start":{"line":9,"column":4},"end":{"line":14,"column":7}}},"fnMap":{"0":{"name":"ProductoDescripcion","decl":{"start":{"line":5,"column":9},"end":{"line":5,"column":28}},"loc":{"start":{"line":5,"column":31},"end":{"line":15,"column":1}},"line":5}},"branchMap":{},"s":{"0":1,"1":1},"f":{"0":1},"b":{},"_coverageSchema":"1a1c01bbd47fc00a2c39e90264f33305004495a9","hash":"bf7ad363536864b0fa75cb20110bdb7f918082d5"}
,"C:\\Users\\anbra\\OneDrive\\Desktop\\CTD\\ProyectoDigitalBooking\\grupo-3\\front\\src\\components\\ProductoDisponibilidad\\ProductoDisponibilidad.jsx": {"path":"C:\\Users\\anbra\\OneDrive\\Desktop\\CTD\\ProyectoDigitalBooking\\grupo-3\\front\\src\\components\\ProductoDisponibilidad\\ProductoDisponibilidad.jsx","statementMap":{"0":{"start":{"line":12,"column":28},"end":{"line":12,"column":55}},"1":{"start":{"line":14,"column":23},"end":{"line":14,"column":56}},"2":{"start":{"line":14,"column":29},"end":{"line":14,"column":56}},"3":{"start":{"line":15,"column":2},"end":{"line":18,"column":9}},"4":{"start":{"line":16,"column":4},"end":{"line":16,"column":52}},"5":{"start":{"line":17,"column":4},"end":{"line":17,"column":68}},"6":{"start":{"line":17,"column":17},"end":{"line":17,"column":67}},"7":{"start":{"line":22,"column":6},"end":{"line":22,"column":31}},"8":{"start":{"line":23,"column":19},"end":{"line":23,"column":42}},"9":{"start":{"line":24,"column":23},"end":{"line":24,"column":46}},"10":{"start":{"line":26,"column":2},"end":{"line":61,"column":4}}},"fnMap":{"0":{"name":"ProductoDisponibilidad","decl":{"start":{"line":11,"column":9},"end":{"line":11,"column":31}},"loc":{"start":{"line":11,"column":40},"end":{"line":62,"column":1}},"line":11},"1":{"name":"(anonymous_1)","decl":{"start":{"line":14,"column":23},"end":{"line":14,"column":24}},"loc":{"start":{"line":14,"column":29},"end":{"line":14,"column":56}},"line":14},"2":{"name":"(anonymous_2)","decl":{"start":{"line":15,"column":12},"end":{"line":15,"column":13}},"loc":{"start":{"line":15,"column":18},"end":{"line":18,"column":3}},"line":15},"3":{"name":"(anonymous_3)","decl":{"start":{"line":17,"column":11},"end":{"line":17,"column":12}},"loc":{"start":{"line":17,"column":17},"end":{"line":17,"column":67}},"line":17}},"branchMap":{"0":{"loc":{"start":{"line":32,"column":25},"end":{"line":32,"column":44}},"type":"cond-expr","locations":[{"start":{"line":32,"column":39},"end":{"line":32,"column":40}},{"start":{"line":32,"column":43},"end":{"line":32,"column":44}}],"line":32},"1":{"loc":{"start":{"line":36,"column":26},"end":{"line":36,"column":77}},"type":"binary-expr","locations":[{"start":{"line":36,"column":26},"end":{"line":36,"column":34}},{"start":{"line":36,"column":38},"end":{"line":36,"column":77}}],"line":36},"2":{"loc":{"start":{"line":47,"column":26},"end":{"line":47,"column":69}},"type":"cond-expr","locations":[{"start":{"line":47,"column":33},"end":{"line":47,"column":58}},{"start":{"line":47,"column":61},"end":{"line":47,"column":69}}],"line":47},"3":{"loc":{"start":{"line":48,"column":23},"end":{"line":51,"column":17}},"type":"binary-expr","locations":[{"start":{"line":48,"column":23},"end":{"line":48,"column":28}},{"start":{"line":48,"column":32},"end":{"line":51,"column":17}}],"line":48}},"s":{"0":1,"1":1,"2":0,"3":1,"4":1,"5":1,"6":1,"7":1,"8":1,"9":1,"10":1},"f":{"0":1,"1":0,"2":1,"3":1},"b":{"0":[1,0],"1":[1,1],"2":[0,1],"3":[1,1]},"_coverageSchema":"1a1c01bbd47fc00a2c39e90264f33305004495a9","hash":"50e5c35361a22c229fce413ec2abf277de02f918"}
,"C:\\Users\\anbra\\OneDrive\\Desktop\\CTD\\ProyectoDigitalBooking\\grupo-3\\front\\src\\components\\ProductoHeader\\ProductoHeader.jsx": {"path":"C:\\Users\\anbra\\OneDrive\\Desktop\\CTD\\ProyectoDigitalBooking\\grupo-3\\front\\src\\components\\ProductoHeader\\ProductoHeader.jsx","statementMap":{"0":{"start":{"line":8,"column":21},"end":{"line":8,"column":44}},"1":{"start":{"line":9,"column":34},"end":{"line":9,"column":38}},"2":{"start":{"line":11,"column":20},"end":{"line":11,"column":32}},"3":{"start":{"line":13,"column":4},"end":{"line":21,"column":7}},"4":{"start":{"line":19,"column":35},"end":{"line":19,"column":51}}},"fnMap":{"0":{"name":"ProductoHeader","decl":{"start":{"line":6,"column":9},"end":{"line":6,"column":23}},"loc":{"start":{"line":6,"column":26},"end":{"line":22,"column":1}},"line":6},"1":{"name":"(anonymous_1)","decl":{"start":{"line":19,"column":29},"end":{"line":19,"column":30}},"loc":{"start":{"line":19,"column":35},"end":{"line":19,"column":51}},"line":19}},"branchMap":{},"s":{"0":1,"1":1,"2":1,"3":1,"4":0},"f":{"0":1,"1":0},"b":{},"_coverageSchema":"1a1c01bbd47fc00a2c39e90264f33305004495a9","hash":"c0e161391c77ffa205a388c1595b747b4c9a108d"}
,"C:\\Users\\anbra\\OneDrive\\Desktop\\CTD\\ProyectoDigitalBooking\\grupo-3\\front\\src\\components\\ProductoImagenes\\ProductoImagenes.jsx": {"path":"C:\\Users\\anbra\\OneDrive\\Desktop\\CTD\\ProyectoDigitalBooking\\grupo-3\\front\\src\\components\\ProductoImagenes\\ProductoImagenes.jsx","statementMap":{"0":{"start":{"line":9,"column":19},"end":{"line":9,"column":42}},"1":{"start":{"line":10,"column":18},"end":{"line":13,"column":5}},"2":{"start":{"line":10,"column":50},"end":{"line":13,"column":3}},"3":{"start":{"line":15,"column":30},"end":{"line":15,"column":45}},"4":{"start":{"line":17,"column":29},"end":{"line":17,"column":61}},"5":{"start":{"line":18,"column":30},"end":{"line":18,"column":38}},"6":{"start":{"line":21,"column":29},"end":{"line":26,"column":3}},"7":{"start":{"line":22,"column":4},"end":{"line":24,"column":5}},"8":{"start":{"line":23,"column":6},"end":{"line":23,"column":13}},"9":{"start":{"line":25,"column":4},"end":{"line":25,"column":21}},"10":{"start":{"line":29,"column":2},"end":{"line":41,"column":15}},"11":{"start":{"line":30,"column":4},"end":{"line":36,"column":5}},"12":{"start":{"line":31,"column":6},"end":{"line":31,"column":63}},"13":{"start":{"line":32,"column":6},"end":{"line":32,"column":63}},"14":{"start":{"line":34,"column":6},"end":{"line":34,"column":66}},"15":{"start":{"line":35,"column":6},"end":{"line":35,"column":61}},"16":{"start":{"line":38,"column":4},"end":{"line":40,"column":6}},"17":{"start":{"line":39,"column":6},"end":{"line":39,"column":66}},"18":{"start":{"line":43,"column":2},"end":{"line":45,"column":3}},"19":{"start":{"line":44,"column":4},"end":{"line":44,"column":21}},"20":{"start":{"line":47,"column":2},"end":{"line":92,"column":4}},"21":{"start":{"line":53,"column":14},"end":{"line":55,"column":20}},"22":{"start":{"line":64,"column":29},"end":{"line":64,"column":47}},"23":{"start":{"line":78,"column":33},"end":{"line":78,"column":49}}},"fnMap":{"0":{"name":"ProductoImagenes","decl":{"start":{"line":8,"column":9},"end":{"line":8,"column":25}},"loc":{"start":{"line":8,"column":28},"end":{"line":93,"column":1}},"line":8},"1":{"name":"(anonymous_1)","decl":{"start":{"line":10,"column":37},"end":{"line":10,"column":38}},"loc":{"start":{"line":10,"column":50},"end":{"line":13,"column":3}},"line":10},"2":{"name":"(anonymous_2)","decl":{"start":{"line":21,"column":29},"end":{"line":21,"column":30}},"loc":{"start":{"line":21,"column":36},"end":{"line":26,"column":3}},"line":21},"3":{"name":"(anonymous_3)","decl":{"start":{"line":29,"column":12},"end":{"line":29,"column":13}},"loc":{"start":{"line":29,"column":18},"end":{"line":41,"column":3}},"line":29},"4":{"name":"(anonymous_4)","decl":{"start":{"line":38,"column":11},"end":{"line":38,"column":12}},"loc":{"start":{"line":38,"column":17},"end":{"line":40,"column":5}},"line":38},"5":{"name":"(anonymous_5)","decl":{"start":{"line":52,"column":37},"end":{"line":52,"column":38}},"loc":{"start":{"line":53,"column":14},"end":{"line":55,"column":20}},"line":53},"6":{"name":"(anonymous_6)","decl":{"start":{"line":64,"column":23},"end":{"line":64,"column":24}},"loc":{"start":{"line":64,"column":29},"end":{"line":64,"column":47}},"line":64},"7":{"name":"(anonymous_7)","decl":{"start":{"line":78,"column":27},"end":{"line":78,"column":28}},"loc":{"start":{"line":78,"column":33},"end":{"line":78,"column":49}},"line":78}},"branchMap":{"0":{"loc":{"start":{"line":22,"column":4},"end":{"line":24,"column":5}},"type":"if","locations":[{"start":{"line":22,"column":4},"end":{"line":24,"column":5}},{"start":{},"end":{}}],"line":22},"1":{"loc":{"start":{"line":30,"column":4},"end":{"line":36,"column":5}},"type":"if","locations":[{"start":{"line":30,"column":4},"end":{"line":36,"column":5}},{"start":{"line":33,"column":11},"end":{"line":36,"column":5}}],"line":30},"2":{"loc":{"start":{"line":43,"column":2},"end":{"line":45,"column":3}},"type":"if","locations":[{"start":{"line":43,"column":2},"end":{"line":45,"column":3}},{"start":{},"end":{}}],"line":43},"3":{"loc":{"start":{"line":43,"column":6},"end":{"line":43,"column":35}},"type":"binary-expr","locations":[{"start":{"line":43,"column":6},"end":{"line":43,"column":25}},{"start":{"line":43,"column":29},"end":{"line":43,"column":35}}],"line":43},"4":{"loc":{"start":{"line":49,"column":7},"end":{"line":90,"column":7}},"type":"cond-expr","locations":[{"start":{"line":50,"column":8},"end":{"line":83,"column":11}},{"start":{"line":87,"column":8},"end":{"line":89,"column":14}}],"line":49},"5":{"loc":{"start":{"line":70,"column":11},"end":{"line":82,"column":11}},"type":"binary-expr","locations":[{"start":{"line":70,"column":11},"end":{"line":70,"column":17}},{"start":{"line":71,"column":12},"end":{"line":81,"column":18}}],"line":70}},"s":{"0":1,"1":1,"2":5,"3":1,"4":1,"5":1,"6":1,"7":0,"8":0,"9":0,"10":1,"11":1,"12":0,"13":0,"14":1,"15":1,"16":1,"17":1,"18":1,"19":0,"20":1,"21":0,"22":0,"23":0},"f":{"0":1,"1":5,"2":0,"3":1,"4":1,"5":0,"6":0,"7":0},"b":{"0":[0,0],"1":[0,1],"2":[0,1],"3":[1,1],"4":[0,1],"5":[0,0]},"_coverageSchema":"1a1c01bbd47fc00a2c39e90264f33305004495a9","hash":"578b8c3704f169089e5f04382d232fb89c4e241c"}
,"C:\\Users\\anbra\\OneDrive\\Desktop\\CTD\\ProyectoDigitalBooking\\grupo-3\\front\\src\\components\\ProductoImagenes\\ProductoImagenesGaleria.jsx": {"path":"C:\\Users\\anbra\\OneDrive\\Desktop\\CTD\\ProyectoDigitalBooking\\grupo-3\\front\\src\\components\\ProductoImagenes\\ProductoImagenesGaleria.jsx","statementMap":{"0":{"start":{"line":6,"column":2},"end":{"line":16,"column":3}},"1":{"start":{"line":20,"column":2},"end":{"line":28,"column":11}},"2":{"start":{"line":33,"column":16},"end":{"line":54,"column":3}},"3":{"start":{"line":35,"column":6},"end":{"line":44,"column":7}},"4":{"start":{"line":56,"column":2},"end":{"line":66,"column":8}}},"fnMap":{"0":{"name":"renderRightNav","decl":{"start":{"line":5,"column":9},"end":{"line":5,"column":23}},"loc":{"start":{"line":5,"column":43},"end":{"line":17,"column":1}},"line":5},"1":{"name":"renderLeftNav","decl":{"start":{"line":19,"column":9},"end":{"line":19,"column":22}},"loc":{"start":{"line":19,"column":42},"end":{"line":29,"column":1}},"line":19},"2":{"name":"ProductoImagenesGaleria","decl":{"start":{"line":31,"column":9},"end":{"line":31,"column":32}},"loc":{"start":{"line":31,"column":55},"end":{"line":67,"column":1}},"line":31},"3":{"name":"(anonymous_3)","decl":{"start":{"line":34,"column":23},"end":{"line":34,"column":24}},"loc":{"start":{"line":35,"column":6},"end":{"line":44,"column":7}},"line":35}},"branchMap":{},"s":{"0":1,"1":1,"2":1,"3":2,"4":1},"f":{"0":1,"1":1,"2":1,"3":2},"b":{},"_coverageSchema":"1a1c01bbd47fc00a2c39e90264f33305004495a9","hash":"52ecf2a28dfa74a8ff78c8ad0f4fed48cda7272c"}
,"C:\\Users\\anbra\\OneDrive\\Desktop\\CTD\\ProyectoDigitalBooking\\grupo-3\\front\\src\\components\\ProductoImagenes\\ProductoImagenesGaleriaMini.jsx": {"path":"C:\\Users\\anbra\\OneDrive\\Desktop\\CTD\\ProyectoDigitalBooking\\grupo-3\\front\\src\\components\\ProductoImagenes\\ProductoImagenesGaleriaMini.jsx","statementMap":{"0":{"start":{"line":7,"column":16},"end":{"line":28,"column":3}},"1":{"start":{"line":9,"column":6},"end":{"line":18,"column":7}},"2":{"start":{"line":30,"column":2},"end":{"line":33,"column":8}}},"fnMap":{"0":{"name":"ProductoImagenesGaleriaMini","decl":{"start":{"line":5,"column":9},"end":{"line":5,"column":36}},"loc":{"start":{"line":5,"column":50},"end":{"line":34,"column":1}},"line":5},"1":{"name":"(anonymous_1)","decl":{"start":{"line":8,"column":23},"end":{"line":8,"column":24}},"loc":{"start":{"line":9,"column":6},"end":{"line":18,"column":7}},"line":9}},"branchMap":{},"s":{"0":2,"1":6,"2":2},"f":{"0":2,"1":6},"b":{},"_coverageSchema":"1a1c01bbd47fc00a2c39e90264f33305004495a9","hash":"9d780751bab4c2a1174488d232b2a90383b947b7"}
,"C:\\Users\\anbra\\OneDrive\\Desktop\\CTD\\ProyectoDigitalBooking\\grupo-3\\front\\src\\components\\ProductoMapa\\ProductoMapa.jsx": {"path":"C:\\Users\\anbra\\OneDrive\\Desktop\\CTD\\ProyectoDigitalBooking\\grupo-3\\front\\src\\components\\ProductoMapa\\ProductoMapa.jsx","statementMap":{"0":{"start":{"line":7,"column":21},"end":{"line":7,"column":44}},"1":{"start":{"line":8,"column":50},"end":{"line":8,"column":54}},"2":{"start":{"line":10,"column":4},"end":{"line":26,"column":5}}},"fnMap":{"0":{"name":"ProductoMapa","decl":{"start":{"line":6,"column":16},"end":{"line":6,"column":28}},"loc":{"start":{"line":6,"column":31},"end":{"line":27,"column":1}},"line":6}},"branchMap":{},"s":{"0":1,"1":1,"2":1},"f":{"0":1},"b":{},"_coverageSchema":"1a1c01bbd47fc00a2c39e90264f33305004495a9","hash":"02cbf72d129ca32e1543366c0508dedf11e09219"}
,"C:\\Users\\anbra\\OneDrive\\Desktop\\CTD\\ProyectoDigitalBooking\\grupo-3\\front\\src\\components\\ProductoPoliticas\\ProductoPoliticas.jsx": {"path":"C:\\Users\\anbra\\OneDrive\\Desktop\\CTD\\ProyectoDigitalBooking\\grupo-3\\front\\src\\components\\ProductoPoliticas\\ProductoPoliticas.jsx","statementMap":{"0":{"start":{"line":6,"column":19},"end":{"line":6,"column":42}},"1":{"start":{"line":8,"column":2},"end":{"line":24,"column":4}},"2":{"start":{"line":14,"column":10},"end":{"line":20,"column":16}},"3":{"start":{"line":18,"column":14},"end":{"line":18,"column":37}}},"fnMap":{"0":{"name":"ProductoPoliticas","decl":{"start":{"line":5,"column":9},"end":{"line":5,"column":26}},"loc":{"start":{"line":5,"column":29},"end":{"line":25,"column":1}},"line":5},"1":{"name":"(anonymous_1)","decl":{"start":{"line":13,"column":30},"end":{"line":13,"column":31}},"loc":{"start":{"line":14,"column":10},"end":{"line":20,"column":16}},"line":14},"2":{"name":"(anonymous_2)","decl":{"start":{"line":17,"column":50},"end":{"line":17,"column":51}},"loc":{"start":{"line":18,"column":14},"end":{"line":18,"column":37}},"line":18}},"branchMap":{},"s":{"0":1,"1":1,"2":1,"3":1},"f":{"0":1,"1":1,"2":1},"b":{},"_coverageSchema":"1a1c01bbd47fc00a2c39e90264f33305004495a9","hash":"bbe13cbd3c47888f0d5695252f09b173c0f6c0da"}
,"C:\\Users\\anbra\\OneDrive\\Desktop\\CTD\\ProyectoDigitalBooking\\grupo-3\\front\\src\\components\\ProductoSocials\\ProductoSocials.jsx": {"path":"C:\\Users\\anbra\\OneDrive\\Desktop\\CTD\\ProyectoDigitalBooking\\grupo-3\\front\\src\\components\\ProductoSocials\\ProductoSocials.jsx","statementMap":{"0":{"start":{"line":7,"column":18},"end":{"line":50,"column":1}},"1":{"start":{"line":8,"column":14},"end":{"line":8,"column":90}},"2":{"start":{"line":9,"column":16},"end":{"line":9,"column":47}},"3":{"start":{"line":11,"column":2},"end":{"line":49,"column":4}},"4":{"start":{"line":53,"column":36},"end":{"line":53,"column":51}},"5":{"start":{"line":54,"column":44},"end":{"line":54,"column":67}},"6":{"start":{"line":55,"column":2},"end":{"line":68,"column":4}},"7":{"start":{"line":62,"column":25},"end":{"line":62,"column":49}}},"fnMap":{"0":{"name":"(anonymous_0)","decl":{"start":{"line":7,"column":18},"end":{"line":7,"column":19}},"loc":{"start":{"line":7,"column":31},"end":{"line":50,"column":1}},"line":7},"1":{"name":"ProductoSocials","decl":{"start":{"line":52,"column":9},"end":{"line":52,"column":24}},"loc":{"start":{"line":52,"column":27},"end":{"line":69,"column":1}},"line":52},"2":{"name":"(anonymous_2)","decl":{"start":{"line":62,"column":19},"end":{"line":62,"column":20}},"loc":{"start":{"line":62,"column":25},"end":{"line":62,"column":49}},"line":62}},"branchMap":{"0":{"loc":{"start":{"line":64,"column":9},"end":{"line":64,"column":54}},"type":"binary-expr","locations":[{"start":{"line":64,"column":9},"end":{"line":64,"column":19}},{"start":{"line":64,"column":23},"end":{"line":64,"column":54}}],"line":64}},"s":{"0":3,"1":1,"2":1,"3":1,"4":3,"5":3,"6":3,"7":1},"f":{"0":1,"1":3,"2":1},"b":{"0":[3,1]},"_coverageSchema":"1a1c01bbd47fc00a2c39e90264f33305004495a9","hash":"e95eae3ca1acc7618dbe0b0e2c8cd129bace0464"}
,"C:\\Users\\anbra\\OneDrive\\Desktop\\CTD\\ProyectoDigitalBooking\\grupo-3\\front\\src\\components\\ProductoUbicacion\\ProductoUbicacion.jsx": {"path":"C:\\Users\\anbra\\OneDrive\\Desktop\\CTD\\ProyectoDigitalBooking\\grupo-3\\front\\src\\components\\ProductoUbicacion\\ProductoUbicacion.jsx","statementMap":{"0":{"start":{"line":6,"column":19},"end":{"line":6,"column":42}},"1":{"start":{"line":8,"column":2},"end":{"line":21,"column":4}}},"fnMap":{"0":{"name":"ProductoUbicacion","decl":{"start":{"line":5,"column":9},"end":{"line":5,"column":26}},"loc":{"start":{"line":5,"column":29},"end":{"line":22,"column":1}},"line":5}},"branchMap":{},"s":{"0":1,"1":1},"f":{"0":1},"b":{},"_coverageSchema":"1a1c01bbd47fc00a2c39e90264f33305004495a9","hash":"b20737fada5e779e45f72fd54c88c02bac3f15e6"}
,"C:\\Users\\anbra\\OneDrive\\Desktop\\CTD\\ProyectoDigitalBooking\\grupo-3\\front\\src\\components\\RedesSociales\\RedesSociales.jsx": {"path":"C:\\Users\\anbra\\OneDrive\\Desktop\\CTD\\ProyectoDigitalBooking\\grupo-3\\front\\src\\components\\RedesSociales\\RedesSociales.jsx","statementMap":{"0":{"start":{"line":4,"column":2},"end":{"line":27,"column":4}}},"fnMap":{"0":{"name":"RedesSociales","decl":{"start":{"line":3,"column":9},"end":{"line":3,"column":22}},"loc":{"start":{"line":3,"column":38},"end":{"line":28,"column":1}},"line":3}},"branchMap":{"0":{"loc":{"start":{"line":5,"column":40},"end":{"line":5,"column":66}},"type":"cond-expr","locations":[{"start":{"line":5,"column":52},"end":{"line":5,"column":61}},{"start":{"line":5,"column":64},"end":{"line":5,"column":66}}],"line":5}},"s":{"0":27},"f":{"0":27},"b":{"0":[0,27]},"_coverageSchema":"1a1c01bbd47fc00a2c39e90264f33305004495a9","hash":"54ce1ac3220399c56fb30671610d3b103e6d09be"}
,"C:\\Users\\anbra\\OneDrive\\Desktop\\CTD\\ProyectoDigitalBooking\\grupo-3\\front\\src\\components\\Registro\\Registro.jsx": {"path":"C:\\Users\\anbra\\OneDrive\\Desktop\\CTD\\ProyectoDigitalBooking\\grupo-3\\front\\src\\components\\Registro\\Registro.jsx","statementMap":{"0":{"start":{"line":9,"column":18},"end":{"line":28,"column":1}},"1":{"start":{"line":11,"column":24},"end":{"line":11,"column":39}},"2":{"start":{"line":12,"column":16},"end":{"line":12,"column":42}},"3":{"start":{"line":14,"column":2},"end":{"line":27,"column":4}},"4":{"start":{"line":30,"column":22},"end":{"line":57,"column":1}},"5":{"start":{"line":31,"column":24},"end":{"line":31,"column":39}},"6":{"start":{"line":32,"column":34},"end":{"line":32,"column":49}},"7":{"start":{"line":33,"column":16},"end":{"line":33,"column":42}},"8":{"start":{"line":35,"column":2},"end":{"line":56,"column":4}},"9":{"start":{"line":50,"column":23},"end":{"line":50,"column":45}},"10":{"start":{"line":60,"column":23},"end":{"line":60,"column":34}},"11":{"start":{"line":61,"column":27},"end":{"line":61,"column":50}},"12":{"start":{"line":62,"column":18},"end":{"line":62,"column":30}},"13":{"start":{"line":63,"column":44},"end":{"line":63,"column":56}},"14":{"start":{"line":65,"column":2},"end":{"line":193,"column":4}},"15":{"start":{"line":95,"column":27},"end":{"line":100,"column":11}},"16":{"start":{"line":102,"column":27},"end":{"line":108,"column":11}},"17":{"start":{"line":111,"column":10},"end":{"line":133,"column":13}},"18":{"start":{"line":112,"column":28},"end":{"line":112,"column":43}},"19":{"start":{"line":114,"column":14},"end":{"line":132,"column":15}},"20":{"start":{"line":116,"column":33},"end":{"line":122,"column":17}},"21":{"start":{"line":123,"column":16},"end":{"line":123,"column":39}},"22":{"start":{"line":126,"column":16},"end":{"line":126,"column":34}},"23":{"start":{"line":129,"column":16},"end":{"line":131,"column":18}}},"fnMap":{"0":{"name":"(anonymous_0)","decl":{"start":{"line":9,"column":18},"end":{"line":9,"column":19}},"loc":{"start":{"line":9,"column":43},"end":{"line":28,"column":1}},"line":9},"1":{"name":"(anonymous_1)","decl":{"start":{"line":30,"column":22},"end":{"line":30,"column":23}},"loc":{"start":{"line":30,"column":47},"end":{"line":57,"column":1}},"line":30},"2":{"name":"(anonymous_2)","decl":{"start":{"line":50,"column":17},"end":{"line":50,"column":18}},"loc":{"start":{"line":50,"column":23},"end":{"line":50,"column":45}},"line":50},"3":{"name":"Registro","decl":{"start":{"line":59,"column":9},"end":{"line":59,"column":17}},"loc":{"start":{"line":59,"column":20},"end":{"line":194,"column":1}},"line":59},"4":{"name":"(anonymous_4)","decl":{"start":{"line":92,"column":18},"end":{"line":92,"column":19}},"loc":{"start":{"line":92,"column":36},"end":{"line":134,"column":9}},"line":92},"5":{"name":"(anonymous_5)","decl":{"start":{"line":112,"column":16},"end":{"line":112,"column":17}},"loc":{"start":{"line":112,"column":28},"end":{"line":112,"column":43}},"line":112},"6":{"name":"(anonymous_6)","decl":{"start":{"line":113,"column":16},"end":{"line":113,"column":17}},"loc":{"start":{"line":113,"column":24},"end":{"line":133,"column":11}},"line":113}},"branchMap":{"0":{"loc":{"start":{"line":12,"column":16},"end":{"line":12,"column":42}},"type":"binary-expr","locations":[{"start":{"line":12,"column":16},"end":{"line":12,"column":28}},{"start":{"line":12,"column":32},"end":{"line":12,"column":42}}],"line":12},"1":{"loc":{"start":{"line":20,"column":43},"end":{"line":20,"column":73}},"type":"cond-expr","locations":[{"start":{"line":20,"column":51},"end":{"line":20,"column":68}},{"start":{"line":20,"column":71},"end":{"line":20,"column":73}}],"line":20},"2":{"loc":{"start":{"line":25,"column":7},"end":{"line":25,"column":70}},"type":"binary-expr","locations":[{"start":{"line":25,"column":7},"end":{"line":25,"column":12}},{"start":{"line":25,"column":16},"end":{"line":25,"column":70}}],"line":25},"3":{"loc":{"start":{"line":33,"column":16},"end":{"line":33,"column":42}},"type":"binary-expr","locations":[{"start":{"line":33,"column":16},"end":{"line":33,"column":28}},{"start":{"line":33,"column":32},"end":{"line":33,"column":42}}],"line":33},"4":{"loc":{"start":{"line":41,"column":43},"end":{"line":41,"column":73}},"type":"cond-expr","locations":[{"start":{"line":41,"column":51},"end":{"line":41,"column":68}},{"start":{"line":41,"column":71},"end":{"line":41,"column":73}}],"line":41},"5":{"loc":{"start":{"line":44,"column":16},"end":{"line":44,"column":46}},"type":"cond-expr","locations":[{"start":{"line":44,"column":27},"end":{"line":44,"column":33}},{"start":{"line":44,"column":36},"end":{"line":44,"column":46}}],"line":44},"6":{"loc":{"start":{"line":48,"column":31},"end":{"line":48,"column":75}},"type":"cond-expr","locations":[{"start":{"line":48,"column":42},"end":{"line":48,"column":54}},{"start":{"line":48,"column":57},"end":{"line":48,"column":75}}],"line":48},"7":{"loc":{"start":{"line":54,"column":7},"end":{"line":54,"column":70}},"type":"binary-expr","locations":[{"start":{"line":54,"column":7},"end":{"line":54,"column":12}},{"start":{"line":54,"column":16},"end":{"line":54,"column":70}}],"line":54},"8":{"loc":{"start":{"line":114,"column":14},"end":{"line":132,"column":15}},"type":"if","locations":[{"start":{"line":114,"column":14},"end":{"line":132,"column":15}},{"start":{"line":127,"column":21},"end":{"line":132,"column":15}}],"line":114},"9":{"loc":{"start":{"line":180,"column":11},"end":{"line":183,"column":11}},"type":"binary-expr","locations":[{"start":{"line":180,"column":11},"end":{"line":180,"column":24}},{"start":{"line":182,"column":12},"end":{"line":182,"column":60}}],"line":180}},"s":{"0":3,"1":8,"2":8,"3":8,"4":3,"5":2,"6":2,"7":2,"8":2,"9":0,"10":2,"11":2,"12":2,"13":2,"14":2,"15":0,"16":0,"17":0,"18":0,"19":0,"20":0,"21":0,"22":0,"23":0},"f":{"0":8,"1":2,"2":0,"3":2,"4":0,"5":0,"6":0},"b":{"0":[8,0],"1":[0,8],"2":[8,0],"3":[2,0],"4":[0,2],"5":[0,2],"6":[0,2],"7":[2,0],"8":[0,0],"9":[2,0]},"_coverageSchema":"1a1c01bbd47fc00a2c39e90264f33305004495a9","hash":"592475475daf48fbdd8f767db7c75d055fb2f499"}
,"C:\\Users\\anbra\\OneDrive\\Desktop\\CTD\\ProyectoDigitalBooking\\grupo-3\\front\\src\\components\\ReservaCalendario\\ReservaCalendario.jsx": {"path":"C:\\Users\\anbra\\OneDrive\\Desktop\\CTD\\ProyectoDigitalBooking\\grupo-3\\front\\src\\components\\ReservaCalendario\\ReservaCalendario.jsx","statementMap":{"0":{"start":{"line":9,"column":28},"end":{"line":9,"column":55}},"1":{"start":{"line":11,"column":23},"end":{"line":11,"column":56}},"2":{"start":{"line":11,"column":29},"end":{"line":11,"column":56}},"3":{"start":{"line":13,"column":2},"end":{"line":16,"column":9}},"4":{"start":{"line":14,"column":4},"end":{"line":14,"column":52}},"5":{"start":{"line":15,"column":4},"end":{"line":15,"column":68}},"6":{"start":{"line":15,"column":17},"end":{"line":15,"column":67}},"7":{"start":{"line":17,"column":23},"end":{"line":17,"column":46}},"8":{"start":{"line":18,"column":25},"end":{"line":20,"column":8}},"9":{"start":{"line":22,"column":24},"end":{"line":28,"column":3}},"10":{"start":{"line":23,"column":4},"end":{"line":27,"column":5}},"11":{"start":{"line":24,"column":6},"end":{"line":24,"column":28}},"12":{"start":{"line":26,"column":6},"end":{"line":26,"column":22}},"13":{"start":{"line":30,"column":2},"end":{"line":47,"column":4}}},"fnMap":{"0":{"name":"ReservaCalendario","decl":{"start":{"line":8,"column":9},"end":{"line":8,"column":26}},"loc":{"start":{"line":8,"column":61},"end":{"line":48,"column":1}},"line":8},"1":{"name":"(anonymous_1)","decl":{"start":{"line":11,"column":23},"end":{"line":11,"column":24}},"loc":{"start":{"line":11,"column":29},"end":{"line":11,"column":56}},"line":11},"2":{"name":"(anonymous_2)","decl":{"start":{"line":13,"column":12},"end":{"line":13,"column":13}},"loc":{"start":{"line":13,"column":18},"end":{"line":16,"column":3}},"line":13},"3":{"name":"(anonymous_3)","decl":{"start":{"line":15,"column":11},"end":{"line":15,"column":12}},"loc":{"start":{"line":15,"column":17},"end":{"line":15,"column":67}},"line":15},"4":{"name":"(anonymous_4)","decl":{"start":{"line":22,"column":24},"end":{"line":22,"column":25}},"loc":{"start":{"line":22,"column":35},"end":{"line":28,"column":3}},"line":22}},"branchMap":{"0":{"loc":{"start":{"line":18,"column":25},"end":{"line":20,"column":8}},"type":"cond-expr","locations":[{"start":{"line":19,"column":6},"end":{"line":19,"column":45}},{"start":{"line":20,"column":6},"end":{"line":20,"column":8}}],"line":18},"1":{"loc":{"start":{"line":23,"column":4},"end":{"line":27,"column":5}},"type":"if","locations":[{"start":{"line":23,"column":4},"end":{"line":27,"column":5}},{"start":{"line":25,"column":11},"end":{"line":27,"column":5}}],"line":23},"2":{"loc":{"start":{"line":35,"column":23},"end":{"line":35,"column":42}},"type":"cond-expr","locations":[{"start":{"line":35,"column":37},"end":{"line":35,"column":38}},{"start":{"line":35,"column":41},"end":{"line":35,"column":42}}],"line":35}},"s":{"0":1,"1":1,"2":0,"3":1,"4":1,"5":1,"6":1,"7":1,"8":1,"9":1,"10":0,"11":0,"12":0,"13":1},"f":{"0":1,"1":0,"2":1,"3":1,"4":0},"b":{"0":[1,0],"1":[0,0],"2":[1,0]},"_coverageSchema":"1a1c01bbd47fc00a2c39e90264f33305004495a9","hash":"40437767a0cf9d3df9b8b80907a05de65f9cd032"}
,"C:\\Users\\anbra\\OneDrive\\Desktop\\CTD\\ProyectoDigitalBooking\\grupo-3\\front\\src\\components\\ReservaDatosUsuario\\ReservaDatosUsuario.jsx": {"path":"C:\\Users\\anbra\\OneDrive\\Desktop\\CTD\\ProyectoDigitalBooking\\grupo-3\\front\\src\\components\\ReservaDatosUsuario\\ReservaDatosUsuario.jsx","statementMap":{"0":{"start":{"line":4,"column":2},"end":{"line":86,"column":4}}},"fnMap":{"0":{"name":"ReservaDatosUsuario","decl":{"start":{"line":3,"column":9},"end":{"line":3,"column":28}},"loc":{"start":{"line":3,"column":61},"end":{"line":87,"column":1}},"line":3}},"branchMap":{},"s":{"0":1},"f":{"0":1},"b":{},"_coverageSchema":"1a1c01bbd47fc00a2c39e90264f33305004495a9","hash":"743a9d5ea030bd49961ec5936525de336b8992ad"}
,"C:\\Users\\anbra\\OneDrive\\Desktop\\CTD\\ProyectoDigitalBooking\\grupo-3\\front\\src\\components\\ReservaDetalle\\ReservaDetalle.jsx": {"path":"C:\\Users\\anbra\\OneDrive\\Desktop\\CTD\\ProyectoDigitalBooking\\grupo-3\\front\\src\\components\\ReservaDetalle\\ReservaDetalle.jsx","statementMap":{"0":{"start":{"line":6,"column":19},"end":{"line":6,"column":42}},"1":{"start":{"line":7,"column":50},"end":{"line":7,"column":54}},"2":{"start":{"line":10,"column":15},"end":{"line":10,"column":29}},"3":{"start":{"line":11,"column":2},"end":{"line":15,"column":37}},"4":{"start":{"line":16,"column":2},"end":{"line":20,"column":34}},"5":{"start":{"line":22,"column":2},"end":{"line":65,"column":4}}},"fnMap":{"0":{"name":"ReservaDetalle","decl":{"start":{"line":5,"column":9},"end":{"line":5,"column":23}},"loc":{"start":{"line":5,"column":48},"end":{"line":66,"column":1}},"line":5}},"branchMap":{"0":{"loc":{"start":{"line":11,"column":2},"end":{"line":15,"column":36}},"type":"cond-expr","locations":[{"start":{"line":12,"column":7},"end":{"line":14,"column":35}},{"start":{"line":15,"column":7},"end":{"line":15,"column":35}}],"line":11},"1":{"loc":{"start":{"line":16,"column":2},"end":{"line":20,"column":33}},"type":"cond-expr","locations":[{"start":{"line":17,"column":7},"end":{"line":19,"column":33}},{"start":{"line":20,"column":7},"end":{"line":20,"column":32}}],"line":16}},"s":{"0":1,"1":1,"2":1,"3":1,"4":1,"5":1},"f":{"0":1},"b":{"0":[1,0],"1":[1,0]},"_coverageSchema":"1a1c01bbd47fc00a2c39e90264f33305004495a9","hash":"3582f0351e8727c36ebaab9bb71856456067b803"}
,"C:\\Users\\anbra\\OneDrive\\Desktop\\CTD\\ProyectoDigitalBooking\\grupo-3\\front\\src\\components\\ReservaHorario\\ReservaHorario.jsx": {"path":"C:\\Users\\anbra\\OneDrive\\Desktop\\CTD\\ProyectoDigitalBooking\\grupo-3\\front\\src\\components\\ReservaHorario\\ReservaHorario.jsx","statementMap":{"0":{"start":{"line":4,"column":2},"end":{"line":46,"column":4}}},"fnMap":{"0":{"name":"ReservaHorario","decl":{"start":{"line":3,"column":9},"end":{"line":3,"column":23}},"loc":{"start":{"line":3,"column":26},"end":{"line":47,"column":1}},"line":3}},"branchMap":{},"s":{"0":1},"f":{"0":1},"b":{},"_coverageSchema":"1a1c01bbd47fc00a2c39e90264f33305004495a9","hash":"19d531f62fe594faa6263538f22ea2be70076c33"}
,"C:\\Users\\anbra\\OneDrive\\Desktop\\CTD\\ProyectoDigitalBooking\\grupo-3\\front\\src\\components\\ReservaOk\\ReservaOk.jsx": {"path":"C:\\Users\\anbra\\OneDrive\\Desktop\\CTD\\ProyectoDigitalBooking\\grupo-3\\front\\src\\components\\ReservaOk\\ReservaOk.jsx","statementMap":{"0":{"start":{"line":6,"column":4},"end":{"line":15,"column":7}}},"fnMap":{"0":{"name":"ReservaOk","decl":{"start":{"line":5,"column":9},"end":{"line":5,"column":18}},"loc":{"start":{"line":5,"column":21},"end":{"line":16,"column":1}},"line":5}},"branchMap":{},"s":{"0":2},"f":{"0":2},"b":{},"_coverageSchema":"1a1c01bbd47fc00a2c39e90264f33305004495a9","hash":"f44c0dff80252f08a432793ea7845c92d83cd6e7"}
,"C:\\Users\\anbra\\OneDrive\\Desktop\\CTD\\ProyectoDigitalBooking\\grupo-3\\front\\src\\components\\SaludoRegistrado\\SaludoRegistrado.jsx": {"path":"C:\\Users\\anbra\\OneDrive\\Desktop\\CTD\\ProyectoDigitalBooking\\grupo-3\\front\\src\\components\\SaludoRegistrado\\SaludoRegistrado.jsx","statementMap":{"0":{"start":{"line":6,"column":27},"end":{"line":6,"column":50}},"1":{"start":{"line":8,"column":15},"end":{"line":10,"column":3}},"2":{"start":{"line":9,"column":4},"end":{"line":9,"column":13}},"3":{"start":{"line":12,"column":2},"end":{"line":30,"column":4}}},"fnMap":{"0":{"name":"SaludoRegistrado","decl":{"start":{"line":5,"column":9},"end":{"line":5,"column":25}},"loc":{"start":{"line":5,"column":52},"end":{"line":31,"column":1}},"line":5},"1":{"name":"(anonymous_1)","decl":{"start":{"line":8,"column":15},"end":{"line":8,"column":16}},"loc":{"start":{"line":8,"column":21},"end":{"line":10,"column":3}},"line":8}},"branchMap":{"0":{"loc":{"start":{"line":13,"column":31},"end":{"line":13,"column":81}},"type":"cond-expr","locations":[{"start":{"line":13,"column":44},"end":{"line":13,"column":59}},{"start":{"line":13,"column":62},"end":{"line":13,"column":81}}],"line":13},"1":{"loc":{"start":{"line":24,"column":7},"end":{"line":28,"column":7}},"type":"binary-expr","locations":[{"start":{"line":24,"column":7},"end":{"line":24,"column":18}},{"start":{"line":25,"column":8},"end":{"line":27,"column":17}}],"line":24}},"s":{"0":1,"1":1,"2":0,"3":1},"f":{"0":1,"1":0},"b":{"0":[0,1],"1":[1,1]},"_coverageSchema":"1a1c01bbd47fc00a2c39e90264f33305004495a9","hash":"a4c008e5b803a4d731dd74d2d2c78bc8fc71db30"}
,"C:\\Users\\anbra\\OneDrive\\Desktop\\CTD\\ProyectoDigitalBooking\\grupo-3\\front\\src\\constants\\index.js": {"path":"C:\\Users\\anbra\\OneDrive\\Desktop\\CTD\\ProyectoDigitalBooking\\grupo-3\\front\\src\\constants\\index.js","statementMap":{"0":{"start":{"line":1,"column":27},"end":{"line":7,"column":1}}},"fnMap":{},"branchMap":{},"s":{"0":18},"f":{},"b":{},"_coverageSchema":"1a1c01bbd47fc00a2c39e90264f33305004495a9","hash":"b91ec4b98521e0b7dc16b5ffa623ae630113dc9b"}
,"C:\\Users\\anbra\\OneDrive\\Desktop\\CTD\\ProyectoDigitalBooking\\grupo-3\\front\\src\\context\\AuthContext.jsx": {"path":"C:\\Users\\anbra\\OneDrive\\Desktop\\CTD\\ProyectoDigitalBooking\\grupo-3\\front\\src\\context\\AuthContext.jsx","statementMap":{"0":{"start":{"line":9,"column":27},"end":{"line":13,"column":2}},"1":{"start":{"line":15,"column":21},"end":{"line":15,"column":32}},"2":{"start":{"line":17,"column":28},"end":{"line":37,"column":1}},"3":{"start":{"line":18,"column":28},"end":{"line":18,"column":42}},"4":{"start":{"line":20,"column":4},"end":{"line":23,"column":13}},"5":{"start":{"line":21,"column":34},"end":{"line":21,"column":50}},"6":{"start":{"line":22,"column":8},"end":{"line":22,"column":58}},"7":{"start":{"line":22,"column":31},"end":{"line":22,"column":58}},"8":{"start":{"line":26,"column":25},"end":{"line":29,"column":5}},"9":{"start":{"line":27,"column":8},"end":{"line":27,"column":26}},"10":{"start":{"line":28,"column":8},"end":{"line":28,"column":33}},"11":{"start":{"line":31,"column":19},"end":{"line":34,"column":5}},"12":{"start":{"line":32,"column":8},"end":{"line":32,"column":22}},"13":{"start":{"line":33,"column":8},"end":{"line":33,"column":28}},"14":{"start":{"line":36,"column":4},"end":{"line":36,"column":82}}},"fnMap":{"0":{"name":"(anonymous_0)","decl":{"start":{"line":11,"column":18},"end":{"line":11,"column":19}},"loc":{"start":{"line":11,"column":24},"end":{"line":11,"column":26}},"line":11},"1":{"name":"(anonymous_1)","decl":{"start":{"line":12,"column":13},"end":{"line":12,"column":14}},"loc":{"start":{"line":12,"column":19},"end":{"line":12,"column":21}},"line":12},"2":{"name":"(anonymous_2)","decl":{"start":{"line":17,"column":28},"end":{"line":17,"column":29}},"loc":{"start":{"line":17,"column":46},"end":{"line":37,"column":1}},"line":17},"3":{"name":"(anonymous_3)","decl":{"start":{"line":20,"column":14},"end":{"line":20,"column":15}},"loc":{"start":{"line":20,"column":20},"end":{"line":23,"column":7}},"line":20},"4":{"name":"(anonymous_4)","decl":{"start":{"line":26,"column":25},"end":{"line":26,"column":26}},"loc":{"start":{"line":26,"column":39},"end":{"line":29,"column":5}},"line":26},"5":{"name":"(anonymous_5)","decl":{"start":{"line":31,"column":19},"end":{"line":31,"column":20}},"loc":{"start":{"line":31,"column":25},"end":{"line":34,"column":5}},"line":31}},"branchMap":{"0":{"loc":{"start":{"line":22,"column":8},"end":{"line":22,"column":58}},"type":"if","locations":[{"start":{"line":22,"column":8},"end":{"line":22,"column":58}},{"start":{},"end":{}}],"line":22}},"s":{"0":16,"1":16,"2":16,"3":1,"4":1,"5":1,"6":1,"7":0,"8":1,"9":0,"10":0,"11":1,"12":0,"13":0,"14":1},"f":{"0":0,"1":0,"2":1,"3":1,"4":0,"5":0},"b":{"0":[0,1]},"_coverageSchema":"1a1c01bbd47fc00a2c39e90264f33305004495a9","hash":"a3cd6425b01c6a6711315f88d0367edc7e071aa8"}
,"C:\\Users\\anbra\\OneDrive\\Desktop\\CTD\\ProyectoDigitalBooking\\grupo-3\\front\\src\\context\\FavsContext.jsx": {"path":"C:\\Users\\anbra\\OneDrive\\Desktop\\CTD\\ProyectoDigitalBooking\\grupo-3\\front\\src\\context\\FavsContext.jsx","statementMap":{"0":{"start":{"line":4,"column":27},"end":{"line":9,"column":2}},"1":{"start":{"line":11,"column":21},"end":{"line":11,"column":32}},"2":{"start":{"line":13,"column":28},"end":{"line":44,"column":1}},"3":{"start":{"line":14,"column":26},"end":{"line":14,"column":38}},"4":{"start":{"line":16,"column":2},"end":{"line":23,"column":9}},"5":{"start":{"line":17,"column":22},"end":{"line":17,"column":38}},"6":{"start":{"line":18,"column":4},"end":{"line":22,"column":5}},"7":{"start":{"line":19,"column":6},"end":{"line":19,"column":25}},"8":{"start":{"line":21,"column":6},"end":{"line":21,"column":25}},"9":{"start":{"line":25,"column":20},"end":{"line":30,"column":3}},"10":{"start":{"line":26,"column":17},"end":{"line":26,"column":33}},"11":{"start":{"line":27,"column":4},"end":{"line":27,"column":26}},"12":{"start":{"line":28,"column":4},"end":{"line":28,"column":18}},"13":{"start":{"line":29,"column":4},"end":{"line":29,"column":25}},"14":{"start":{"line":32,"column":20},"end":{"line":40,"column":3}},"15":{"start":{"line":33,"column":17},"end":{"line":33,"column":33}},"16":{"start":{"line":34,"column":18},"end":{"line":34,"column":42}},"17":{"start":{"line":35,"column":4},"end":{"line":37,"column":5}},"18":{"start":{"line":36,"column":6},"end":{"line":36,"column":28}},"19":{"start":{"line":38,"column":4},"end":{"line":38,"column":18}},"20":{"start":{"line":39,"column":4},"end":{"line":39,"column":25}},"21":{"start":{"line":43,"column":2},"end":{"line":43,"column":80}}},"fnMap":{"0":{"name":"(anonymous_0)","decl":{"start":{"line":6,"column":13},"end":{"line":6,"column":14}},"loc":{"start":{"line":6,"column":19},"end":{"line":6,"column":21}},"line":6},"1":{"name":"(anonymous_1)","decl":{"start":{"line":7,"column":13},"end":{"line":7,"column":14}},"loc":{"start":{"line":7,"column":19},"end":{"line":7,"column":21}},"line":7},"2":{"name":"(anonymous_2)","decl":{"start":{"line":8,"column":14},"end":{"line":8,"column":15}},"loc":{"start":{"line":8,"column":20},"end":{"line":8,"column":22}},"line":8},"3":{"name":"(anonymous_3)","decl":{"start":{"line":13,"column":28},"end":{"line":13,"column":29}},"loc":{"start":{"line":13,"column":46},"end":{"line":44,"column":1}},"line":13},"4":{"name":"(anonymous_4)","decl":{"start":{"line":16,"column":12},"end":{"line":16,"column":13}},"loc":{"start":{"line":16,"column":18},"end":{"line":23,"column":3}},"line":16},"5":{"name":"(anonymous_5)","decl":{"start":{"line":25,"column":20},"end":{"line":25,"column":21}},"loc":{"start":{"line":25,"column":36},"end":{"line":30,"column":3}},"line":25},"6":{"name":"(anonymous_6)","decl":{"start":{"line":32,"column":20},"end":{"line":32,"column":21}},"loc":{"start":{"line":32,"column":36},"end":{"line":40,"column":3}},"line":32}},"branchMap":{"0":{"loc":{"start":{"line":18,"column":4},"end":{"line":22,"column":5}},"type":"if","locations":[{"start":{"line":18,"column":4},"end":{"line":22,"column":5}},{"start":{"line":20,"column":11},"end":{"line":22,"column":5}}],"line":18},"1":{"loc":{"start":{"line":35,"column":4},"end":{"line":37,"column":5}},"type":"if","locations":[{"start":{"line":35,"column":4},"end":{"line":37,"column":5}},{"start":{},"end":{}}],"line":35}},"s":{"0":8,"1":8,"2":8,"3":1,"4":1,"5":1,"6":1,"7":0,"8":1,"9":1,"10":0,"11":0,"12":0,"13":0,"14":1,"15":0,"16":0,"17":0,"18":0,"19":0,"20":0,"21":1},"f":{"0":0,"1":0,"2":0,"3":1,"4":1,"5":0,"6":0},"b":{"0":[0,1],"1":[0,0]},"_coverageSchema":"1a1c01bbd47fc00a2c39e90264f33305004495a9","hash":"1a4e5925acc1072059e081a8a48a90b0a76912fd"}
[...]
,"C:\\Users\\anbra\\OneDrive\\Desktop\\CTD\\ProyectoDigitalBooking\\grupo-3\\front\\src\\pages\\HomePage\\HomePage.jsx": {"path":"C:\\Users\\anbra\\OneDrive\\Desktop\\CTD\\ProyectoDigitalBooking\\grupo-3\\front\\src\\pages\\HomePage\\HomePage.jsx","statementMap":{"0":{"start":{"line":14,"column":43},"end":{"line":14,"column":54}},"1":{"start":{"line":16,"column":4},"end":{"line":16,"column":29}},"2":{"start":{"line":17,"column":26},"end":{"line":17,"column":37}},"3":{"start":{"line":20,"column":15},"end":{"line":20,"column":16}},"4":{"start":{"line":25,"column":6},"end":{"line":27,"column":3}},"5":{"start":{"line":28,"column":21},"end":{"line":28,"column":42}},"6":{"start":{"line":30,"column":21},"end":{"line":30,"column":42}},"7":{"start":{"line":30,"column":30},"end":{"line":30,"column":42}},"8":{"start":{"line":32,"column":2},"end":{"line":37,"column":45}},"9":{"start":{"line":34,"column":4},"end":{"line":36,"column":5}},"10":{"start":{"line":35,"column":6},"end":{"line":35,"column":46}},"11":{"start":{"line":39,"column":2},"end":{"line":60,"column":4}}},"fnMap":{"0":{"name":"HomePage","decl":{"start":{"line":13,"column":9},"end":{"line":13,"column":17}},"loc":{"start":{"line":13,"column":20},"end":{"line":61,"column":1}},"line":13},"1":{"name":"(anonymous_1)","decl":{"start":{"line":30,"column":21},"end":{"line":30,"column":22}},"loc":{"start":{"line":30,"column":30},"end":{"line":30,"column":42}},"line":30},"2":{"name":"(anonymous_2)","decl":{"start":{"line":32,"column":12},"end":{"line":32,"column":13}},"loc":{"start":{"line":32,"column":18},"end":{"line":37,"column":3}},"line":32}},"branchMap":{"0":{"loc":{"start":{"line":34,"column":4},"end":{"line":36,"column":5}},"type":"if","locations":[{"start":{"line":34,"column":4},"end":{"line":36,"column":5}},{"start":{},"end":{}}],"line":34},"1":{"loc":{"start":{"line":44,"column":7},"end":{"line":56,"column":7}},"type":"cond-expr","locations":[{"start":{"line":45,"column":8},"end":{"line":45,"column":54}},{"start":{"line":47,"column":8},"end":{"line":55,"column":11}}],"line":44},"2":{"loc":{"start":{"line":51,"column":14},"end":{"line":51,"column":75}},"type":"cond-expr","locations":[{"start":{"line":51,"column":29},"end":{"line":51,"column":55}},{"start":{"line":51,"column":58},"end":{"line":51,"column":75}}],"line":51},"3":{"loc":{"start":{"line":54,"column":11},"end":{"line":54,"column":38}},"type":"binary-expr","locations":[{"start":{"line":54,"column":11},"end":{"line":54,"column":20}},{"start":{"line":54,"column":24},"end":{"line":54,"column":38}}],"line":54}},"s":{"0":3,"1":3,"2":3,"3":3,"4":3,"5":3,"6":3,"7":0,"8":3,"9":3,"10":2,"11":3},"f":{"0":3,"1":0,"2":3},"b":{"0":[2,1],"1":[0,3],"2":[1,2],"3":[3,3]},"_coverageSchema":"1a1c01bbd47fc00a2c39e90264f33305004495a9","hash":"9e8d01919d3a30d68f935f0608c178bf6e79b24c"}
,"C:\\Users\\anbra\\OneDrive\\Desktop\\CTD\\ProyectoDigitalBooking\\grupo-3\\front\\src\\pages\\LoginPage\\LoginPage.jsx": {"path":"C:\\Users\\anbra\\OneDrive\\Desktop\\CTD\\ProyectoDigitalBooking\\grupo-3\\front\\src\\pages\\LoginPage\\LoginPage.jsx","statementMap":{"0":{"start":{"line":5,"column":4},"end":{"line":9,"column":7}}},"fnMap":{"0":{"name":"LoginPage","decl":{"start":{"line":4,"column":9},"end":{"line":4,"column":18}},"loc":{"start":{"line":4,"column":21},"end":{"line":10,"column":1}},"line":4}},"branchMap":{},"s":{"0":1},"f":{"0":1},"b":{},"_coverageSchema":"1a1c01bbd47fc00a2c39e90264f33305004495a9","hash":"8b1715a6dd602142e5a4ac1a1bdd19d812608cec"}
,"C:\\Users\\anbra\\OneDrive\\Desktop\\CTD\\ProyectoDigitalBooking\\grupo-3\\front\\src\\pages\\Producto\\Producto.jsx": {"path":"C:\\Users\\anbra\\OneDrive\\Desktop\\CTD\\ProyectoDigitalBooking\\grupo-3\\front\\src\\pages\\Producto\\Producto.jsx","statementMap":{"0":{"start":{"line":20,"column":62},"end":{"line":20,"column":73}},"1":{"start":{"line":22,"column":26},"end":{"line":22,"column":37}},"2":{"start":{"line":28,"column":6},"end":{"line":28,"column":64}},"3":{"start":{"line":29,"column":29},"end":{"line":31,"column":3}},"4":{"start":{"line":33,"column":22},"end":{"line":33,"column":45}},"5":{"start":{"line":34,"column":2},"end":{"line":36,"column":36}},"6":{"start":{"line":35,"column":4},"end":{"line":35,"column":32}},"7":{"start":{"line":38,"column":2},"end":{"line":58,"column":4}}},"fnMap":{"0":{"name":"Producto","decl":{"start":{"line":19,"column":9},"end":{"line":19,"column":17}},"loc":{"start":{"line":19,"column":20},"end":{"line":59,"column":1}},"line":19},"1":{"name":"(anonymous_1)","decl":{"start":{"line":34,"column":12},"end":{"line":34,"column":13}},"loc":{"start":{"line":34,"column":18},"end":{"line":36,"column":3}},"line":34}},"branchMap":{"0":{"loc":{"start":{"line":40,"column":7},"end":{"line":56,"column":7}},"type":"cond-expr","locations":[{"start":{"line":41,"column":8},"end":{"line":41,"column":22}},{"start":{"line":42,"column":10},"end":{"line":56,"column":7}}],"line":40},"1":{"loc":{"start":{"line":42,"column":10},"end":{"line":56,"column":7}},"type":"cond-expr","locations":[{"start":{"line":43,"column":8},"end":{"line":43,"column":54}},{"start":{"line":45,"column":8},"end":{"line":55,"column":11}}],"line":42}},"s":{"0":1,"1":1,"2":1,"3":1,"4":1,"5":1,"6":1,"7":1},"f":{"0":1,"1":1},"b":{"0":[1,0],"1":[0,0]},"_coverageSchema":"1a1c01bbd47fc00a2c39e90264f33305004495a9","hash":"a10d70e9ef131b12391af1d0efb9b78310172faf"}
,"C:\\Users\\anbra\\OneDrive\\Desktop\\CTD\\ProyectoDigitalBooking\\grupo-3\\front\\src\\pages\\RegistroPage\\RegistroPage.jsx": {"path":"C:\\Users\\anbra\\OneDrive\\Desktop\\CTD\\ProyectoDigitalBooking\\grupo-3\\front\\src\\pages\\RegistroPage\\RegistroPage.jsx","statementMap":{"0":{"start":{"line":5,"column":4},"end":{"line":9,"column":7}}},"fnMap":{"0":{"name":"RegistroPage","decl":{"start":{"line":4,"column":9},"end":{"line":4,"column":21}},"loc":{"start":{"line":4,"column":24},"end":{"line":10,"column":1}},"line":4}},"branchMap":{},"s":{"0":1},"f":{"0":1},"b":{},"_coverageSchema":"1a1c01bbd47fc00a2c39e90264f33305004495a9","hash":"64a66c91753f6aa63573e7a487df3f44f51ad9eb"}
,"C:\\Users\\anbra\\OneDrive\\Desktop\\CTD\\ProyectoDigitalBooking\\grupo-3\\front\\src\\pages\\Reserva\\Reserva.jsx": {"path":"C:\\Users\\anbra\\OneDrive\\Desktop\\CTD\\ProyectoDigitalBooking\\grupo-3\\front\\src\\pages\\Reserva\\Reserva.jsx","statementMap":{"0":{"start":{"line":21,"column":19},"end":{"line":21,"column":42}},"1":{"start":{"line":22,"column":14},"end":{"line":22,"column":16}},"2":{"start":{"line":23,"column":22},"end":{"line":23,"column":26}},"3":{"start":{"line":24,"column":2},"end":{"line":27,"column":3}},"4":{"start":{"line":25,"column":4},"end":{"line":25,"column":61}},"5":{"start":{"line":26,"column":4},"end":{"line":26,"column":30}},"6":{"start":{"line":29,"column":62},"end":{"line":29,"column":73}},"7":{"start":{"line":30,"column":26},"end":{"line":30,"column":37}},"8":{"start":{"line":35,"column":6},"end":{"line":35,"column":64}},"9":{"start":{"line":36,"column":29},"end":{"line":36,"column":98}},"10":{"start":{"line":38,"column":22},"end":{"line":38,"column":45}},"11":{"start":{"line":39,"column":2},"end":{"line":41,"column":42}},"12":{"start":{"line":40,"column":4},"end":{"line":40,"column":32}},"13":{"start":{"line":45,"column":6},"end":{"line":45,"column":31}},"14":{"start":{"line":46,"column":36},"end":{"line":46,"column":60}},"15":{"start":{"line":47,"column":32},"end":{"line":47,"column":53}},"16":{"start":{"line":48,"column":42},"end":{"line":48,"column":54}},"17":{"start":{"line":50,"column":24},"end":{"line":54,"column":3}},"18":{"start":{"line":51,"column":25},"end":{"line":51,"column":30}},"19":{"start":{"line":52,"column":4},"end":{"line":52,"column":24}},"20":{"start":{"line":53,"column":4},"end":{"line":53,"column":20}},"21":{"start":{"line":56,"column":18},"end":{"line":56,"column":30}},"22":{"start":{"line":58,"column":23},"end":{"line":106,"column":3}},"23":{"start":{"line":59,"column":4},"end":{"line":59,"column":23}},"24":{"start":{"line":60,"column":4},"end":{"line":60,"column":24}},"25":{"start":{"line":62,"column":19},"end":{"line":62,"column":36}},"26":{"start":{"line":63,"column":4},"end":{"line":105,"column":5}},"27":{"start":{"line":69,"column":6},"end":{"line":69,"column":61}},"28":{"start":{"line":71,"column":19},"end":{"line":82,"column":7}},"29":{"start":{"line":84,"column":6},"end":{"line":104,"column":11}},"30":{"start":{"line":93,"column":10},"end":{"line":97,"column":11}},"31":{"start":{"line":94,"column":12},"end":{"line":94,"column":30}},"32":{"start":{"line":96,"column":12},"end":{"line":96,"column":69}},"33":{"start":{"line":100,"column":10},"end":{"line":100,"column":29}},"34":{"start":{"line":101,"column":10},"end":{"line":103,"column":12}},"35":{"start":{"line":108,"column":2},"end":{"line":142,"column":4}}},"fnMap":{"0":{"name":"Reserva","decl":{"start":{"line":20,"column":9},"end":{"line":20,"column":16}},"loc":{"start":{"line":20,"column":19},"end":{"line":143,"column":1}},"line":20},"1":{"name":"(anonymous_1)","decl":{"start":{"line":39,"column":12},"end":{"line":39,"column":13}},"loc":{"start":{"line":39,"column":18},"end":{"line":41,"column":3}},"line":39},"2":{"name":"(anonymous_2)","decl":{"start":{"line":50,"column":24},"end":{"line":50,"column":25}},"loc":{"start":{"line":50,"column":35},"end":{"line":54,"column":3}},"line":50},"3":{"name":"(anonymous_3)","decl":{"start":{"line":58,"column":23},"end":{"line":58,"column":24}},"loc":{"start":{"line":58,"column":30},"end":{"line":106,"column":3}},"line":58},"4":{"name":"(anonymous_4)","decl":{"start":{"line":92,"column":14},"end":{"line":92,"column":15}},"loc":{"start":{"line":92,"column":23},"end":{"line":98,"column":9}},"line":92},"5":{"name":"(anonymous_5)","decl":{"start":{"line":99,"column":15},"end":{"line":99,"column":16}},"loc":{"start":{"line":99,"column":24},"end":{"line":104,"column":9}},"line":99}},"branchMap":{"0":{"loc":{"start":{"line":24,"column":2},"end":{"line":27,"column":3}},"type":"if","locations":[{"start":{"line":24,"column":2},"end":{"line":27,"column":3}},{"start":{},"end":{}}],"line":24},"1":{"loc":{"start":{"line":63,"column":4},"end":{"line":105,"column":5}},"type":"if","locations":[{"start":{"line":63,"column":4},"end":{"line":105,"column":5}},{"start":{"line":70,"column":11},"end":{"line":105,"column":5}}],"line":63},"2":{"loc":{"start":{"line":64,"column":6},"end":{"line":67,"column":51}},"type":"binary-expr","locations":[{"start":{"line":64,"column":6},"end":{"line":64,"column":29}},{"start":{"line":65,"column":6},"end":{"line":65,"column":16}},{"start":{"line":66,"column":6},"end":{"line":66,"column":14}},{"start":{"line":67,"column":6},"end":{"line":67,"column":51}}],"line":64},"3":{"loc":{"start":{"line":93,"column":10},"end":{"line":97,"column":11}},"type":"if","locations":[{"start":{"line":93,"column":10},"end":{"line":97,"column":11}},{"start":{"line":95,"column":17},"end":{"line":97,"column":11}}],"line":93},"4":{"loc":{"start":{"line":110,"column":7},"end":{"line":110,"column":41}},"type":"binary-expr","locations":[{"start":{"line":110,"column":7},"end":{"line":110,"column":13}},{"start":{"line":110,"column":17},"end":{"line":110,"column":41}}],"line":110},"5":{"loc":{"start":{"line":112,"column":7},"end":{"line":140,"column":7}},"type":"cond-expr","locations":[{"start":{"line":113,"column":8},"end":{"line":113,"column":22}},{"start":{"line":114,"column":10},"end":{"line":140,"column":7}}],"line":112},"6":{"loc":{"start":{"line":114,"column":10},"end":{"line":140,"column":7}},"type":"cond-expr","locations":[{"start":{"line":115,"column":8},"end":{"line":115,"column":54}},{"start":{"line":117,"column":8},"end":{"line":139,"column":11}}],"line":114}},"s":{"0":1,"1":1,"2":1,"3":1,"4":1,"5":1,"6":1,"7":1,"8":1,"9":1,"10":1,"11":1,"12":1,"13":1,"14":1,"15":1,"16":1,"17":1,"18":0,"19":0,"20":0,"21":1,"22":1,"23":0,"24":0,"25":0,"26":0,"27":0,"28":0,"29":0,"30":0,"31":0,"32":0,"33":0,"34":0,"35":1},"f":{"0":1,"1":1,"2":0,"3":0,"4":0,"5":0},"b":{"0":[1,0],"1":[0,0],"2":[0,0,0,0],"3":[0,0],"4":[1,0],"5":[1,0],"6":[0,0]},"_coverageSchema":"1a1c01bbd47fc00a2c39e90264f33305004495a9","hash":"7dd1ec28ef2e402a5bad507fa4942b73ad1cef20"}
,"C:\\Users\\anbra\\OneDrive\\Desktop\\CTD\\ProyectoDigitalBooking\\grupo-3\\front\\src\\pages\\ReservaExitosa\\ReservaExitosa.jsx": {"path":"C:\\Users\\anbra\\OneDrive\\Desktop\\CTD\\ProyectoDigitalBooking\\grupo-3\\front\\src\\pages\\ReservaExitosa\\ReservaExitosa.jsx","statementMap":{"0":{"start":{"line":6,"column":4},"end":{"line":10,"column":5}}},"fnMap":{"0":{"name":"ReservaExitosa","decl":{"start":{"line":4,"column":9},"end":{"line":4,"column":23}},"loc":{"start":{"line":4,"column":26},"end":{"line":11,"column":1}},"line":4}},"branchMap":{},"s":{"0":1},"f":{"0":1},"b":{},"_coverageSchema":"1a1c01bbd47fc00a2c39e90264f33305004495a9","hash":"3be2e97e9d179390e590c7005b6763c8618014ec"}
,"C:\\Users\\anbra\\OneDrive\\Desktop\\CTD\\ProyectoDigitalBooking\\grupo-3\\front\\src\\utils\\auth.js": {"path":"C:\\Users\\anbra\\OneDrive\\Desktop\\CTD\\ProyectoDigitalBooking\\grupo-3\\front\\src\\utils\\auth.js","statementMap":{"0":{"start":{"line":1,"column":30},"end":{"line":3,"column":1}},"1":{"start":{"line":2,"column":2},"end":{"line":2,"column":52}},"2":{"start":{"line":5,"column":30},"end":{"line":7,"column":1}},"3":{"start":{"line":6,"column":2},"end":{"line":6,"column":50}},"4":{"start":{"line":9,"column":33},"end":{"line":11,"column":1}},"5":{"start":{"line":10,"column":2},"end":{"line":10,"column":34}}},"fnMap":{"0":{"name":"(anonymous_0)","decl":{"start":{"line":1,"column":30},"end":{"line":1,"column":31}},"loc":{"start":{"line":1,"column":39},"end":{"line":3,"column":1}},"line":1},"1":{"name":"(anonymous_1)","decl":{"start":{"line":5,"column":30},"end":{"line":5,"column":31}},"loc":{"start":{"line":5,"column":36},"end":{"line":7,"column":1}},"line":5},"2":{"name":"(anonymous_2)","decl":{"start":{"line":9,"column":33},"end":{"line":9,"column":34}},"loc":{"start":{"line":9,"column":39},"end":{"line":11,"column":1}},"line":9}},"branchMap":{},"s":{"0":16,"1":0,"2":16,"3":1,"4":16,"5":0},"f":{"0":0,"1":1,"2":0},"b":{},"_coverageSchema":"1a1c01bbd47fc00a2c39e90264f33305004495a9","hash":"2a4161258b0daf54964865b948092849f53bf8f7"}
,"C:\\Users\\anbra\\OneDrive\\Desktop\\CTD\\ProyectoDigitalBooking\\grupo-3\\front\\src\\utils\\dates.js": {"path":"C:\\Users\\anbra\\OneDrive\\Desktop\\CTD\\ProyectoDigitalBooking\\grupo-3\\front\\src\\utils\\dates.js","statementMap":{"0":{"start":{"line":2,"column":14},"end":{"line":2,"column":16}},"1":{"start":{"line":3,"column":2},"end":{"line":9,"column":3}},"2":{"start":{"line":4,"column":13},"end":{"line":4,"column":28}},"3":{"start":{"line":8,"column":4},"end":{"line":8,"column":27}},"4":{"start":{"line":10,"column":2},"end":{"line":10,"column":13}},"5":{"start":{"line":14,"column":25},"end":{"line":14,"column":27}},"6":{"start":{"line":15,"column":2},"end":{"line":19,"column":3}},"7":{"start":{"line":15,"column":15},"end":{"line":15,"column":16}},"8":{"start":{"line":16,"column":4},"end":{"line":18,"column":6}},"9":{"start":{"line":20,"column":2},"end":{"line":20,"column":31}},"10":{"start":{"line":24,"column":2},"end":{"line":24,"column":53}},"11":{"start":{"line":24,"column":29},"end":{"line":24,"column":51}}},"fnMap":{"0":{"name":"getDaysBetweenTwoDates","decl":{"start":{"line":1,"column":16},"end":{"line":1,"column":38}},"loc":{"start":{"line":1,"column":51},"end":{"line":11,"column":1}},"line":1},"1":{"name":"getFechasOcupadasFromReservas","decl":{"start":{"line":13,"column":16},"end":{"line":13,"column":45}},"loc":{"start":{"line":13,"column":56},"end":{"line":21,"column":1}},"line":13},"2":{"name":"isDateRangeOccupied","decl":{"start":{"line":23,"column":16},"end":{"line":23,"column":35}},"loc":{"start":{"line":23,"column":63},"end":{"line":25,"column":1}},"line":23},"3":{"name":"(anonymous_3)","decl":{"start":{"line":24,"column":23},"end":{"line":24,"column":24}},"loc":{"start":{"line":24,"column":29},"end":{"line":24,"column":51}},"line":24}},"branchMap":{"0":{"loc":{"start":{"line":23,"column":48},"end":{"line":23,"column":61}},"type":"default-arg","locations":[{"start":{"line":23,"column":59},"end":{"line":23,"column":61}}],"line":23},"1":{"loc":{"start":{"line":24,"column":29},"end":{"line":24,"column":51}},"type":"binary-expr","locations":[{"start":{"line":24,"column":29},"end":{"line":24,"column":39}},{"start":{"line":24,"column":43},"end":{"line":24,"column":51}}],"line":24}},"s":{"0":2,"1":2,"2":2,"3":0,"4":2,"5":2,"6":2,"7":2,"8":2,"9":2,"10":0,"11":0},"f":{"0":2,"1":2,"2":0,"3":0},"b":{"0":[0],"1":[0,0]},"_coverageSchema":"1a1c01bbd47fc00a2c39e90264f33305004495a9","hash":"f94dd3fe4373adf7b1593edcd285e330d72df735"}
,"C:\\Users\\anbra\\OneDrive\\Desktop\\CTD\\ProyectoDigitalBooking\\grupo-3\\front\\src\\utils\\favs.js": {"path":"C:\\Users\\anbra\\OneDrive\\Desktop\\CTD\\ProyectoDigitalBooking\\grupo-3\\front\\src\\utils\\favs.js","statementMap":{"0":{"start":{"line":1,"column":30},"end":{"line":3,"column":1}},"1":{"start":{"line":2,"column":2},"end":{"line":2,"column":53}},"2":{"start":{"line":5,"column":30},"end":{"line":7,"column":1}},"3":{"start":{"line":6,"column":2},"end":{"line":6,"column":50}},"4":{"start":{"line":9,"column":33},"end":{"line":11,"column":1}},"5":{"start":{"line":10,"column":2},"end":{"line":10,"column":34}}},"fnMap":{"0":{"name":"(anonymous_0)","decl":{"start":{"line":1,"column":30},"end":{"line":1,"column":31}},"loc":{"start":{"line":1,"column":40},"end":{"line":3,"column":1}},"line":1},"1":{"name":"(anonymous_1)","decl":{"start":{"line":5,"column":30},"end":{"line":5,"column":31}},"loc":{"start":{"line":5,"column":36},"end":{"line":7,"column":1}},"line":5},"2":{"name":"(anonymous_2)","decl":{"start":{"line":9,"column":33},"end":{"line":9,"column":34}},"loc":{"start":{"line":9,"column":39},"end":{"line":11,"column":1}},"line":9}},"branchMap":{},"s":{"0":8,"1":1,"2":8,"3":1,"4":8,"5":0},"f":{"0":1,"1":1,"2":0},"b":{},"_coverageSchema":"1a1c01bbd47fc00a2c39e90264f33305004495a9","hash":"524c2021995b1b938bdf50ee4157d2dd27721196"}
}
