TN:
SF:src\App.jsx
FN:15,App
FNF:1
FNH:1
FNDA:1,App
DA:16,1
LF:1
LH:1
BRF:0
BRH:0
end_of_record
TN:
SF:src\index.js
FNF:0
FNH:0
DA:5,0
LF:1
LH:0
BRF:0
BRH:0
end_of_record
TN:
SF:src\components\Buscador\Buscador.jsx
FN:10,Buscador
FN:20,(anonymous_1)
FN:28,(anonymous_2)
FN:38,(anonymous_3)
FN:43,(anonymous_4)
FNF:5
FNH:3
FNDA:5,Buscador
FNDA:1,(anonymous_1)
FNDA:1,(anonymous_2)
FNDA:0,(anonymous_3)
FNDA:0,(anonymous_4)
DA:11,5
DA:13,5
DA:15,5
DA:16,5
DA:17,5
DA:18,5
DA:20,5
DA:21,1
DA:22,1
DA:23,1
DA:24,1
DA:28,5
DA:29,1
DA:30,1
DA:35,1
DA:38,5
DA:40,0
DA:43,5
DA:44,0
DA:45,0
DA:46,0
DA:49,5
LF:22
LH:18
BRDA:31,0,0,0
BRDA:31,0,1,1
BRF:2
BRH:1
end_of_record
TN:
SF:src\components\Buscador\SelectCiudad.jsx
FN:5,(anonymous_0)
FN:17,SelectCiudad
FN:18,(anonymous_2)
FN:25,(anonymous_3)
FN:30,(anonymous_4)
FN:36,(anonymous_5)
FN:42,(anonymous_6)
FN:48,(anonymous_7)
FN:53,(anonymous_8)
FN:56,(anonymous_9)
FNF:10
FNH:7
FNDA:0,(anonymous_0)
FNDA:6,SelectCiudad
FNDA:2,(anonymous_2)
FNDA:6,(anonymous_3)
FNDA:0,(anonymous_4)
FNDA:6,(anonymous_5)
FNDA:6,(anonymous_6)
FNDA:0,(anonymous_7)
FNDA:6,(anonymous_8)
FNDA:6,(anonymous_9)
DA:5,4
DA:6,0
DA:18,6
DA:24,6
DA:25,6
DA:30,0
DA:36,6
DA:42,6
DA:49,0
DA:53,6
DA:56,6
DA:61,6
LF:12
LH:9
BRDA:34,0,0,0
BRDA:34,0,1,0
BRDA:51,1,0,0
BRDA:51,1,1,0
BRF:4
BRH:0
end_of_record
TN:
SF:src\components\Card\Card.jsx
FN:8,Card
FN:25,(anonymous_1)
FN:29,(anonymous_2)
FN:64,(anonymous_3)
FNF:4
FNH:1
FNDA:1,Card
FNDA:0,(anonymous_1)
FNDA:0,(anonymous_2)
FNDA:0,(anonymous_3)
DA:19,1
DA:21,1
DA:22,1
DA:23,1
DA:25,1
DA:26,0
DA:29,1
DA:31,1
DA:65,0
LF:9
LH:7
BRDA:33,0,0,1
BRDA:33,0,1,0
BRDA:41,1,0,1
BRDA:41,1,1,0
BRDA:71,2,0,1
BRDA:71,2,1,0
BRDA:75,3,0,1
BRDA:75,3,1,0
BRF:8
BRH:4
end_of_record
TN:
SF:src\components\CardCategoria\CardCategoria.jsx
FN:5,CardCategoria
FN:13,(anonymous_1)
FNF:2
FNH:1
FNDA:1,CardCategoria
FNDA:0,(anonymous_1)
DA:6,1
DA:7,1
DA:9,1
DA:13,0
LF:4
LH:3
BRDA:11,0,0,0
BRDA:11,0,1,1
BRDA:15,1,0,0
BRDA:15,1,1,1
BRF:4
BRH:2
end_of_record
TN:
SF:src\components\CardList\CardList.jsx
FN:4,CardList
FN:10,(anonymous_1)
FNF:2
FNH:1
FNDA:4,CardList
FNDA:0,(anonymous_1)
DA:6,4
DA:11,0
LF:2
LH:1
BRDA:4,0,0,1
BRF:1
BRH:1
end_of_record
TN:
SF:src\components\CategoriaList\CategoriaList.jsx
FN:10,CategoriaList
FN:21,(anonymous_1)
FN:23,(anonymous_2)
FN:28,(anonymous_3)
FN:42,(anonymous_4)
FN:52,(anonymous_5)
FNF:6
FNH:3
FNDA:5,CategoriaList
FNDA:0,(anonymous_1)
FNDA:0,(anonymous_2)
FNDA:1,(anonymous_3)
FNDA:1,(anonymous_4)
FNDA:0,(anonymous_5)
DA:11,5
DA:17,5
DA:19,5
DA:21,5
DA:22,0
DA:23,0
DA:24,0
DA:28,5
DA:29,1
DA:32,5
DA:42,1
DA:53,0
LF:12
LH:8
BRDA:22,0,0,0
BRDA:22,0,1,0
BRDA:34,1,0,5
BRDA:34,1,1,5
BRDA:40,2,0,1
BRDA:40,2,1,4
BRDA:48,3,0,0
BRDA:48,3,1,5
BRF:8
BRH:5
end_of_record
TN:
SF:src\components\Error\Error.jsx
FN:1,(anonymous_0)
FNF:1
FNH:1
FNDA:1,(anonymous_0)
DA:1,6
DA:2,1
DA:6,1
DA:19,1
LF:4
LH:4
BRDA:20,0,0,1
BRDA:20,0,1,1
BRF:2
BRH:2
end_of_record
TN:
SF:src\components\FavHeart\FavHeart.jsx
FN:5,(anonymous_0)
FN:14,(anonymous_1)
FNF:2
FNH:1
FNDA:4,(anonymous_0)
FNDA:0,(anonymous_1)
DA:5,8
DA:11,4
DA:12,4
DA:14,4
DA:15,0
DA:16,0
DA:19,4
LF:7
LH:5
BRDA:7,0,0,4
BRDA:8,1,0,4
BRDA:15,2,0,0
BRDA:15,2,1,0
BRDA:21,3,0,0
BRDA:21,3,1,4
BRDA:24,4,0,0
BRDA:24,4,1,4
BRF:8
BRH:4
end_of_record
TN:
SF:src\components\Footer\Footer.jsx
FN:5,Footer
FNF:1
FNH:1
FNDA:13,Footer
DA:7,13
LF:1
LH:1
BRF:0
BRH:0
end_of_record
TN:
SF:src\components\Header\Header.jsx
FN:10,Header
FN:14,(anonymous_1)
FN:52,(anonymous_2)
FN:62,(anonymous_3)
FNF:4
FNH:1
FNDA:13,Header
FNDA:0,(anonymous_1)
FNDA:0,(anonymous_2)
FNDA:0,(anonymous_3)
DA:11,13
DA:12,13
DA:14,13
DA:15,0
DA:18,13
DA:52,0
DA:62,0
LF:7
LH:4
BRDA:23,0,0,0
BRDA:23,0,1,13
BRDA:25,1,0,0
BRDA:25,1,1,0
BRDA:36,2,0,13
BRDA:36,2,1,13
BRDA:41,3,0,13
BRDA:41,3,1,13
BRDA:59,4,0,0
BRDA:59,4,1,13
BRDA:66,5,0,0
BRDA:66,5,1,13
BRDA:71,6,0,0
BRDA:71,6,1,13
BRDA:77,7,0,13
BRDA:77,7,1,13
BRDA:82,8,0,13
BRDA:82,8,1,13
BRDA:94,9,0,0
BRDA:94,9,1,13
BRF:20
BRH:13
end_of_record
TN:
SF:src\components\LayoutGeneral\LayoutGeneral.jsx
FN:5,LayoutGeneral
FNF:1
FNH:1
FNDA:12,LayoutGeneral
DA:6,12
DA:8,12
LF:2
LH:2
BRF:0
BRH:0
end_of_record
TN:
SF:src\components\LoadingBar\LoadingBar.jsx
FN:3,LoadingBar
FNF:1
FNH:1
FNDA:11,LoadingBar
DA:4,11
LF:1
LH:1
BRF:0
BRH:0
end_of_record
TN:
SF:src\components\Login\Login.jsx
FN:9,(anonymous_0)
FN:30,(anonymous_1)
FN:50,(anonymous_2)
FN:59,(anonymous_3)
FN:90,(anonymous_4)
FN:107,(anonymous_5)
FN:108,(anonymous_6)
FNF:7
FNH:3
FNDA:3,(anonymous_0)
FNDA:3,(anonymous_1)
FNDA:0,(anonymous_2)
FNDA:3,(anonymous_3)
FNDA:0,(anonymous_4)
FNDA:0,(anonymous_5)
FNDA:0,(anonymous_6)
DA:9,3
DA:11,3
DA:12,3
DA:14,3
DA:30,3
DA:31,3
DA:32,3
DA:33,3
DA:35,3
DA:50,0
DA:59,3
DA:60,3
DA:61,3
DA:62,3
DA:63,3
DA:64,3
DA:65,3
DA:66,0
DA:69,3
DA:92,0
DA:97,0
DA:106,0
DA:107,0
DA:109,0
DA:111,0
DA:118,0
DA:121,0
DA:124,0
LF:28
LH:17
BRDA:12,0,0,3
BRDA:12,0,1,0
BRDA:20,1,0,0
BRDA:20,1,1,3
BRDA:25,2,0,3
BRDA:25,2,1,0
BRDA:33,3,0,3
BRDA:33,3,1,0
BRDA:41,4,0,0
BRDA:41,4,1,3
BRDA:44,5,0,0
BRDA:44,5,1,3
BRDA:48,6,0,0
BRDA:48,6,1,3
BRDA:54,7,0,3
BRDA:54,7,1,0
BRDA:65,8,0,0
BRDA:65,8,1,3
BRDA:71,9,0,3
BRDA:71,9,1,0
BRDA:109,10,0,0
BRDA:109,10,1,0
BRDA:151,11,0,3
BRDA:151,11,1,0
BRF:24
BRH:11
end_of_record
TN:
SF:src\components\Logo\Logo.jsx
FN:7,Logo
FN:10,(anonymous_1)
FNF:2
FNH:1
FNDA:14,Logo
FNDA:0,(anonymous_1)
DA:8,14
DA:10,14
DA:11,0
DA:14,14
LF:4
LH:3
BRDA:11,0,0,0
BRDA:11,0,1,0
BRF:2
BRH:0
end_of_record
TN:
SF:src\components\ModalMap\ModalMap.jsx
FN:4,ModalMap
FNF:1
FNH:1
FNDA:1,ModalMap
DA:5,1
LF:1
LH:1
BRDA:6,0,0,1
BRDA:6,0,1,0
BRF:2
BRH:1
end_of_record
TN:
SF:src\components\Paginador\Paginador.jsx
FN:5,Paginador
FN:16,(anonymous_1)
FN:20,(anonymous_2)
FNF:3
FNH:2
FNDA:4,Paginador
FNDA:20,(anonymous_1)
FNDA:0,(anonymous_2)
DA:6,4
DA:8,4
DA:9,4
DA:10,20
DA:13,4
DA:17,20
DA:20,0
LF:7
LH:6
BRDA:15,0,0,4
BRDA:15,0,1,3
BRDA:19,1,0,20
BRDA:19,1,1,1
BRF:4
BRH:4
end_of_record
TN:
SF:src\components\ProductoCaracteristicas\ProductoCaracteristicas.jsx
FN:5,ProductoCaracteristicas
FN:15,(anonymous_1)
FNF:2
FNH:2
FNDA:1,ProductoCaracteristicas
FNDA:2,(anonymous_1)
DA:7,1
DA:9,1
DA:15,2
LF:3
LH:3
BRDA:14,0,0,1
BRDA:14,0,1,0
BRF:2
BRH:1
end_of_record
TN:
SF:src\components\ProductoDescripcion\ProductoDescripcion.jsx
FN:5,ProductoDescripcion
FNF:1
FNH:1
FNDA:1,ProductoDescripcion
DA:7,1
DA:9,1
LF:2
LH:2
BRF:0
BRH:0
end_of_record
TN:
SF:src\components\ProductoDisponibilidad\ProductoDisponibilidad.jsx
FN:11,ProductoDisponibilidad
FN:14,(anonymous_1)
FN:15,(anonymous_2)
FN:17,(anonymous_3)
FNF:4
FNH:3
FNDA:1,ProductoDisponibilidad
FNDA:0,(anonymous_1)
FNDA:1,(anonymous_2)
FNDA:1,(anonymous_3)
DA:12,1
DA:14,1
DA:15,1
DA:16,1
DA:17,1
DA:22,1
DA:23,1
DA:24,1
DA:26,1
LF:9
LH:9
BRDA:32,0,0,1
BRDA:32,0,1,0
BRDA:36,1,0,1
BRDA:36,1,1,1
BRDA:47,2,0,0
BRDA:47,2,1,1
BRDA:48,3,0,1
BRDA:48,3,1,1
BRF:8
BRH:6
end_of_record
TN:
SF:src\components\ProductoHeader\ProductoHeader.jsx
FN:6,ProductoHeader
FN:19,(anonymous_1)
FNF:2
FNH:1
FNDA:1,ProductoHeader
FNDA:0,(anonymous_1)
DA:8,1
DA:9,1
DA:11,1
DA:13,1
DA:19,0
LF:5
LH:4
BRF:0
BRH:0
end_of_record
TN:
SF:src\components\ProductoImagenes\ProductoImagenes.jsx
FN:8,ProductoImagenes
FN:10,(anonymous_1)
FN:21,(anonymous_2)
FN:29,(anonymous_3)
FN:38,(anonymous_4)
FN:52,(anonymous_5)
FN:64,(anonymous_6)
FN:78,(anonymous_7)
FNF:8
FNH:4
FNDA:1,ProductoImagenes
FNDA:5,(anonymous_1)
FNDA:0,(anonymous_2)
FNDA:1,(anonymous_3)
FNDA:1,(anonymous_4)
FNDA:0,(anonymous_5)
FNDA:0,(anonymous_6)
FNDA:0,(anonymous_7)
DA:9,1
DA:10,5
DA:15,1
DA:17,1
DA:18,1
DA:21,1
DA:22,0
DA:23,0
DA:25,0
DA:29,1
DA:30,1
DA:31,0
DA:32,0
DA:34,1
DA:35,1
DA:38,1
DA:39,1
DA:43,1
DA:44,0
DA:47,1
DA:53,0
DA:64,0
DA:78,0
LF:23
LH:14
BRDA:22,0,0,0
BRDA:22,0,1,0
BRDA:30,1,0,0
BRDA:30,1,1,1
BRDA:43,2,0,0
BRDA:43,2,1,1
BRDA:43,3,0,1
BRDA:43,3,1,1
BRDA:49,4,0,0
BRDA:49,4,1,1
BRDA:70,5,0,0
BRDA:70,5,1,0
BRF:12
BRH:5
end_of_record
TN:
SF:src\components\ProductoImagenes\ProductoImagenesGaleria.jsx
FN:5,renderRightNav
FN:19,renderLeftNav
FN:31,ProductoImagenesGaleria
FN:34,(anonymous_3)
FNF:4
FNH:4
FNDA:1,renderRightNav
FNDA:1,renderLeftNav
FNDA:1,ProductoImagenesGaleria
FNDA:2,(anonymous_3)
DA:6,1
DA:20,1
DA:33,1
DA:35,2
DA:56,1
LF:5
LH:5
BRF:0
BRH:0
end_of_record
TN:
SF:src\components\ProductoImagenes\ProductoImagenesGaleriaMini.jsx
FN:5,ProductoImagenesGaleriaMini
FN:8,(anonymous_1)
FNF:2
FNH:2
FNDA:2,ProductoImagenesGaleriaMini
FNDA:6,(anonymous_1)
DA:7,2
DA:9,6
DA:30,2
LF:3
LH:3
BRF:0
BRH:0
end_of_record
TN:
SF:src\components\ProductoMapa\ProductoMapa.jsx
FN:6,ProductoMapa
FNF:1
FNH:1
FNDA:1,ProductoMapa
DA:7,1
DA:8,1
DA:10,1
LF:3
LH:3
BRF:0
BRH:0
end_of_record
TN:
SF:src\components\ProductoPoliticas\ProductoPoliticas.jsx
FN:5,ProductoPoliticas
FN:13,(anonymous_1)
FN:17,(anonymous_2)
FNF:3
FNH:3
FNDA:1,ProductoPoliticas
FNDA:1,(anonymous_1)
FNDA:1,(anonymous_2)
DA:6,1
DA:8,1
DA:14,1
DA:18,1
LF:4
LH:4
BRF:0
BRH:0
end_of_record
TN:
SF:src\components\ProductoSocials\ProductoSocials.jsx
FN:7,(anonymous_0)
FN:52,ProductoSocials
FN:62,(anonymous_2)
FNF:3
FNH:3
FNDA:1,(anonymous_0)
FNDA:3,ProductoSocials
FNDA:1,(anonymous_2)
DA:7,3
DA:8,1
DA:9,1
DA:11,1
DA:53,3
DA:54,3
DA:55,3
DA:62,1
LF:8
LH:8
BRDA:64,0,0,3
BRDA:64,0,1,1
BRF:2
BRH:2
end_of_record
TN:
SF:src\components\ProductoUbicacion\ProductoUbicacion.jsx
FN:5,ProductoUbicacion
FNF:1
FNH:1
FNDA:1,ProductoUbicacion
DA:6,1
DA:8,1
LF:2
LH:2
BRF:0
BRH:0
end_of_record
TN:
SF:src\components\RedesSociales\RedesSociales.jsx
FN:3,RedesSociales
FNF:1
FNH:1
FNDA:27,RedesSociales
DA:4,27
LF:1
LH:1
BRDA:5,0,0,0
BRDA:5,0,1,27
BRF:2
BRH:1
end_of_record
TN:
SF:src\components\Registro\Registro.jsx
FN:9,(anonymous_0)
FN:30,(anonymous_1)
FN:50,(anonymous_2)
FN:59,Registro
FN:92,(anonymous_4)
FN:112,(anonymous_5)
FN:113,(anonymous_6)
FNF:7
FNH:3
FNDA:8,(anonymous_0)
FNDA:2,(anonymous_1)
FNDA:0,(anonymous_2)
FNDA:2,Registro
FNDA:0,(anonymous_4)
FNDA:0,(anonymous_5)
FNDA:0,(anonymous_6)
DA:9,3
DA:11,8
DA:12,8
DA:14,8
DA:30,3
DA:31,2
DA:32,2
DA:33,2
DA:35,2
DA:50,0
DA:60,2
DA:61,2
DA:62,2
DA:63,2
DA:65,2
DA:95,0
DA:102,0
DA:111,0
DA:112,0
DA:114,0
DA:116,0
DA:123,0
DA:126,0
DA:129,0
LF:24
LH:14
BRDA:12,0,0,8
BRDA:12,0,1,0
BRDA:20,1,0,0
BRDA:20,1,1,8
BRDA:25,2,0,8
BRDA:25,2,1,0
BRDA:33,3,0,2
BRDA:33,3,1,0
BRDA:41,4,0,0
BRDA:41,4,1,2
BRDA:44,5,0,0
BRDA:44,5,1,2
BRDA:48,6,0,0
BRDA:48,6,1,2
BRDA:54,7,0,2
BRDA:54,7,1,0
BRDA:114,8,0,0
BRDA:114,8,1,0
BRDA:180,9,0,2
BRDA:180,9,1,0
BRF:20
BRH:9
end_of_record
TN:
SF:src\components\ReservaCalendario\ReservaCalendario.jsx
FN:8,ReservaCalendario
FN:11,(anonymous_1)
FN:13,(anonymous_2)
FN:15,(anonymous_3)
FN:22,(anonymous_4)
FNF:5
FNH:3
FNDA:1,ReservaCalendario
FNDA:0,(anonymous_1)
FNDA:1,(anonymous_2)
FNDA:1,(anonymous_3)
FNDA:0,(anonymous_4)
DA:9,1
DA:11,1
DA:13,1
DA:14,1
DA:15,1
DA:17,1
DA:18,1
DA:22,1
DA:23,0
DA:24,0
DA:26,0
DA:30,1
LF:12
LH:9
BRDA:18,0,0,1
BRDA:18,0,1,0
BRDA:23,1,0,0
BRDA:23,1,1,0
BRDA:35,2,0,1
BRDA:35,2,1,0
BRF:6
BRH:2
end_of_record
TN:
SF:src\components\ReservaDatosUsuario\ReservaDatosUsuario.jsx
FN:3,ReservaDatosUsuario
FNF:1
FNH:1
FNDA:1,ReservaDatosUsuario
DA:4,1
LF:1
LH:1
BRF:0
BRH:0
end_of_record
TN:
SF:src\components\ReservaDetalle\ReservaDetalle.jsx
FN:5,ReservaDetalle
FNF:1
FNH:1
FNDA:1,ReservaDetalle
DA:6,1
DA:7,1
DA:10,1
DA:11,1
DA:16,1
DA:22,1
LF:6
LH:6
BRDA:11,0,0,1
BRDA:11,0,1,0
BRDA:16,1,0,1
BRDA:16,1,1,0
BRF:4
BRH:2
end_of_record
TN:
SF:src\components\ReservaHorario\ReservaHorario.jsx
FN:3,ReservaHorario
FNF:1
FNH:1
FNDA:1,ReservaHorario
DA:4,1
LF:1
LH:1
BRF:0
BRH:0
end_of_record
TN:
SF:src\components\ReservaOk\ReservaOk.jsx
FN:5,ReservaOk
FNF:1
FNH:1
FNDA:2,ReservaOk
DA:6,2
LF:1
LH:1
BRF:0
BRH:0
end_of_record
TN:
SF:src\components\SaludoRegistrado\SaludoRegistrado.jsx
FN:5,SaludoRegistrado
FN:8,(anonymous_1)
FNF:2
FNH:1
FNDA:1,SaludoRegistrado
FNDA:0,(anonymous_1)
DA:6,1
DA:8,1
DA:9,0
DA:12,1
LF:4
LH:3
BRDA:13,0,0,0
BRDA:13,0,1,1
BRDA:24,1,0,1
BRDA:24,1,1,1
BRF:4
BRH:3
end_of_record
TN:
SF:src\constants\index.js
FNF:0
FNH:0
DA:1,18
LF:1
LH:1
BRF:0
BRH:0
end_of_record
TN:
SF:src\context\AuthContext.jsx
FN:11,(anonymous_0)
FN:12,(anonymous_1)
FN:17,(anonymous_2)
FN:20,(anonymous_3)
FN:26,(anonymous_4)
FN:31,(anonymous_5)
FNF:6
FNH:2
FNDA:0,(anonymous_0)
FNDA:0,(anonymous_1)
FNDA:1,(anonymous_2)
FNDA:1,(anonymous_3)
FNDA:0,(anonymous_4)
FNDA:0,(anonymous_5)
DA:9,16
DA:15,16
DA:17,16
DA:18,1
DA:20,1
DA:21,1
DA:22,1
DA:26,1
DA:27,0
DA:28,0
DA:31,1
DA:32,0
DA:33,0
DA:36,1
LF:14
LH:10
BRDA:22,0,0,0
BRDA:22,0,1,1
BRF:2
BRH:1
end_of_record
TN:
SF:src\context\FavsContext.jsx
FN:6,(anonymous_0)
FN:7,(anonymous_1)
FN:8,(anonymous_2)
FN:13,(anonymous_3)
FN:16,(anonymous_4)
FN:25,(anonymous_5)
FN:32,(anonymous_6)
FNF:7
FNH:2
FNDA:0,(anonymous_0)
FNDA:0,(anonymous_1)
FNDA:0,(anonymous_2)
FNDA:1,(anonymous_3)
FNDA:1,(anonymous_4)
FNDA:0,(anonymous_5)
FNDA:0,(anonymous_6)
DA:4,8
DA:11,8
DA:13,8
DA:14,1
DA:16,1
DA:17,1
DA:18,1
DA:19,0
DA:21,1
DA:25,1
DA:26,0
DA:27,0
DA:28,0
DA:29,0
DA:32,1
DA:33,0
DA:34,0
DA:35,0
DA:36,0
DA:38,0
DA:39,0
DA:43,1
LF:22
LH:11
BRDA:18,0,0,0
BRDA:18,0,1,1
BRDA:35,1,0,0
BRDA:35,1,1,0
BRF:4
BRH:1
end_of_record
TN:
SF:src\context\FiltroContext.jsx
FN:8,(anonymous_0)
FN:9,(anonymous_1)
FN:10,(anonymous_2)
FN:15,(anonymous_3)
FN:27,(anonymous_4)
FN:55,(anonymous_5)
FN:81,(anonymous_6)
FN:90,(anonymous_7)
FN:95,(anonymous_8)
FNF:9
FNH:4
FNDA:1,(anonymous_0)
FNDA:1,(anonymous_1)
FNDA:0,(anonymous_2)
FNDA:3,(anonymous_3)
FNDA:0,(anonymous_4)
FNDA:0,(anonymous_5)
FNDA:0,(anonymous_6)
FNDA:0,(anonymous_7)
FNDA:2,(anonymous_8)
DA:4,16
DA:13,16
DA:15,16
DA:16,3
DA:17,3
DA:18,3
DA:25,3
DA:27,3
DA:28,0
DA:30,0
DA:31,0
DA:33,0
DA:34,0
DA:36,0
DA:38,0
DA:40,0
DA:42,0
DA:45,0
DA:46,0
DA:47,0
DA:48,0
DA:49,0
DA:51,0
DA:55,3
DA:56,0
DA:58,0
DA:59,0
DA:61,0
DA:62,0
DA:64,0
DA:65,0
DA:67,0
DA:68,0
DA:70,0
DA:76,0
DA:78,0
DA:81,3
DA:82,0
DA:90,3
DA:91,0
DA:92,0
DA:95,3
DA:96,2
DA:97,0
DA:99,2
DA:102,3
LF:46
LH:15
BRDA:30,0,0,0
BRDA:30,0,1,0
BRDA:33,1,0,0
BRDA:33,1,1,0
BRDA:36,2,0,0
BRDA:36,2,1,0
BRDA:40,3,0,0
BRDA:40,3,1,0
BRDA:47,4,0,0
BRDA:47,4,1,0
BRDA:56,5,0,0
BRDA:56,5,1,0
BRDA:58,6,0,0
BRDA:58,6,1,0
BRDA:61,7,0,0
BRDA:61,7,1,0
BRDA:64,8,0,0
BRDA:64,8,1,0
BRDA:67,9,0,0
BRDA:67,9,1,0
BRDA:71,10,0,0
BRDA:71,10,1,0
BRDA:71,10,2,0
BRDA:71,10,3,0
BRDA:96,11,0,0
BRDA:96,11,1,2
BRF:26
BRH:1
end_of_record
TN:
SF:src\context\ProdContext.jsx
FN:6,(anonymous_0)
FN:11,(anonymous_1)
FN:15,(anonymous_2)
FNF:3
FNH:2
FNDA:1,(anonymous_0)
FNDA:1,(anonymous_1)
FNDA:0,(anonymous_2)
DA:3,14
DA:9,14
DA:11,14
DA:12,1
DA:13,1
DA:15,1
DA:16,0
DA:17,0
DA:20,1
LF:9
LH:7
BRF:0
BRH:0
end_of_record
TN:
SF:src\customHooks\useFetch.jsx
FN:3,useFetch
FN:9,(anonymous_1)
FN:22,getData
FNF:3
FNH:3
FNDA:17,useFetch
FNDA:14,(anonymous_1)
FNDA:14,getData
DA:5,17
DA:6,17
DA:7,17
DA:9,17
DA:12,14
DA:13,2
DA:15,14
DA:23,14
DA:24,14
DA:25,14
DA:26,14
DA:27,0
DA:28,0
DA:29,0
DA:31,0
DA:32,0
DA:34,0
DA:38,14
DA:41,17
LF:19
LH:13
BRDA:12,0,0,2
BRDA:12,0,1,12
BRDA:27,1,0,0
BRDA:27,1,1,0
BRF:4
BRH:2
end_of_record
TN:
SF:src\pages\FavoritosPage\FavoritosPage.jsx
FN:15,FavoritosPage
FN:21,(anonymous_1)
FN:22,(anonymous_2)
FN:32,(anonymous_3)
FN:34,(anonymous_4)
FN:36,(anonymous_5)
FNF:6
FNH:4
FNDA:4,FavoritosPage
FNDA:1,(anonymous_1)
FNDA:0,(anonymous_2)
FNDA:1,(anonymous_3)
FNDA:0,(anonymous_4)
FNDA:1,(anonymous_5)
DA:8,2
DA:16,4
DA:17,4
DA:18,3
DA:19,3
DA:21,3
DA:22,1
DA:23,0
DA:24,0
DA:25,0
DA:26,0
DA:27,0
DA:28,0
DA:29,0
DA:32,1
DA:33,1
DA:35,0
DA:37,1
DA:41,3
LF:19
LH:11
BRDA:24,0,0,0
BRDA:24,0,1,0
BRDA:27,1,0,0
BRDA:27,1,1,0
BRDA:43,2,0,3
BRDA:43,2,1,0
BRDA:47,3,0,0
BRDA:47,3,1,0
BRF:8
BRH:1
end_of_record
TN:
SF:src\pages\HomePage\HomePage.jsx
FN:13,HomePage
FN:30,(anonymous_1)
FN:32,(anonymous_2)
FNF:3
FNH:2
FNDA:3,HomePage
FNDA:0,(anonymous_1)
FNDA:3,(anonymous_2)
DA:14,3
DA:16,3
DA:17,3
DA:20,3
DA:25,3
DA:28,3
DA:30,3
DA:32,3
DA:34,3
DA:35,2
DA:39,3
LF:11
LH:11
BRDA:34,0,0,2
BRDA:34,0,1,1
BRDA:44,1,0,0
BRDA:44,1,1,3
BRDA:51,2,0,1
BRDA:51,2,1,2
BRDA:54,3,0,3
BRDA:54,3,1,3
BRF:8
BRH:7
end_of_record
TN:
SF:src\pages\LoginPage\LoginPage.jsx
FN:4,LoginPage
FNF:1
FNH:1
FNDA:1,LoginPage
DA:5,1
LF:1
LH:1
BRF:0
BRH:0
end_of_record
TN:
SF:src\pages\Producto\Producto.jsx
FN:19,Producto
FN:34,(anonymous_1)
FNF:2
FNH:2
FNDA:1,Producto
FNDA:1,(anonymous_1)
DA:20,1
DA:22,1
DA:28,1
DA:29,1
DA:33,1
DA:34,1
DA:35,1
DA:38,1
LF:8
LH:8
BRDA:40,0,0,1
BRDA:40,0,1,0
BRDA:42,1,0,0
BRDA:42,1,1,0
BRF:4
BRH:1
end_of_record
TN:
SF:src\pages\RegistroPage\RegistroPage.jsx
FN:4,RegistroPage
FNF:1
FNH:1
FNDA:1,RegistroPage
DA:5,1
LF:1
LH:1
BRF:0
BRH:0
end_of_record
TN:
SF:src\pages\Reserva\Reserva.jsx
FN:20,Reserva
FN:39,(anonymous_1)
FN:50,(anonymous_2)
FN:58,(anonymous_3)
FN:92,(anonymous_4)
FN:99,(anonymous_5)
FNF:6
FNH:2
FNDA:1,Reserva
FNDA:1,(anonymous_1)
FNDA:0,(anonymous_2)
FNDA:0,(anonymous_3)
FNDA:0,(anonymous_4)
FNDA:0,(anonymous_5)
DA:21,1
DA:22,1
DA:23,1
DA:24,1
DA:25,1
DA:26,1
DA:29,1
DA:30,1
DA:35,1
DA:36,1
DA:38,1
DA:39,1
DA:40,1
DA:45,1
DA:46,1
DA:47,1
DA:48,1
DA:50,1
DA:51,0
DA:52,0
DA:53,0
DA:56,1
DA:58,1
DA:59,0
DA:60,0
DA:62,0
DA:63,0
DA:69,0
DA:71,0
DA:84,0
DA:93,0
DA:94,0
DA:96,0
DA:100,0
DA:101,0
DA:108,1
LF:36
LH:21
BRDA:24,0,0,1
BRDA:24,0,1,0
BRDA:63,1,0,0
BRDA:63,1,1,0
BRDA:64,2,0,0
BRDA:64,2,1,0
BRDA:64,2,2,0
BRDA:64,2,3,0
BRDA:93,3,0,0
BRDA:93,3,1,0
BRDA:110,4,0,1
BRDA:110,4,1,0
BRDA:112,5,0,1
BRDA:112,5,1,0
BRDA:114,6,0,0
BRDA:114,6,1,0
BRF:16
BRH:3
end_of_record
TN:
SF:src\pages\ReservaExitosa\ReservaExitosa.jsx
FN:4,ReservaExitosa
FNF:1
FNH:1
FNDA:1,ReservaExitosa
DA:6,1
LF:1
LH:1
BRF:0
BRH:0
end_of_record
TN:
SF:src\utils\auth.js
FN:1,(anonymous_0)
FN:5,(anonymous_1)
FN:9,(anonymous_2)
FNF:3
FNH:1
FNDA:0,(anonymous_0)
FNDA:1,(anonymous_1)
FNDA:0,(anonymous_2)
DA:1,16
DA:2,0
DA:5,16
DA:6,1
DA:9,16
DA:10,0
LF:6
LH:4
BRF:0
BRH:0
end_of_record
TN:
SF:src\utils\dates.js
FN:1,getDaysBetweenTwoDates
FN:13,getFechasOcupadasFromReservas
FN:23,isDateRangeOccupied
FN:24,(anonymous_3)
FNF:4
FNH:2
FNDA:2,getDaysBetweenTwoDates
FNDA:2,getFechasOcupadasFromReservas
FNDA:0,isDateRangeOccupied
FNDA:0,(anonymous_3)
DA:2,2
DA:3,2
DA:4,2
DA:8,0
DA:10,2
DA:14,2
DA:15,2
DA:16,2
DA:20,2
DA:24,0
LF:10
LH:8
BRDA:23,0,0,0
BRDA:24,1,0,0
BRDA:24,1,1,0
BRF:3
BRH:0
end_of_record
TN:
SF:src\utils\favs.js
FN:1,(anonymous_0)
FN:5,(anonymous_1)
FN:9,(anonymous_2)
FNF:3
FNH:2
FNDA:1,(anonymous_0)
FNDA:1,(anonymous_1)
FNDA:0,(anonymous_2)
DA:1,8
DA:2,1
DA:5,8
DA:6,1
DA:9,8
DA:10,0
LF:6
LH:5
BRF:0
BRH:0
end_of_record
