{"C:\\Users\\anbra\\OneDrive\\Desktop\\CTD\\ProyectoIntegrador\\grupo-3\\front\\src\\App.jsx": {"path":"C:\\Users\\anbra\\OneDrive\\Desktop\\CTD\\ProyectoIntegrador\\grupo-3\\front\\src\\App.jsx","statementMap":{"0":{"start":{"line":14,"column":2},"end":{"line":34,"column":4}}},"fnMap":{"0":{"name":"App","decl":{"start":{"line":13,"column":9},"end":{"line":13,"column":12}},"loc":{"start":{"line":13,"column":15},"end":{"line":35,"column":1}},"line":13}},"branchMap":{},"s":{"0":1},"f":{"0":1},"b":{},"_coverageSchema":"1a1c01bbd47fc00a2c39e90264f33305004495a9","hash":"18d9b3748302c7ea25452a981b77dd2865357caa"}
,"C:\\Users\\anbra\\OneDrive\\Desktop\\CTD\\ProyectoIntegrador\\grupo-3\\front\\src\\index.js": {"path":"C:\\Users\\anbra\\OneDrive\\Desktop\\CTD\\ProyectoIntegrador\\grupo-3\\front\\src\\index.js","statementMap":{"0":{"start":{"line":5,"column":0},"end":{"line":10,"column":2}}},"fnMap":{},"branchMap":{},"s":{"0":0},"f":{},"b":{}}
,"C:\\Users\\anbra\\OneDrive\\Desktop\\CTD\\ProyectoIntegrador\\grupo-3\\front\\src\\components\\Buscador\\Buscador.jsx": {"path":"C:\\Users\\anbra\\OneDrive\\Desktop\\CTD\\ProyectoIntegrador\\grupo-3\\front\\src\\components\\Buscador\\Buscador.jsx","statementMap":{"0":{"start":{"line":13,"column":62},"end":{"line":13,"column":73}},"1":{"start":{"line":15,"column":29},"end":{"line":15,"column":72}},"2":{"start":{"line":18,"column":2},"end":{"line":18,"column":29}},"3":{"start":{"line":19,"column":24},"end":{"line":19,"column":49}},"4":{"start":{"line":21,"column":17},"end":{"line":33,"column":3}},"5":{"start":{"line":22,"column":4},"end":{"line":32,"column":5}},"6":{"start":{"line":23,"column":18},"end":{"line":25,"column":7}},"7":{"start":{"line":26,"column":19},"end":{"line":26,"column":35}},"8":{"start":{"line":27,"column":6},"end":{"line":29,"column":62}},"9":{"start":{"line":31,"column":6},"end":{"line":31,"column":25}},"10":{"start":{"line":35,"column":24},"end":{"line":39,"column":3}},"11":{"start":{"line":36,"column":4},"end":{"line":36,"column":19}},"12":{"start":{"line":37,"column":4},"end":{"line":37,"column":25}},"13":{"start":{"line":38,"column":4},"end":{"line":38,"column":50}},"14":{"start":{"line":42,"column":24},"end":{"line":53,"column":3}},"15":{"start":{"line":43,"column":4},"end":{"line":43,"column":23}},"16":{"start":{"line":45,"column":25},"end":{"line":49,"column":5}},"17":{"start":{"line":51,"column":4},"end":{"line":51,"column":34}},"18":{"start":{"line":52,"column":4},"end":{"line":52,"column":20}},"19":{"start":{"line":55,"column":24},"end":{"line":58,"column":3}},"20":{"start":{"line":57,"column":4},"end":{"line":57,"column":23}},"21":{"start":{"line":60,"column":24},"end":{"line":63,"column":3}},"22":{"start":{"line":61,"column":25},"end":{"line":61,"column":30}},"23":{"start":{"line":62,"column":4},"end":{"line":62,"column":25}},"24":{"start":{"line":65,"column":2},"end":{"line":97,"column":4}}},"fnMap":{"0":{"name":"Buscador","decl":{"start":{"line":11,"column":9},"end":{"line":11,"column":17}},"loc":{"start":{"line":11,"column":20},"end":{"line":98,"column":1}},"line":11},"1":{"name":"(anonymous_1)","decl":{"start":{"line":21,"column":17},"end":{"line":21,"column":18}},"loc":{"start":{"line":21,"column":37},"end":{"line":33,"column":3}},"line":21},"2":{"name":"(anonymous_2)","decl":{"start":{"line":35,"column":24},"end":{"line":35,"column":25}},"loc":{"start":{"line":35,"column":30},"end":{"line":39,"column":3}},"line":35},"3":{"name":"(anonymous_3)","decl":{"start":{"line":42,"column":24},"end":{"line":42,"column":25}},"loc":{"start":{"line":42,"column":31},"end":{"line":53,"column":3}},"line":42},"4":{"name":"(anonymous_4)","decl":{"start":{"line":55,"column":24},"end":{"line":55,"column":25}},"loc":{"start":{"line":55,"column":38},"end":{"line":58,"column":3}},"line":55},"5":{"name":"(anonymous_5)","decl":{"start":{"line":60,"column":24},"end":{"line":60,"column":25}},"loc":{"start":{"line":60,"column":35},"end":{"line":63,"column":3}},"line":60}},"branchMap":{"0":{"loc":{"start":{"line":27,"column":6},"end":{"line":29,"column":61}},"type":"cond-expr","locations":[{"start":{"line":28,"column":10},"end":{"line":28,"column":48}},{"start":{"line":29,"column":10},"end":{"line":29,"column":61}}],"line":27}},"s":{"0":5,"1":5,"2":5,"3":5,"4":5,"5":1,"6":1,"7":0,"8":0,"9":0,"10":5,"11":1,"12":1,"13":1,"14":5,"15":1,"16":1,"17":1,"18":1,"19":5,"20":0,"21":5,"22":0,"23":0,"24":5},"f":{"0":5,"1":1,"2":1,"3":1,"4":0,"5":0},"b":{"0":[0,0]},"_coverageSchema":"1a1c01bbd47fc00a2c39e90264f33305004495a9","hash":"0051f8c21f3861848ee51b5aac7afdb879d4c5da"}
,"C:\\Users\\anbra\\OneDrive\\Desktop\\CTD\\ProyectoIntegrador\\grupo-3\\front\\src\\components\\Buscador\\SelectCiudad.jsx": {"path":"C:\\Users\\anbra\\OneDrive\\Desktop\\CTD\\ProyectoIntegrador\\grupo-3\\front\\src\\components\\Buscador\\SelectCiudad.jsx","statementMap":{"0":{"start":{"line":5,"column":21},"end":{"line":15,"column":1}},"1":{"start":{"line":6,"column":2},"end":{"line":14,"column":4}},"2":{"start":{"line":18,"column":18},"end":{"line":22,"column":5}},"3":{"start":{"line":18,"column":40},"end":{"line":22,"column":3}},"4":{"start":{"line":24,"column":17},"end":{"line":59,"column":3}},"5":{"start":{"line":25,"column":28},"end":{"line":29,"column":5}},"6":{"start":{"line":30,"column":34},"end":{"line":35,"column":5}},"7":{"start":{"line":36,"column":35},"end":{"line":41,"column":5}},"8":{"start":{"line":42,"column":26},"end":{"line":47,"column":5}},"9":{"start":{"line":49,"column":6},"end":{"line":52,"column":6}},"10":{"start":{"line":53,"column":31},"end":{"line":55,"column":5}},"11":{"start":{"line":56,"column":30},"end":{"line":58,"column":5}},"12":{"start":{"line":61,"column":23},"end":{"line":63,"column":3}},"13":{"start":{"line":62,"column":4},"end":{"line":62,"column":79}},"14":{"start":{"line":65,"column":2},"end":{"line":74,"column":4}}},"fnMap":{"0":{"name":"(anonymous_0)","decl":{"start":{"line":5,"column":21},"end":{"line":5,"column":22}},"loc":{"start":{"line":5,"column":53},"end":{"line":15,"column":1}},"line":5},"1":{"name":"SelectCiudad","decl":{"start":{"line":17,"column":9},"end":{"line":17,"column":21}},"loc":{"start":{"line":17,"column":46},"end":{"line":75,"column":1}},"line":17},"2":{"name":"(anonymous_2)","decl":{"start":{"line":18,"column":32},"end":{"line":18,"column":33}},"loc":{"start":{"line":18,"column":40},"end":{"line":22,"column":3}},"line":18},"3":{"name":"(anonymous_3)","decl":{"start":{"line":25,"column":13},"end":{"line":25,"column":14}},"loc":{"start":{"line":25,"column":28},"end":{"line":29,"column":5}},"line":25},"4":{"name":"(anonymous_4)","decl":{"start":{"line":30,"column":12},"end":{"line":30,"column":13}},"loc":{"start":{"line":30,"column":34},"end":{"line":35,"column":5}},"line":30},"5":{"name":"(anonymous_5)","decl":{"start":{"line":36,"column":20},"end":{"line":36,"column":21}},"loc":{"start":{"line":36,"column":35},"end":{"line":41,"column":5}},"line":36},"6":{"name":"(anonymous_6)","decl":{"start":{"line":42,"column":11},"end":{"line":42,"column":12}},"loc":{"start":{"line":42,"column":26},"end":{"line":47,"column":5}},"line":42},"7":{"name":"(anonymous_7)","decl":{"start":{"line":48,"column":17},"end":{"line":48,"column":18}},"loc":{"start":{"line":48,"column":38},"end":{"line":52,"column":7}},"line":48},"8":{"name":"(anonymous_8)","decl":{"start":{"line":53,"column":24},"end":{"line":53,"column":25}},"loc":{"start":{"line":53,"column":31},"end":{"line":55,"column":5}},"line":53},"9":{"name":"(anonymous_9)","decl":{"start":{"line":56,"column":23},"end":{"line":56,"column":24}},"loc":{"start":{"line":56,"column":30},"end":{"line":58,"column":5}},"line":56},"10":{"name":"(anonymous_10)","decl":{"start":{"line":61,"column":23},"end":{"line":61,"column":24}},"loc":{"start":{"line":61,"column":47},"end":{"line":63,"column":3}},"line":61}},"branchMap":{"0":{"loc":{"start":{"line":34,"column":23},"end":{"line":34,"column":71}},"type":"cond-expr","locations":[{"start":{"line":34,"column":41},"end":{"line":34,"column":66}},{"start":{"line":34,"column":69},"end":{"line":34,"column":71}}],"line":34},"1":{"loc":{"start":{"line":51,"column":15},"end":{"line":51,"column":53}},"type":"cond-expr","locations":[{"start":{"line":51,"column":46},"end":{"line":51,"column":49}},{"start":{"line":51,"column":52},"end":{"line":51,"column":53}}],"line":51}},"s":{"0":4,"1":0,"2":6,"3":2,"4":6,"5":6,"6":0,"7":6,"8":6,"9":2,"10":6,"11":6,"12":6,"13":0,"14":6},"f":{"0":0,"1":6,"2":2,"3":6,"4":0,"5":6,"6":6,"7":2,"8":6,"9":6,"10":0},"b":{"0":[0,0],"1":[0,2]},"_coverageSchema":"1a1c01bbd47fc00a2c39e90264f33305004495a9","hash":"5cf069896bdca088696ba35181b2583f0ccdf5df"}
,"C:\\Users\\anbra\\OneDrive\\Desktop\\CTD\\ProyectoIntegrador\\grupo-3\\front\\src\\components\\Card\\Card.jsx": {"path":"C:\\Users\\anbra\\OneDrive\\Desktop\\CTD\\ProyectoIntegrador\\grupo-3\\front\\src\\components\\Card\\Card.jsx","statementMap":{"0":{"start":{"line":14,"column":6},"end":{"line":14,"column":14}},"1":{"start":{"line":16,"column":2},"end":{"line":66,"column":4}},"2":{"start":{"line":49,"column":12},"end":{"line":51,"column":17}}},"fnMap":{"0":{"name":"Card","decl":{"start":{"line":5,"column":9},"end":{"line":5,"column":13}},"loc":{"start":{"line":5,"column":28},"end":{"line":67,"column":1}},"line":5},"1":{"name":"(anonymous_1)","decl":{"start":{"line":48,"column":32},"end":{"line":48,"column":33}},"loc":{"start":{"line":49,"column":12},"end":{"line":51,"column":17}},"line":49}},"branchMap":{},"s":{"0":1,"1":1,"2":0},"f":{"0":1,"1":0},"b":{},"_coverageSchema":"1a1c01bbd47fc00a2c39e90264f33305004495a9","hash":"3862f5ab185adbc2a37a4f3c1ea6991fed687140"}
,"C:\\Users\\anbra\\OneDrive\\Desktop\\CTD\\ProyectoIntegrador\\grupo-3\\front\\src\\components\\CardCategoria\\CardCategoria.jsx": {"path":"C:\\Users\\anbra\\OneDrive\\Desktop\\CTD\\ProyectoIntegrador\\grupo-3\\front\\src\\components\\CardCategoria\\CardCategoria.jsx","statementMap":{"0":{"start":{"line":6,"column":58},"end":{"line":6,"column":67}},"1":{"start":{"line":7,"column":21},"end":{"line":7,"column":46}},"2":{"start":{"line":9,"column":2},"end":{"line":24,"column":4}},"3":{"start":{"line":13,"column":21},"end":{"line":13,"column":55}}},"fnMap":{"0":{"name":"CardCategoria","decl":{"start":{"line":5,"column":9},"end":{"line":5,"column":22}},"loc":{"start":{"line":5,"column":53},"end":{"line":25,"column":1}},"line":5},"1":{"name":"(anonymous_1)","decl":{"start":{"line":13,"column":15},"end":{"line":13,"column":16}},"loc":{"start":{"line":13,"column":21},"end":{"line":13,"column":55}},"line":13}},"branchMap":{"0":{"loc":{"start":{"line":11,"column":35},"end":{"line":11,"column":75}},"type":"cond-expr","locations":[{"start":{"line":11,"column":55},"end":{"line":11,"column":70}},{"start":{"line":11,"column":73},"end":{"line":11,"column":75}}],"line":11},"1":{"loc":{"start":{"line":15,"column":44},"end":{"line":15,"column":70}},"type":"cond-expr","locations":[{"start":{"line":15,"column":53},"end":{"line":15,"column":65}},{"start":{"line":15,"column":68},"end":{"line":15,"column":70}}],"line":15}},"s":{"0":1,"1":1,"2":1,"3":0},"f":{"0":1,"1":0},"b":{"0":[0,1],"1":[0,1]},"_coverageSchema":"1a1c01bbd47fc00a2c39e90264f33305004495a9","hash":"befd979185aba0ca31582d64c657eeb326ee6cea"}
,"C:\\Users\\anbra\\OneDrive\\Desktop\\CTD\\ProyectoIntegrador\\grupo-3\\front\\src\\components\\CardList\\CardList.jsx": {"path":"C:\\Users\\anbra\\OneDrive\\Desktop\\CTD\\ProyectoIntegrador\\grupo-3\\front\\src\\components\\CardList\\CardList.jsx","statementMap":{"0":{"start":{"line":6,"column":2},"end":{"line":15,"column":4}},"1":{"start":{"line":11,"column":10},"end":{"line":11,"column":56}}},"fnMap":{"0":{"name":"CardList","decl":{"start":{"line":4,"column":9},"end":{"line":4,"column":17}},"loc":{"start":{"line":4,"column":71},"end":{"line":16,"column":1}},"line":4},"1":{"name":"(anonymous_1)","decl":{"start":{"line":10,"column":24},"end":{"line":10,"column":25}},"loc":{"start":{"line":11,"column":10},"end":{"line":11,"column":56}},"line":11}},"branchMap":{"0":{"loc":{"start":{"line":4,"column":31},"end":{"line":4,"column":57}},"type":"default-arg","locations":[{"start":{"line":4,"column":40},"end":{"line":4,"column":57}}],"line":4}},"s":{"0":4,"1":0},"f":{"0":4,"1":0},"b":{"0":[1]},"_coverageSchema":"1a1c01bbd47fc00a2c39e90264f33305004495a9","hash":"54cd1a00156ace905014c15a9b8b1ef9f8b45936"}
,"C:\\Users\\anbra\\OneDrive\\Desktop\\CTD\\ProyectoIntegrador\\grupo-3\\front\\src\\components\\CategoriaList\\CategoriaList.jsx": {"path":"C:\\Users\\anbra\\OneDrive\\Desktop\\CTD\\ProyectoIntegrador\\grupo-3\\front\\src\\components\\CategoriaList\\CategoriaList.jsx","statementMap":{"0":{"start":{"line":11,"column":64},"end":{"line":11,"column":75}},"1":{"start":{"line":17,"column":6},"end":{"line":17,"column":51}},"2":{"start":{"line":19,"column":32},"end":{"line":19,"column":57}},"3":{"start":{"line":21,"column":24},"end":{"line":31,"column":3}},"4":{"start":{"line":22,"column":4},"end":{"line":30,"column":5}},"5":{"start":{"line":23,"column":18},"end":{"line":25,"column":7}},"6":{"start":{"line":26,"column":19},"end":{"line":26,"column":35}},"7":{"start":{"line":27,"column":6},"end":{"line":27,"column":30}},"8":{"start":{"line":29,"column":6},"end":{"line":29,"column":25}},"9":{"start":{"line":33,"column":24},"end":{"line":35,"column":3}},"10":{"start":{"line":34,"column":4},"end":{"line":34,"column":18}},"11":{"start":{"line":37,"column":2},"end":{"line":66,"column":4}},"12":{"start":{"line":45,"column":27},"end":{"line":45,"column":42}},"13":{"start":{"line":56,"column":14},"end":{"line":60,"column":16}}},"fnMap":{"0":{"name":"CategoriaList","decl":{"start":{"line":10,"column":9},"end":{"line":10,"column":22}},"loc":{"start":{"line":10,"column":34},"end":{"line":67,"column":1}},"line":10},"1":{"name":"(anonymous_1)","decl":{"start":{"line":21,"column":24},"end":{"line":21,"column":25}},"loc":{"start":{"line":21,"column":55},"end":{"line":31,"column":3}},"line":21},"2":{"name":"(anonymous_2)","decl":{"start":{"line":33,"column":24},"end":{"line":33,"column":25}},"loc":{"start":{"line":33,"column":30},"end":{"line":35,"column":3}},"line":33},"3":{"name":"(anonymous_3)","decl":{"start":{"line":45,"column":21},"end":{"line":45,"column":22}},"loc":{"start":{"line":45,"column":27},"end":{"line":45,"column":42}},"line":45},"4":{"name":"(anonymous_4)","decl":{"start":{"line":55,"column":29},"end":{"line":55,"column":30}},"loc":{"start":{"line":56,"column":14},"end":{"line":60,"column":16}},"line":56}},"branchMap":{"0":{"loc":{"start":{"line":39,"column":7},"end":{"line":39,"column":34}},"type":"binary-expr","locations":[{"start":{"line":39,"column":7},"end":{"line":39,"column":16}},{"start":{"line":39,"column":20},"end":{"line":39,"column":34}}],"line":39},"1":{"loc":{"start":{"line":44,"column":36},"end":{"line":44,"column":72}},"type":"cond-expr","locations":[{"start":{"line":44,"column":45},"end":{"line":44,"column":67}},{"start":{"line":44,"column":70},"end":{"line":44,"column":72}}],"line":44},"2":{"loc":{"start":{"line":51,"column":9},"end":{"line":63,"column":9}},"type":"cond-expr","locations":[{"start":{"line":52,"column":10},"end":{"line":52,"column":59}},{"start":{"line":54,"column":10},"end":{"line":62,"column":15}}],"line":51}},"s":{"0":5,"1":5,"2":5,"3":5,"4":0,"5":0,"6":0,"7":0,"8":0,"9":5,"10":1,"11":5,"12":1,"13":0},"f":{"0":5,"1":0,"2":1,"3":1,"4":0},"b":{"0":[5,5],"1":[0,5],"2":[0,5]},"_coverageSchema":"1a1c01bbd47fc00a2c39e90264f33305004495a9","hash":"f78dcd21c4d786c58593241142dd5c243384a84b"}
,"C:\\Users\\anbra\\OneDrive\\Desktop\\CTD\\ProyectoIntegrador\\grupo-3\\front\\src\\components\\Error\\Error.jsx": {"path":"C:\\Users\\anbra\\OneDrive\\Desktop\\CTD\\ProyectoIntegrador\\grupo-3\\front\\src\\components\\Error\\Error.jsx","statementMap":{"0":{"start":{"line":1,"column":14},"end":{"line":22,"column":1}},"1":{"start":{"line":3,"column":32},"end":{"line":6,"column":5}},"2":{"start":{"line":7,"column":23},"end":{"line":15,"column":5}},"3":{"start":{"line":17,"column":4},"end":{"line":21,"column":7}}},"fnMap":{"0":{"name":"(anonymous_0)","decl":{"start":{"line":1,"column":14},"end":{"line":1,"column":15}},"loc":{"start":{"line":1,"column":26},"end":{"line":22,"column":1}},"line":1}},"branchMap":{},"s":{"0":5,"1":1,"2":1,"3":1},"f":{"0":1},"b":{},"_coverageSchema":"1a1c01bbd47fc00a2c39e90264f33305004495a9","hash":"0abdffa1b3046263b473f8a4f460d2c5aaa91464"}
,"C:\\Users\\anbra\\OneDrive\\Desktop\\CTD\\ProyectoIntegrador\\grupo-3\\front\\src\\components\\FavHeart\\FavHeart.jsx": {"path":"C:\\Users\\anbra\\OneDrive\\Desktop\\CTD\\ProyectoIntegrador\\grupo-3\\front\\src\\components\\FavHeart\\FavHeart.jsx","statementMap":{"0":{"start":{"line":5,"column":17},"end":{"line":28,"column":1}},"1":{"start":{"line":11,"column":41},"end":{"line":11,"column":64}},"2":{"start":{"line":12,"column":24},"end":{"line":12,"column":59}},"3":{"start":{"line":14,"column":22},"end":{"line":17,"column":3}},"4":{"start":{"line":15,"column":4},"end":{"line":15,"column":57}},"5":{"start":{"line":16,"column":4},"end":{"line":16,"column":17}},"6":{"start":{"line":19,"column":2},"end":{"line":27,"column":4}}},"fnMap":{"0":{"name":"(anonymous_0)","decl":{"start":{"line":5,"column":17},"end":{"line":5,"column":18}},"loc":{"start":{"line":10,"column":6},"end":{"line":28,"column":1}},"line":10},"1":{"name":"(anonymous_1)","decl":{"start":{"line":14,"column":22},"end":{"line":14,"column":23}},"loc":{"start":{"line":14,"column":28},"end":{"line":17,"column":3}},"line":14}},"branchMap":{"0":{"loc":{"start":{"line":7,"column":2},"end":{"line":7,"column":29}},"type":"default-arg","locations":[{"start":{"line":7,"column":12},"end":{"line":7,"column":29}}],"line":7},"1":{"loc":{"start":{"line":8,"column":2},"end":{"line":8,"column":31}},"type":"default-arg","locations":[{"start":{"line":8,"column":13},"end":{"line":8,"column":31}}],"line":8},"2":{"loc":{"start":{"line":15,"column":4},"end":{"line":15,"column":56}},"type":"cond-expr","locations":[{"start":{"line":15,"column":11},"end":{"line":15,"column":32}},{"start":{"line":15,"column":35},"end":{"line":15,"column":56}}],"line":15},"3":{"loc":{"start":{"line":21,"column":33},"end":{"line":21,"column":71}},"type":"cond-expr","locations":[{"start":{"line":21,"column":40},"end":{"line":21,"column":54}},{"start":{"line":21,"column":57},"end":{"line":21,"column":71}}],"line":21},"4":{"loc":{"start":{"line":24,"column":22},"end":{"line":24,"column":47}},"type":"cond-expr","locations":[{"start":{"line":24,"column":29},"end":{"line":24,"column":36}},{"start":{"line":24,"column":39},"end":{"line":24,"column":47}}],"line":24}},"s":{"0":8,"1":5,"2":5,"3":5,"4":0,"5":0,"6":5},"f":{"0":5,"1":0},"b":{"0":[5],"1":[4],"2":[0,0],"3":[0,5],"4":[0,5]},"_coverageSchema":"1a1c01bbd47fc00a2c39e90264f33305004495a9","hash":"4a7052f4ff7b41cfffa07eb654a3d47a8f20cb08"}
,"C:\\Users\\anbra\\OneDrive\\Desktop\\CTD\\ProyectoIntegrador\\grupo-3\\front\\src\\components\\Footer\\Footer.jsx": {"path":"C:\\Users\\anbra\\OneDrive\\Desktop\\CTD\\ProyectoIntegrador\\grupo-3\\front\\src\\components\\Footer\\Footer.jsx","statementMap":{"0":{"start":{"line":7,"column":4},"end":{"line":15,"column":5}}},"fnMap":{"0":{"name":"Footer","decl":{"start":{"line":5,"column":9},"end":{"line":5,"column":15}},"loc":{"start":{"line":5,"column":18},"end":{"line":16,"column":3}},"line":5}},"branchMap":{},"s":{"0":11},"f":{"0":11},"b":{},"_coverageSchema":"1a1c01bbd47fc00a2c39e90264f33305004495a9","hash":"5cef6afdaa0d4e35370632eb572c0cb8e14072da"}
,"C:\\Users\\anbra\\OneDrive\\Desktop\\CTD\\ProyectoIntegrador\\grupo-3\\front\\src\\components\\Header\\Header.jsx": {"path":"C:\\Users\\anbra\\OneDrive\\Desktop\\CTD\\ProyectoIntegrador\\grupo-3\\front\\src\\components\\Header\\Header.jsx","statementMap":{"0":{"start":{"line":11,"column":26},"end":{"line":11,"column":41}},"1":{"start":{"line":12,"column":27},"end":{"line":12,"column":50}},"2":{"start":{"line":14,"column":15},"end":{"line":16,"column":3}},"3":{"start":{"line":15,"column":4},"end":{"line":15,"column":13}},"4":{"start":{"line":18,"column":2},"end":{"line":110,"column":4}},"5":{"start":{"line":52,"column":25},"end":{"line":52,"column":39}},"6":{"start":{"line":62,"column":37},"end":{"line":62,"column":51}}},"fnMap":{"0":{"name":"Header","decl":{"start":{"line":10,"column":9},"end":{"line":10,"column":15}},"loc":{"start":{"line":10,"column":26},"end":{"line":111,"column":1}},"line":10},"1":{"name":"(anonymous_1)","decl":{"start":{"line":14,"column":15},"end":{"line":14,"column":16}},"loc":{"start":{"line":14,"column":21},"end":{"line":16,"column":3}},"line":14},"2":{"name":"(anonymous_2)","decl":{"start":{"line":52,"column":19},"end":{"line":52,"column":20}},"loc":{"start":{"line":52,"column":25},"end":{"line":52,"column":39}},"line":52},"3":{"name":"(anonymous_3)","decl":{"start":{"line":62,"column":31},"end":{"line":62,"column":32}},"loc":{"start":{"line":62,"column":37},"end":{"line":62,"column":51}},"line":62}},"branchMap":{"0":{"loc":{"start":{"line":23,"column":9},"end":{"line":47,"column":9}},"type":"cond-expr","locations":[{"start":{"line":24,"column":10},"end":{"line":33,"column":13}},{"start":{"line":35,"column":10},"end":{"line":46,"column":13}}],"line":23},"1":{"loc":{"start":{"line":25,"column":13},"end":{"line":29,"column":13}},"type":"binary-expr","locations":[{"start":{"line":25,"column":13},"end":{"line":25,"column":34}},{"start":{"line":26,"column":14},"end":{"line":28,"column":21}}],"line":25},"2":{"loc":{"start":{"line":36,"column":13},"end":{"line":40,"column":13}},"type":"binary-expr","locations":[{"start":{"line":36,"column":13},"end":{"line":36,"column":33}},{"start":{"line":37,"column":14},"end":{"line":39,"column":21}}],"line":36},"3":{"loc":{"start":{"line":41,"column":13},"end":{"line":45,"column":13}},"type":"binary-expr","locations":[{"start":{"line":41,"column":13},"end":{"line":41,"column":30}},{"start":{"line":42,"column":14},"end":{"line":44,"column":21}}],"line":41},"4":{"loc":{"start":{"line":59,"column":39},"end":{"line":59,"column":66}},"type":"cond-expr","locations":[{"start":{"line":59,"column":46},"end":{"line":59,"column":61}},{"start":{"line":59,"column":64},"end":{"line":59,"column":66}}],"line":59},"5":{"loc":{"start":{"line":66,"column":15},"end":{"line":66,"column":67}},"type":"cond-expr","locations":[{"start":{"line":66,"column":22},"end":{"line":66,"column":53}},{"start":{"line":66,"column":56},"end":{"line":66,"column":67}}],"line":66},"6":{"loc":{"start":{"line":71,"column":17},"end":{"line":88,"column":17}},"type":"cond-expr","locations":[{"start":{"line":72,"column":18},"end":{"line":74,"column":23}},{"start":{"line":76,"column":18},"end":{"line":87,"column":21}}],"line":71},"7":{"loc":{"start":{"line":77,"column":21},"end":{"line":81,"column":21}},"type":"binary-expr","locations":[{"start":{"line":77,"column":21},"end":{"line":77,"column":41}},{"start":{"line":78,"column":22},"end":{"line":80,"column":27}}],"line":77},"8":{"loc":{"start":{"line":82,"column":21},"end":{"line":86,"column":21}},"type":"binary-expr","locations":[{"start":{"line":82,"column":21},"end":{"line":82,"column":38}},{"start":{"line":83,"column":22},"end":{"line":85,"column":27}}],"line":82},"9":{"loc":{"start":{"line":94,"column":13},"end":{"line":104,"column":13}},"type":"cond-expr","locations":[{"start":{"line":95,"column":14},"end":{"line":101,"column":18}},{"start":{"line":103,"column":14},"end":{"line":103,"column":21}}],"line":94}},"s":{"0":11,"1":11,"2":11,"3":0,"4":11,"5":0,"6":0},"f":{"0":11,"1":0,"2":0,"3":0},"b":{"0":[0,11],"1":[0,0],"2":[11,11],"3":[11,11],"4":[0,11],"5":[0,11],"6":[0,11],"7":[11,11],"8":[11,11],"9":[0,11]},"_coverageSchema":"1a1c01bbd47fc00a2c39e90264f33305004495a9","hash":"b0f1fcd6698b6c565779bd23b3b14a5d2e9c0b62"}
,"C:\\Users\\anbra\\OneDrive\\Desktop\\CTD\\ProyectoIntegrador\\grupo-3\\front\\src\\components\\LayoutGeneral\\LayoutGeneral.jsx": {"path":"C:\\Users\\anbra\\OneDrive\\Desktop\\CTD\\ProyectoIntegrador\\grupo-3\\front\\src\\components\\LayoutGeneral\\LayoutGeneral.jsx","statementMap":{"0":{"start":{"line":6,"column":16},"end":{"line":6,"column":29}},"1":{"start":{"line":8,"column":2},"end":{"line":16,"column":4}}},"fnMap":{"0":{"name":"LayoutGeneral","decl":{"start":{"line":5,"column":9},"end":{"line":5,"column":22}},"loc":{"start":{"line":5,"column":37},"end":{"line":17,"column":1}},"line":5}},"branchMap":{},"s":{"0":10,"1":10},"f":{"0":10},"b":{},"_coverageSchema":"1a1c01bbd47fc00a2c39e90264f33305004495a9","hash":"d4a6dbca37d3794511d475f4b70dc343b1effdf6"}
,"C:\\Users\\anbra\\OneDrive\\Desktop\\CTD\\ProyectoIntegrador\\grupo-3\\front\\src\\components\\LoadingBar\\LoadingBar.jsx": {"path":"C:\\Users\\anbra\\OneDrive\\Desktop\\CTD\\ProyectoIntegrador\\grupo-3\\front\\src\\components\\LoadingBar\\LoadingBar.jsx","statementMap":{"0":{"start":{"line":4,"column":2},"end":{"line":6,"column":4}}},"fnMap":{"0":{"name":"LoadingBar","decl":{"start":{"line":3,"column":9},"end":{"line":3,"column":19}},"loc":{"start":{"line":3,"column":22},"end":{"line":7,"column":1}},"line":3}},"branchMap":{},"s":{"0":9},"f":{"0":9},"b":{},"_coverageSchema":"1a1c01bbd47fc00a2c39e90264f33305004495a9","hash":"5e5078820da2f8046d8dd442cc8c0d63c708b01e"}
,"C:\\Users\\anbra\\OneDrive\\Desktop\\CTD\\ProyectoIntegrador\\grupo-3\\front\\src\\components\\Login\\Login.jsx": {"path":"C:\\Users\\anbra\\OneDrive\\Desktop\\CTD\\ProyectoIntegrador\\grupo-3\\front\\src\\components\\Login\\Login.jsx","statementMap":{"0":{"start":{"line":8,"column":18},"end":{"line":27,"column":1}},"1":{"start":{"line":10,"column":24},"end":{"line":10,"column":39}},"2":{"start":{"line":11,"column":16},"end":{"line":11,"column":42}},"3":{"start":{"line":13,"column":2},"end":{"line":26,"column":4}},"4":{"start":{"line":29,"column":22},"end":{"line":56,"column":1}},"5":{"start":{"line":30,"column":24},"end":{"line":30,"column":39}},"6":{"start":{"line":31,"column":34},"end":{"line":31,"column":49}},"7":{"start":{"line":32,"column":16},"end":{"line":32,"column":42}},"8":{"start":{"line":34,"column":2},"end":{"line":55,"column":4}},"9":{"start":{"line":49,"column":23},"end":{"line":49,"column":45}},"10":{"start":{"line":58,"column":14},"end":{"line":141,"column":1}},"11":{"start":{"line":59,"column":27},"end":{"line":59,"column":50}},"12":{"start":{"line":60,"column":18},"end":{"line":60,"column":30}},"13":{"start":{"line":61,"column":44},"end":{"line":61,"column":56}},"14":{"start":{"line":63,"column":2},"end":{"line":140,"column":4}},"15":{"start":{"line":84,"column":10},"end":{"line":103,"column":11}},"16":{"start":{"line":89,"column":12},"end":{"line":91,"column":14}},"17":{"start":{"line":94,"column":29},"end":{"line":99,"column":13}},"18":{"start":{"line":100,"column":12},"end":{"line":100,"column":35}},"19":{"start":{"line":102,"column":12},"end":{"line":102,"column":30}}},"fnMap":{"0":{"name":"(anonymous_0)","decl":{"start":{"line":8,"column":18},"end":{"line":8,"column":19}},"loc":{"start":{"line":8,"column":43},"end":{"line":27,"column":1}},"line":8},"1":{"name":"(anonymous_1)","decl":{"start":{"line":29,"column":22},"end":{"line":29,"column":23}},"loc":{"start":{"line":29,"column":47},"end":{"line":56,"column":1}},"line":29},"2":{"name":"(anonymous_2)","decl":{"start":{"line":49,"column":17},"end":{"line":49,"column":18}},"loc":{"start":{"line":49,"column":23},"end":{"line":49,"column":45}},"line":49},"3":{"name":"(anonymous_3)","decl":{"start":{"line":58,"column":14},"end":{"line":58,"column":15}},"loc":{"start":{"line":58,"column":20},"end":{"line":141,"column":1}},"line":58},"4":{"name":"(anonymous_4)","decl":{"start":{"line":78,"column":18},"end":{"line":78,"column":19}},"loc":{"start":{"line":78,"column":36},"end":{"line":104,"column":9}},"line":78}},"branchMap":{"0":{"loc":{"start":{"line":11,"column":16},"end":{"line":11,"column":42}},"type":"binary-expr","locations":[{"start":{"line":11,"column":16},"end":{"line":11,"column":28}},{"start":{"line":11,"column":32},"end":{"line":11,"column":42}}],"line":11},"1":{"loc":{"start":{"line":18,"column":37},"end":{"line":18,"column":67}},"type":"cond-expr","locations":[{"start":{"line":18,"column":45},"end":{"line":18,"column":62}},{"start":{"line":18,"column":65},"end":{"line":18,"column":67}}],"line":18},"2":{"loc":{"start":{"line":24,"column":7},"end":{"line":24,"column":70}},"type":"binary-expr","locations":[{"start":{"line":24,"column":7},"end":{"line":24,"column":12}},{"start":{"line":24,"column":16},"end":{"line":24,"column":70}}],"line":24},"3":{"loc":{"start":{"line":32,"column":16},"end":{"line":32,"column":42}},"type":"binary-expr","locations":[{"start":{"line":32,"column":16},"end":{"line":32,"column":28}},{"start":{"line":32,"column":32},"end":{"line":32,"column":42}}],"line":32},"4":{"loc":{"start":{"line":39,"column":37},"end":{"line":39,"column":67}},"type":"cond-expr","locations":[{"start":{"line":39,"column":45},"end":{"line":39,"column":62}},{"start":{"line":39,"column":65},"end":{"line":39,"column":67}}],"line":39},"5":{"loc":{"start":{"line":42,"column":16},"end":{"line":42,"column":46}},"type":"cond-expr","locations":[{"start":{"line":42,"column":27},"end":{"line":42,"column":33}},{"start":{"line":42,"column":36},"end":{"line":42,"column":46}}],"line":42},"6":{"loc":{"start":{"line":47,"column":31},"end":{"line":47,"column":75}},"type":"cond-expr","locations":[{"start":{"line":47,"column":42},"end":{"line":47,"column":54}},{"start":{"line":47,"column":57},"end":{"line":47,"column":75}}],"line":47},"7":{"loc":{"start":{"line":53,"column":7},"end":{"line":53,"column":70}},"type":"binary-expr","locations":[{"start":{"line":53,"column":7},"end":{"line":53,"column":12}},{"start":{"line":53,"column":16},"end":{"line":53,"column":70}}],"line":53},"8":{"loc":{"start":{"line":84,"column":10},"end":{"line":103,"column":11}},"type":"if","locations":[{"start":{"line":84,"column":10},"end":{"line":103,"column":11}},{"start":{"line":92,"column":17},"end":{"line":103,"column":11}}],"line":84},"9":{"loc":{"start":{"line":85,"column":12},"end":{"line":86,"column":42}},"type":"binary-expr","locations":[{"start":{"line":85,"column":12},"end":{"line":85,"column":52}},{"start":{"line":86,"column":12},"end":{"line":86,"column":42}}],"line":85},"10":{"loc":{"start":{"line":126,"column":11},"end":{"line":129,"column":11}},"type":"binary-expr","locations":[{"start":{"line":126,"column":11},"end":{"line":126,"column":24}},{"start":{"line":128,"column":12},"end":{"line":128,"column":60}}],"line":126}},"s":{"0":3,"1":3,"2":3,"3":3,"4":3,"5":3,"6":3,"7":3,"8":3,"9":0,"10":3,"11":3,"12":3,"13":3,"14":3,"15":0,"16":0,"17":0,"18":0,"19":0},"f":{"0":3,"1":3,"2":0,"3":3,"4":0},"b":{"0":[3,0],"1":[0,3],"2":[3,0],"3":[3,0],"4":[0,3],"5":[0,3],"6":[0,3],"7":[3,0],"8":[0,0],"9":[0,0],"10":[3,0]},"_coverageSchema":"1a1c01bbd47fc00a2c39e90264f33305004495a9","hash":"cd8bd8b99a0d083365d6fbd238c86a16d7db26c5"}
,"C:\\Users\\anbra\\OneDrive\\Desktop\\CTD\\ProyectoIntegrador\\grupo-3\\front\\src\\components\\Logo\\Logo.jsx": {"path":"C:\\Users\\anbra\\OneDrive\\Desktop\\CTD\\ProyectoIntegrador\\grupo-3\\front\\src\\components\\Logo\\Logo.jsx","statementMap":{"0":{"start":{"line":8,"column":34},"end":{"line":8,"column":59}},"1":{"start":{"line":10,"column":26},"end":{"line":12,"column":5}},"2":{"start":{"line":11,"column":8},"end":{"line":11,"column":39}},"3":{"start":{"line":14,"column":4},"end":{"line":19,"column":7}}},"fnMap":{"0":{"name":"Logo","decl":{"start":{"line":7,"column":9},"end":{"line":7,"column":13}},"loc":{"start":{"line":7,"column":16},"end":{"line":20,"column":1}},"line":7},"1":{"name":"(anonymous_1)","decl":{"start":{"line":10,"column":26},"end":{"line":10,"column":27}},"loc":{"start":{"line":10,"column":32},"end":{"line":12,"column":5}},"line":10}},"branchMap":{"0":{"loc":{"start":{"line":11,"column":8},"end":{"line":11,"column":38}},"type":"binary-expr","locations":[{"start":{"line":11,"column":8},"end":{"line":11,"column":21}},{"start":{"line":11,"column":25},"end":{"line":11,"column":38}}],"line":11}},"s":{"0":12,"1":12,"2":0,"3":12},"f":{"0":12,"1":0},"b":{"0":[0,0]},"_coverageSchema":"1a1c01bbd47fc00a2c39e90264f33305004495a9","hash":"ce4d31b24ea5642a3ddaf04f1d18bcc2bd636151"}
,"C:\\Users\\anbra\\OneDrive\\Desktop\\CTD\\ProyectoIntegrador\\grupo-3\\front\\src\\components\\Paginador\\Paginador.jsx": {"path":"C:\\Users\\anbra\\OneDrive\\Desktop\\CTD\\ProyectoIntegrador\\grupo-3\\front\\src\\components\\Paginador\\Paginador.jsx","statementMap":{"0":{"start":{"line":6,"column":21},"end":{"line":6,"column":46}},"1":{"start":{"line":8,"column":17},"end":{"line":8,"column":19}},"2":{"start":{"line":9,"column":2},"end":{"line":11,"column":3}},"3":{"start":{"line":9,"column":15},"end":{"line":9,"column":16}},"4":{"start":{"line":10,"column":4},"end":{"line":10,"column":21}},"5":{"start":{"line":13,"column":2},"end":{"line":26,"column":4}},"6":{"start":{"line":17,"column":10},"end":{"line":23,"column":14}},"7":{"start":{"line":20,"column":27},"end":{"line":20,"column":42}}},"fnMap":{"0":{"name":"Paginador","decl":{"start":{"line":5,"column":9},"end":{"line":5,"column":18}},"loc":{"start":{"line":5,"column":53},"end":{"line":27,"column":1}},"line":5},"1":{"name":"(anonymous_1)","decl":{"start":{"line":16,"column":22},"end":{"line":16,"column":23}},"loc":{"start":{"line":17,"column":10},"end":{"line":23,"column":14}},"line":17},"2":{"name":"(anonymous_2)","decl":{"start":{"line":20,"column":21},"end":{"line":20,"column":22}},"loc":{"start":{"line":20,"column":27},"end":{"line":20,"column":42}},"line":20}},"branchMap":{"0":{"loc":{"start":{"line":15,"column":7},"end":{"line":24,"column":10}},"type":"binary-expr","locations":[{"start":{"line":15,"column":7},"end":{"line":15,"column":14}},{"start":{"line":16,"column":8},"end":{"line":24,"column":10}}],"line":15},"1":{"loc":{"start":{"line":19,"column":53},"end":{"line":19,"column":77}},"type":"binary-expr","locations":[{"start":{"line":19,"column":53},"end":{"line":19,"column":65}},{"start":{"line":19,"column":69},"end":{"line":19,"column":77}}],"line":19}},"s":{"0":3,"1":3,"2":3,"3":3,"4":0,"5":3,"6":0,"7":0},"f":{"0":3,"1":0,"2":0},"b":{"0":[3,3],"1":[0,0]},"_coverageSchema":"1a1c01bbd47fc00a2c39e90264f33305004495a9","hash":"b963e2764ee04eea3b68f6e280c7ddb85fcac2c2"}
,"C:\\Users\\anbra\\OneDrive\\Desktop\\CTD\\ProyectoIntegrador\\grupo-3\\front\\src\\components\\ProductoCaracteristicas\\ProductoCaracteristicas.jsx": {"path":"C:\\Users\\anbra\\OneDrive\\Desktop\\CTD\\ProyectoIntegrador\\grupo-3\\front\\src\\components\\ProductoCaracteristicas\\ProductoCaracteristicas.jsx","statementMap":{"0":{"start":{"line":7,"column":21},"end":{"line":7,"column":44}},"1":{"start":{"line":9,"column":4},"end":{"line":20,"column":7}},"2":{"start":{"line":15,"column":70},"end":{"line":15,"column":141}}},"fnMap":{"0":{"name":"ProductoCaracteristicas","decl":{"start":{"line":5,"column":9},"end":{"line":5,"column":32}},"loc":{"start":{"line":5,"column":35},"end":{"line":21,"column":1}},"line":5},"1":{"name":"(anonymous_1)","decl":{"start":{"line":15,"column":51},"end":{"line":15,"column":52}},"loc":{"start":{"line":15,"column":70},"end":{"line":15,"column":141}},"line":15}},"branchMap":{"0":{"loc":{"start":{"line":14,"column":20},"end":{"line":16,"column":50}},"type":"cond-expr","locations":[{"start":{"line":15,"column":25},"end":{"line":15,"column":142}},{"start":{"line":16,"column":22},"end":{"line":16,"column":50}}],"line":14}},"s":{"0":1,"1":1,"2":2},"f":{"0":1,"1":2},"b":{"0":[1,0]},"_coverageSchema":"1a1c01bbd47fc00a2c39e90264f33305004495a9","hash":"4356492fc2ad6cdb4a5284dd097ed6892d73f395"}
,"C:\\Users\\anbra\\OneDrive\\Desktop\\CTD\\ProyectoIntegrador\\grupo-3\\front\\src\\components\\ProductoDescripcion\\ProductoDescripcion.jsx": {"path":"C:\\Users\\anbra\\OneDrive\\Desktop\\CTD\\ProyectoIntegrador\\grupo-3\\front\\src\\components\\ProductoDescripcion\\ProductoDescripcion.jsx","statementMap":{"0":{"start":{"line":7,"column":21},"end":{"line":7,"column":44}},"1":{"start":{"line":9,"column":4},"end":{"line":14,"column":7}}},"fnMap":{"0":{"name":"ProductoDescripcion","decl":{"start":{"line":5,"column":9},"end":{"line":5,"column":28}},"loc":{"start":{"line":5,"column":31},"end":{"line":15,"column":1}},"line":5}},"branchMap":{},"s":{"0":1,"1":1},"f":{"0":1},"b":{},"_coverageSchema":"1a1c01bbd47fc00a2c39e90264f33305004495a9","hash":"c515a4af4bc940d78b06851f75fe7ddad8af0b5f"}
,"C:\\Users\\anbra\\OneDrive\\Desktop\\CTD\\ProyectoIntegrador\\grupo-3\\front\\src\\components\\ProductoDisponibilidad\\ProductoDisponibilidad.jsx": {"path":"C:\\Users\\anbra\\OneDrive\\Desktop\\CTD\\ProyectoIntegrador\\grupo-3\\front\\src\\components\\ProductoDisponibilidad\\ProductoDisponibilidad.jsx","statementMap":{"0":{"start":{"line":7,"column":38},"end":{"line":7,"column":58}},"1":{"start":{"line":8,"column":30},"end":{"line":8,"column":57}},"2":{"start":{"line":10,"column":25},"end":{"line":10,"column":58}},"3":{"start":{"line":10,"column":31},"end":{"line":10,"column":58}},"4":{"start":{"line":12,"column":4},"end":{"line":15,"column":10}},"5":{"start":{"line":13,"column":8},"end":{"line":13,"column":55}},"6":{"start":{"line":14,"column":8},"end":{"line":14,"column":71}},"7":{"start":{"line":14,"column":21},"end":{"line":14,"column":71}},"8":{"start":{"line":17,"column":4},"end":{"line":36,"column":7}}},"fnMap":{"0":{"name":"ProductoDisponibilidad","decl":{"start":{"line":6,"column":9},"end":{"line":6,"column":31}},"loc":{"start":{"line":6,"column":34},"end":{"line":37,"column":1}},"line":6},"1":{"name":"(anonymous_1)","decl":{"start":{"line":10,"column":25},"end":{"line":10,"column":26}},"loc":{"start":{"line":10,"column":31},"end":{"line":10,"column":58}},"line":10},"2":{"name":"(anonymous_2)","decl":{"start":{"line":12,"column":14},"end":{"line":12,"column":15}},"loc":{"start":{"line":12,"column":20},"end":{"line":15,"column":5}},"line":12},"3":{"name":"(anonymous_3)","decl":{"start":{"line":14,"column":15},"end":{"line":14,"column":16}},"loc":{"start":{"line":14,"column":21},"end":{"line":14,"column":71}},"line":14}},"branchMap":{"0":{"loc":{"start":{"line":23,"column":37},"end":{"line":23,"column":55}},"type":"cond-expr","locations":[{"start":{"line":23,"column":51},"end":{"line":23,"column":52}},{"start":{"line":23,"column":54},"end":{"line":23,"column":55}}],"line":23}},"s":{"0":1,"1":1,"2":1,"3":0,"4":1,"5":1,"6":1,"7":1,"8":1},"f":{"0":1,"1":0,"2":1,"3":1},"b":{"0":[1,0]},"_coverageSchema":"1a1c01bbd47fc00a2c39e90264f33305004495a9","hash":"68da93f8437fe90a22c8be993868b1b033fbca1e"}
,"C:\\Users\\anbra\\OneDrive\\Desktop\\CTD\\ProyectoIntegrador\\grupo-3\\front\\src\\components\\ProductoHeader\\ProductoHeader.jsx": {"path":"C:\\Users\\anbra\\OneDrive\\Desktop\\CTD\\ProyectoIntegrador\\grupo-3\\front\\src\\components\\ProductoHeader\\ProductoHeader.jsx","statementMap":{"0":{"start":{"line":8,"column":21},"end":{"line":8,"column":44}},"1":{"start":{"line":9,"column":34},"end":{"line":9,"column":38}},"2":{"start":{"line":11,"column":4},"end":{"line":19,"column":7}}},"fnMap":{"0":{"name":"ProductoHeader","decl":{"start":{"line":6,"column":9},"end":{"line":6,"column":23}},"loc":{"start":{"line":6,"column":26},"end":{"line":20,"column":1}},"line":6}},"branchMap":{},"s":{"0":1,"1":1,"2":1},"f":{"0":1},"b":{},"_coverageSchema":"1a1c01bbd47fc00a2c39e90264f33305004495a9","hash":"5aa6b59f4525b0fa1adfe03ae01ddb45926c4708"}
,"C:\\Users\\anbra\\OneDrive\\Desktop\\CTD\\ProyectoIntegrador\\grupo-3\\front\\src\\components\\ProductoImagenes\\ProductoImagenes.jsx": {"path":"C:\\Users\\anbra\\OneDrive\\Desktop\\CTD\\ProyectoIntegrador\\grupo-3\\front\\src\\components\\ProductoImagenes\\ProductoImagenes.jsx","statementMap":{"0":{"start":{"line":9,"column":19},"end":{"line":9,"column":42}},"1":{"start":{"line":10,"column":18},"end":{"line":13,"column":5}},"2":{"start":{"line":10,"column":50},"end":{"line":13,"column":3}},"3":{"start":{"line":15,"column":30},"end":{"line":15,"column":45}},"4":{"start":{"line":17,"column":29},"end":{"line":17,"column":61}},"5":{"start":{"line":18,"column":30},"end":{"line":18,"column":38}},"6":{"start":{"line":21,"column":29},"end":{"line":26,"column":3}},"7":{"start":{"line":22,"column":4},"end":{"line":24,"column":5}},"8":{"start":{"line":23,"column":6},"end":{"line":23,"column":13}},"9":{"start":{"line":25,"column":4},"end":{"line":25,"column":21}},"10":{"start":{"line":29,"column":2},"end":{"line":41,"column":15}},"11":{"start":{"line":30,"column":4},"end":{"line":36,"column":5}},"12":{"start":{"line":31,"column":6},"end":{"line":31,"column":63}},"13":{"start":{"line":32,"column":6},"end":{"line":32,"column":63}},"14":{"start":{"line":34,"column":6},"end":{"line":34,"column":66}},"15":{"start":{"line":35,"column":6},"end":{"line":35,"column":61}},"16":{"start":{"line":38,"column":4},"end":{"line":40,"column":6}},"17":{"start":{"line":39,"column":6},"end":{"line":39,"column":66}},"18":{"start":{"line":43,"column":2},"end":{"line":45,"column":3}},"19":{"start":{"line":44,"column":4},"end":{"line":44,"column":21}},"20":{"start":{"line":47,"column":2},"end":{"line":92,"column":4}},"21":{"start":{"line":53,"column":14},"end":{"line":55,"column":20}},"22":{"start":{"line":64,"column":29},"end":{"line":64,"column":47}},"23":{"start":{"line":78,"column":33},"end":{"line":78,"column":49}}},"fnMap":{"0":{"name":"ProductoImagenes","decl":{"start":{"line":8,"column":9},"end":{"line":8,"column":25}},"loc":{"start":{"line":8,"column":28},"end":{"line":93,"column":1}},"line":8},"1":{"name":"(anonymous_1)","decl":{"start":{"line":10,"column":37},"end":{"line":10,"column":38}},"loc":{"start":{"line":10,"column":50},"end":{"line":13,"column":3}},"line":10},"2":{"name":"(anonymous_2)","decl":{"start":{"line":21,"column":29},"end":{"line":21,"column":30}},"loc":{"start":{"line":21,"column":36},"end":{"line":26,"column":3}},"line":21},"3":{"name":"(anonymous_3)","decl":{"start":{"line":29,"column":12},"end":{"line":29,"column":13}},"loc":{"start":{"line":29,"column":18},"end":{"line":41,"column":3}},"line":29},"4":{"name":"(anonymous_4)","decl":{"start":{"line":38,"column":11},"end":{"line":38,"column":12}},"loc":{"start":{"line":38,"column":17},"end":{"line":40,"column":5}},"line":38},"5":{"name":"(anonymous_5)","decl":{"start":{"line":52,"column":37},"end":{"line":52,"column":38}},"loc":{"start":{"line":53,"column":14},"end":{"line":55,"column":20}},"line":53},"6":{"name":"(anonymous_6)","decl":{"start":{"line":64,"column":23},"end":{"line":64,"column":24}},"loc":{"start":{"line":64,"column":29},"end":{"line":64,"column":47}},"line":64},"7":{"name":"(anonymous_7)","decl":{"start":{"line":78,"column":27},"end":{"line":78,"column":28}},"loc":{"start":{"line":78,"column":33},"end":{"line":78,"column":49}},"line":78}},"branchMap":{"0":{"loc":{"start":{"line":22,"column":4},"end":{"line":24,"column":5}},"type":"if","locations":[{"start":{"line":22,"column":4},"end":{"line":24,"column":5}},{"start":{},"end":{}}],"line":22},"1":{"loc":{"start":{"line":30,"column":4},"end":{"line":36,"column":5}},"type":"if","locations":[{"start":{"line":30,"column":4},"end":{"line":36,"column":5}},{"start":{"line":33,"column":11},"end":{"line":36,"column":5}}],"line":30},"2":{"loc":{"start":{"line":43,"column":2},"end":{"line":45,"column":3}},"type":"if","locations":[{"start":{"line":43,"column":2},"end":{"line":45,"column":3}},{"start":{},"end":{}}],"line":43},"3":{"loc":{"start":{"line":43,"column":6},"end":{"line":43,"column":35}},"type":"binary-expr","locations":[{"start":{"line":43,"column":6},"end":{"line":43,"column":25}},{"start":{"line":43,"column":29},"end":{"line":43,"column":35}}],"line":43},"4":{"loc":{"start":{"line":49,"column":7},"end":{"line":90,"column":7}},"type":"cond-expr","locations":[{"start":{"line":50,"column":8},"end":{"line":83,"column":11}},{"start":{"line":87,"column":8},"end":{"line":89,"column":14}}],"line":49},"5":{"loc":{"start":{"line":70,"column":11},"end":{"line":82,"column":11}},"type":"binary-expr","locations":[{"start":{"line":70,"column":11},"end":{"line":70,"column":17}},{"start":{"line":71,"column":12},"end":{"line":81,"column":18}}],"line":70}},"s":{"0":1,"1":1,"2":5,"3":1,"4":1,"5":1,"6":1,"7":0,"8":0,"9":0,"10":1,"11":1,"12":0,"13":0,"14":1,"15":1,"16":1,"17":1,"18":1,"19":0,"20":1,"21":0,"22":0,"23":0},"f":{"0":1,"1":5,"2":0,"3":1,"4":1,"5":0,"6":0,"7":0},"b":{"0":[0,0],"1":[0,1],"2":[0,1],"3":[1,1],"4":[0,1],"5":[0,0]},"_coverageSchema":"1a1c01bbd47fc00a2c39e90264f33305004495a9","hash":"6d555297a7e8d23d14af5e3888906e158d650a9f"}
,"C:\\Users\\anbra\\OneDrive\\Desktop\\CTD\\ProyectoIntegrador\\grupo-3\\front\\src\\components\\ProductoImagenes\\ProductoImagenesGaleria.jsx": {"path":"C:\\Users\\anbra\\OneDrive\\Desktop\\CTD\\ProyectoIntegrador\\grupo-3\\front\\src\\components\\ProductoImagenes\\ProductoImagenesGaleria.jsx","statementMap":{"0":{"start":{"line":6,"column":2},"end":{"line":16,"column":3}},"1":{"start":{"line":20,"column":2},"end":{"line":28,"column":11}},"2":{"start":{"line":33,"column":16},"end":{"line":54,"column":3}},"3":{"start":{"line":35,"column":6},"end":{"line":44,"column":7}},"4":{"start":{"line":56,"column":2},"end":{"line":66,"column":8}}},"fnMap":{"0":{"name":"renderRightNav","decl":{"start":{"line":5,"column":9},"end":{"line":5,"column":23}},"loc":{"start":{"line":5,"column":43},"end":{"line":17,"column":1}},"line":5},"1":{"name":"renderLeftNav","decl":{"start":{"line":19,"column":9},"end":{"line":19,"column":22}},"loc":{"start":{"line":19,"column":42},"end":{"line":29,"column":1}},"line":19},"2":{"name":"ProductoImagenesGaleria","decl":{"start":{"line":31,"column":9},"end":{"line":31,"column":32}},"loc":{"start":{"line":31,"column":55},"end":{"line":67,"column":1}},"line":31},"3":{"name":"(anonymous_3)","decl":{"start":{"line":34,"column":23},"end":{"line":34,"column":24}},"loc":{"start":{"line":35,"column":6},"end":{"line":44,"column":7}},"line":35}},"branchMap":{},"s":{"0":1,"1":1,"2":1,"3":2,"4":1},"f":{"0":1,"1":1,"2":1,"3":2},"b":{},"_coverageSchema":"1a1c01bbd47fc00a2c39e90264f33305004495a9","hash":"ccdbab5fe56659e4cb90f359148c3f946855fd8d"}
,"C:\\Users\\anbra\\OneDrive\\Desktop\\CTD\\ProyectoIntegrador\\grupo-3\\front\\src\\components\\ProductoImagenes\\ProductoImagenesGaleriaMini.jsx": {"path":"C:\\Users\\anbra\\OneDrive\\Desktop\\CTD\\ProyectoIntegrador\\grupo-3\\front\\src\\components\\ProductoImagenes\\ProductoImagenesGaleriaMini.jsx","statementMap":{"0":{"start":{"line":7,"column":16},"end":{"line":28,"column":3}},"1":{"start":{"line":9,"column":6},"end":{"line":18,"column":7}},"2":{"start":{"line":30,"column":2},"end":{"line":33,"column":8}}},"fnMap":{"0":{"name":"ProductoImagenesGaleriaMini","decl":{"start":{"line":5,"column":9},"end":{"line":5,"column":36}},"loc":{"start":{"line":5,"column":50},"end":{"line":34,"column":1}},"line":5},"1":{"name":"(anonymous_1)","decl":{"start":{"line":8,"column":23},"end":{"line":8,"column":24}},"loc":{"start":{"line":9,"column":6},"end":{"line":18,"column":7}},"line":9}},"branchMap":{},"s":{"0":2,"1":6,"2":2},"f":{"0":2,"1":6},"b":{},"_coverageSchema":"1a1c01bbd47fc00a2c39e90264f33305004495a9","hash":"c3261375a6cb16cf59920c092937f9f1f432982e"}
,"C:\\Users\\anbra\\OneDrive\\Desktop\\CTD\\ProyectoIntegrador\\grupo-3\\front\\src\\components\\ProductoPoliticas\\ProductoPoliticas.jsx": {"path":"C:\\Users\\anbra\\OneDrive\\Desktop\\CTD\\ProyectoIntegrador\\grupo-3\\front\\src\\components\\ProductoPoliticas\\ProductoPoliticas.jsx","statementMap":{"0":{"start":{"line":6,"column":21},"end":{"line":6,"column":44}},"1":{"start":{"line":8,"column":4},"end":{"line":22,"column":7}},"2":{"start":{"line":14,"column":24},"end":{"line":17,"column":30}}},"fnMap":{"0":{"name":"ProductoPoliticas","decl":{"start":{"line":5,"column":9},"end":{"line":5,"column":26}},"loc":{"start":{"line":5,"column":29},"end":{"line":23,"column":1}},"line":5},"1":{"name":"(anonymous_1)","decl":{"start":{"line":13,"column":41},"end":{"line":13,"column":42}},"loc":{"start":{"line":14,"column":24},"end":{"line":17,"column":30}},"line":14}},"branchMap":{},"s":{"0":1,"1":1,"2":1},"f":{"0":1,"1":1},"b":{},"_coverageSchema":"1a1c01bbd47fc00a2c39e90264f33305004495a9","hash":"e8bd6ac2919ab31a622247c2f5795a5e6a30806c"}
,"C:\\Users\\anbra\\OneDrive\\Desktop\\CTD\\ProyectoIntegrador\\grupo-3\\front\\src\\components\\ProductoSocials\\ProductoSocials.jsx": {"path":"C:\\Users\\anbra\\OneDrive\\Desktop\\CTD\\ProyectoIntegrador\\grupo-3\\front\\src\\components\\ProductoSocials\\ProductoSocials.jsx","statementMap":{"0":{"start":{"line":7,"column":18},"end":{"line":50,"column":1}},"1":{"start":{"line":8,"column":14},"end":{"line":8,"column":90}},"2":{"start":{"line":9,"column":16},"end":{"line":9,"column":47}},"3":{"start":{"line":11,"column":2},"end":{"line":49,"column":4}},"4":{"start":{"line":53,"column":36},"end":{"line":53,"column":51}},"5":{"start":{"line":54,"column":44},"end":{"line":54,"column":67}},"6":{"start":{"line":55,"column":2},"end":{"line":68,"column":4}},"7":{"start":{"line":62,"column":25},"end":{"line":62,"column":49}}},"fnMap":{"0":{"name":"(anonymous_0)","decl":{"start":{"line":7,"column":18},"end":{"line":7,"column":19}},"loc":{"start":{"line":7,"column":31},"end":{"line":50,"column":1}},"line":7},"1":{"name":"ProductoSocials","decl":{"start":{"line":52,"column":9},"end":{"line":52,"column":24}},"loc":{"start":{"line":52,"column":27},"end":{"line":69,"column":1}},"line":52},"2":{"name":"(anonymous_2)","decl":{"start":{"line":62,"column":19},"end":{"line":62,"column":20}},"loc":{"start":{"line":62,"column":25},"end":{"line":62,"column":49}},"line":62}},"branchMap":{"0":{"loc":{"start":{"line":64,"column":9},"end":{"line":64,"column":54}},"type":"binary-expr","locations":[{"start":{"line":64,"column":9},"end":{"line":64,"column":19}},{"start":{"line":64,"column":23},"end":{"line":64,"column":54}}],"line":64}},"s":{"0":3,"1":1,"2":1,"3":1,"4":3,"5":3,"6":3,"7":1},"f":{"0":1,"1":3,"2":1},"b":{"0":[3,1]},"_coverageSchema":"1a1c01bbd47fc00a2c39e90264f33305004495a9","hash":"8b7ab6063d92215efd0d0b08ff05948486196871"}
,"C:\\Users\\anbra\\OneDrive\\Desktop\\CTD\\ProyectoIntegrador\\grupo-3\\front\\src\\components\\ProductoUbicacion\\ProductoUbicacion.jsx": {"path":"C:\\Users\\anbra\\OneDrive\\Desktop\\CTD\\ProyectoIntegrador\\grupo-3\\front\\src\\components\\ProductoUbicacion\\ProductoUbicacion.jsx","statementMap":{"0":{"start":{"line":6,"column":19},"end":{"line":6,"column":42}},"1":{"start":{"line":8,"column":2},"end":{"line":28,"column":4}}},"fnMap":{"0":{"name":"ProductoUbicacion","decl":{"start":{"line":5,"column":9},"end":{"line":5,"column":26}},"loc":{"start":{"line":5,"column":29},"end":{"line":29,"column":1}},"line":5}},"branchMap":{},"s":{"0":1,"1":1},"f":{"0":1},"b":{},"_coverageSchema":"1a1c01bbd47fc00a2c39e90264f33305004495a9","hash":"6a8499d7510a34e2b4c6ff92031013a6616ea564"}
,"C:\\Users\\anbra\\OneDrive\\Desktop\\CTD\\ProyectoIntegrador\\grupo-3\\front\\src\\components\\RedesSociales\\RedesSociales.jsx": {"path":"C:\\Users\\anbra\\OneDrive\\Desktop\\CTD\\ProyectoIntegrador\\grupo-3\\front\\src\\components\\RedesSociales\\RedesSociales.jsx","statementMap":{"0":{"start":{"line":4,"column":2},"end":{"line":27,"column":4}}},"fnMap":{"0":{"name":"RedesSociales","decl":{"start":{"line":3,"column":9},"end":{"line":3,"column":22}},"loc":{"start":{"line":3,"column":38},"end":{"line":28,"column":1}},"line":3}},"branchMap":{"0":{"loc":{"start":{"line":5,"column":40},"end":{"line":5,"column":66}},"type":"cond-expr","locations":[{"start":{"line":5,"column":52},"end":{"line":5,"column":61}},{"start":{"line":5,"column":64},"end":{"line":5,"column":66}}],"line":5}},"s":{"0":23},"f":{"0":23},"b":{"0":[0,23]},"_coverageSchema":"1a1c01bbd47fc00a2c39e90264f33305004495a9","hash":"b71891c3848936d101e8ab86521b265e4b53f4b0"}
,"C:\\Users\\anbra\\OneDrive\\Desktop\\CTD\\ProyectoIntegrador\\grupo-3\\front\\src\\components\\Registro\\Registro.jsx": {"path":"C:\\Users\\anbra\\OneDrive\\Desktop\\CTD\\ProyectoIntegrador\\grupo-3\\front\\src\\components\\Registro\\Registro.jsx","statementMap":{"0":{"start":{"line":8,"column":18},"end":{"line":27,"column":1}},"1":{"start":{"line":10,"column":24},"end":{"line":10,"column":39}},"2":{"start":{"line":11,"column":16},"end":{"line":11,"column":42}},"3":{"start":{"line":13,"column":2},"end":{"line":26,"column":4}},"4":{"start":{"line":29,"column":22},"end":{"line":56,"column":1}},"5":{"start":{"line":30,"column":24},"end":{"line":30,"column":39}},"6":{"start":{"line":31,"column":34},"end":{"line":31,"column":49}},"7":{"start":{"line":32,"column":16},"end":{"line":32,"column":42}},"8":{"start":{"line":34,"column":2},"end":{"line":55,"column":4}},"9":{"start":{"line":49,"column":23},"end":{"line":49,"column":45}},"10":{"start":{"line":59,"column":27},"end":{"line":59,"column":50}},"11":{"start":{"line":60,"column":18},"end":{"line":60,"column":30}},"12":{"start":{"line":61,"column":44},"end":{"line":61,"column":56}},"13":{"start":{"line":63,"column":2},"end":{"line":171,"column":4}},"14":{"start":{"line":97,"column":10},"end":{"line":111,"column":11}},"15":{"start":{"line":98,"column":12},"end":{"line":98,"column":80}},"16":{"start":{"line":101,"column":29},"end":{"line":106,"column":13}},"17":{"start":{"line":108,"column":12},"end":{"line":108,"column":35}},"18":{"start":{"line":110,"column":12},"end":{"line":110,"column":30}}},"fnMap":{"0":{"name":"(anonymous_0)","decl":{"start":{"line":8,"column":18},"end":{"line":8,"column":19}},"loc":{"start":{"line":8,"column":43},"end":{"line":27,"column":1}},"line":8},"1":{"name":"(anonymous_1)","decl":{"start":{"line":29,"column":22},"end":{"line":29,"column":23}},"loc":{"start":{"line":29,"column":47},"end":{"line":56,"column":1}},"line":29},"2":{"name":"(anonymous_2)","decl":{"start":{"line":49,"column":17},"end":{"line":49,"column":18}},"loc":{"start":{"line":49,"column":23},"end":{"line":49,"column":45}},"line":49},"3":{"name":"Registro","decl":{"start":{"line":58,"column":9},"end":{"line":58,"column":17}},"loc":{"start":{"line":58,"column":20},"end":{"line":172,"column":1}},"line":58},"4":{"name":"(anonymous_4)","decl":{"start":{"line":90,"column":18},"end":{"line":90,"column":19}},"loc":{"start":{"line":90,"column":36},"end":{"line":112,"column":9}},"line":90}},"branchMap":{"0":{"loc":{"start":{"line":11,"column":16},"end":{"line":11,"column":42}},"type":"binary-expr","locations":[{"start":{"line":11,"column":16},"end":{"line":11,"column":28}},{"start":{"line":11,"column":32},"end":{"line":11,"column":42}}],"line":11},"1":{"loc":{"start":{"line":18,"column":37},"end":{"line":18,"column":67}},"type":"cond-expr","locations":[{"start":{"line":18,"column":45},"end":{"line":18,"column":62}},{"start":{"line":18,"column":65},"end":{"line":18,"column":67}}],"line":18},"2":{"loc":{"start":{"line":24,"column":7},"end":{"line":24,"column":70}},"type":"binary-expr","locations":[{"start":{"line":24,"column":7},"end":{"line":24,"column":12}},{"start":{"line":24,"column":16},"end":{"line":24,"column":70}}],"line":24},"3":{"loc":{"start":{"line":32,"column":16},"end":{"line":32,"column":42}},"type":"binary-expr","locations":[{"start":{"line":32,"column":16},"end":{"line":32,"column":28}},{"start":{"line":32,"column":32},"end":{"line":32,"column":42}}],"line":32},"4":{"loc":{"start":{"line":39,"column":37},"end":{"line":39,"column":67}},"type":"cond-expr","locations":[{"start":{"line":39,"column":45},"end":{"line":39,"column":62}},{"start":{"line":39,"column":65},"end":{"line":39,"column":67}}],"line":39},"5":{"loc":{"start":{"line":42,"column":16},"end":{"line":42,"column":46}},"type":"cond-expr","locations":[{"start":{"line":42,"column":27},"end":{"line":42,"column":33}},{"start":{"line":42,"column":36},"end":{"line":42,"column":46}}],"line":42},"6":{"loc":{"start":{"line":47,"column":31},"end":{"line":47,"column":75}},"type":"cond-expr","locations":[{"start":{"line":47,"column":42},"end":{"line":47,"column":54}},{"start":{"line":47,"column":57},"end":{"line":47,"column":75}}],"line":47},"7":{"loc":{"start":{"line":53,"column":7},"end":{"line":53,"column":70}},"type":"binary-expr","locations":[{"start":{"line":53,"column":7},"end":{"line":53,"column":12}},{"start":{"line":53,"column":16},"end":{"line":53,"column":70}}],"line":53},"8":{"loc":{"start":{"line":97,"column":10},"end":{"line":111,"column":11}},"type":"if","locations":[{"start":{"line":97,"column":10},"end":{"line":111,"column":11}},{"start":{"line":99,"column":17},"end":{"line":111,"column":11}}],"line":97},"9":{"loc":{"start":{"line":158,"column":11},"end":{"line":161,"column":11}},"type":"binary-expr","locations":[{"start":{"line":158,"column":11},"end":{"line":158,"column":24}},{"start":{"line":160,"column":12},"end":{"line":160,"column":60}}],"line":158}},"s":{"0":3,"1":8,"2":8,"3":8,"4":3,"5":2,"6":2,"7":2,"8":2,"9":0,"10":2,"11":2,"12":2,"13":2,"14":0,"15":0,"16":0,"17":0,"18":0},"f":{"0":8,"1":2,"2":0,"3":2,"4":0},"b":{"0":[8,0],"1":[0,8],"2":[8,0],"3":[2,0],"4":[0,2],"5":[0,2],"6":[0,2],"7":[2,0],"8":[0,0],"9":[2,0]},"_coverageSchema":"1a1c01bbd47fc00a2c39e90264f33305004495a9","hash":"1651e4026cc8178ebd22e9350dc97748cef4eced"}
,"C:\\Users\\anbra\\OneDrive\\Desktop\\CTD\\ProyectoIntegrador\\grupo-3\\front\\src\\components\\SaludoRegistrado\\SaludoRegistrado.jsx": {"path":"C:\\Users\\anbra\\OneDrive\\Desktop\\CTD\\ProyectoIntegrador\\grupo-3\\front\\src\\components\\SaludoRegistrado\\SaludoRegistrado.jsx","statementMap":{"0":{"start":{"line":6,"column":27},"end":{"line":6,"column":50}},"1":{"start":{"line":8,"column":15},"end":{"line":10,"column":3}},"2":{"start":{"line":9,"column":4},"end":{"line":9,"column":13}},"3":{"start":{"line":12,"column":2},"end":{"line":30,"column":4}}},"fnMap":{"0":{"name":"SaludoRegistrado","decl":{"start":{"line":5,"column":9},"end":{"line":5,"column":25}},"loc":{"start":{"line":5,"column":52},"end":{"line":31,"column":1}},"line":5},"1":{"name":"(anonymous_1)","decl":{"start":{"line":8,"column":15},"end":{"line":8,"column":16}},"loc":{"start":{"line":8,"column":21},"end":{"line":10,"column":3}},"line":8}},"branchMap":{"0":{"loc":{"start":{"line":13,"column":31},"end":{"line":13,"column":81}},"type":"cond-expr","locations":[{"start":{"line":13,"column":44},"end":{"line":13,"column":59}},{"start":{"line":13,"column":62},"end":{"line":13,"column":81}}],"line":13},"1":{"loc":{"start":{"line":24,"column":7},"end":{"line":28,"column":7}},"type":"binary-expr","locations":[{"start":{"line":24,"column":7},"end":{"line":24,"column":18}},{"start":{"line":25,"column":8},"end":{"line":27,"column":17}}],"line":24}},"s":{"0":1,"1":1,"2":0,"3":1},"f":{"0":1,"1":0},"b":{"0":[0,1],"1":[1,1]},"_coverageSchema":"1a1c01bbd47fc00a2c39e90264f33305004495a9","hash":"00c84510f118410fbab35cf7884301692404ea56"}
,"C:\\Users\\anbra\\OneDrive\\Desktop\\CTD\\ProyectoIntegrador\\grupo-3\\front\\src\\constants\\index.js": {"path":"C:\\Users\\anbra\\OneDrive\\Desktop\\CTD\\ProyectoIntegrador\\grupo-3\\front\\src\\constants\\index.js","statementMap":{"0":{"start":{"line":1,"column":27},"end":{"line":6,"column":1}}},"fnMap":{},"branchMap":{},"s":{"0":6},"f":{},"b":{},"_coverageSchema":"1a1c01bbd47fc00a2c39e90264f33305004495a9","hash":"7166b37ae4884b667f10c4993a0943affbe05740"}
,"C:\\Users\\anbra\\OneDrive\\Desktop\\CTD\\ProyectoIntegrador\\grupo-3\\front\\src\\context\\AuthContext.jsx": {"path":"C:\\Users\\anbra\\OneDrive\\Desktop\\CTD\\ProyectoIntegrador\\grupo-3\\front\\src\\context\\AuthContext.jsx","statementMap":{"0":{"start":{"line":9,"column":27},"end":{"line":13,"column":2}},"1":{"start":{"line":15,"column":21},"end":{"line":15,"column":32}},"2":{"start":{"line":17,"column":28},"end":{"line":37,"column":1}},"3":{"start":{"line":18,"column":28},"end":{"line":18,"column":42}},"4":{"start":{"line":20,"column":4},"end":{"line":23,"column":13}},"5":{"start":{"line":21,"column":34},"end":{"line":21,"column":50}},"6":{"start":{"line":22,"column":8},"end":{"line":22,"column":58}},"7":{"start":{"line":22,"column":31},"end":{"line":22,"column":58}},"8":{"start":{"line":26,"column":25},"end":{"line":29,"column":5}},"9":{"start":{"line":27,"column":8},"end":{"line":27,"column":26}},"10":{"start":{"line":28,"column":8},"end":{"line":28,"column":33}},"11":{"start":{"line":31,"column":19},"end":{"line":34,"column":5}},"12":{"start":{"line":32,"column":8},"end":{"line":32,"column":22}},"13":{"start":{"line":33,"column":8},"end":{"line":33,"column":28}},"14":{"start":{"line":36,"column":4},"end":{"line":36,"column":82}}},"fnMap":{"0":{"name":"(anonymous_0)","decl":{"start":{"line":11,"column":18},"end":{"line":11,"column":19}},"loc":{"start":{"line":11,"column":24},"end":{"line":11,"column":26}},"line":11},"1":{"name":"(anonymous_1)","decl":{"start":{"line":12,"column":13},"end":{"line":12,"column":14}},"loc":{"start":{"line":12,"column":19},"end":{"line":12,"column":21}},"line":12},"2":{"name":"(anonymous_2)","decl":{"start":{"line":17,"column":28},"end":{"line":17,"column":29}},"loc":{"start":{"line":17,"column":46},"end":{"line":37,"column":1}},"line":17},"3":{"name":"(anonymous_3)","decl":{"start":{"line":20,"column":14},"end":{"line":20,"column":15}},"loc":{"start":{"line":20,"column":20},"end":{"line":23,"column":7}},"line":20},"4":{"name":"(anonymous_4)","decl":{"start":{"line":26,"column":25},"end":{"line":26,"column":26}},"loc":{"start":{"line":26,"column":39},"end":{"line":29,"column":5}},"line":26},"5":{"name":"(anonymous_5)","decl":{"start":{"line":31,"column":19},"end":{"line":31,"column":20}},"loc":{"start":{"line":31,"column":25},"end":{"line":34,"column":5}},"line":31}},"branchMap":{"0":{"loc":{"start":{"line":22,"column":8},"end":{"line":22,"column":58}},"type":"if","locations":[{"start":{"line":22,"column":8},"end":{"line":22,"column":58}},{"start":{},"end":{}}],"line":22}},"s":{"0":11,"1":11,"2":11,"3":1,"4":1,"5":1,"6":1,"7":0,"8":1,"9":0,"10":0,"11":1,"12":0,"13":0,"14":1},"f":{"0":0,"1":0,"2":1,"3":1,"4":0,"5":0},"b":{"0":[0,1]},"_coverageSchema":"1a1c01bbd47fc00a2c39e90264f33305004495a9","hash":"4b096b3d9d47e6e8ca48a53d2e37635854d94d29"}
,"C:\\Users\\anbra\\OneDrive\\Desktop\\CTD\\ProyectoIntegrador\\grupo-3\\front\\src\\context\\BuscadorContext.jsx": {"path":"C:\\Users\\anbra\\OneDrive\\Desktop\\CTD\\ProyectoIntegrador\\grupo-3\\front\\src\\context\\BuscadorContext.jsx","statementMap":{"0":{"start":{"line":3,"column":31},"end":{"line":9,"column":2}},"1":{"start":{"line":11,"column":21},"end":{"line":11,"column":36}},"2":{"start":{"line":13,"column":32},"end":{"line":28,"column":1}},"3":{"start":{"line":14,"column":38},"end":{"line":14,"column":52}},"4":{"start":{"line":15,"column":34},"end":{"line":15,"column":48}},"5":{"start":{"line":16,"column":30},"end":{"line":16,"column":44}},"6":{"start":{"line":18,"column":21},"end":{"line":21,"column":5}},"7":{"start":{"line":19,"column":8},"end":{"line":19,"column":28}},"8":{"start":{"line":20,"column":8},"end":{"line":20,"column":24}},"9":{"start":{"line":23,"column":21},"end":{"line":25,"column":5}},"10":{"start":{"line":24,"column":8},"end":{"line":24,"column":24}},"11":{"start":{"line":27,"column":4},"end":{"line":27,"column":100}}},"fnMap":{"0":{"name":"(anonymous_0)","decl":{"start":{"line":7,"column":14},"end":{"line":7,"column":15}},"loc":{"start":{"line":7,"column":20},"end":{"line":7,"column":22}},"line":7},"1":{"name":"(anonymous_1)","decl":{"start":{"line":8,"column":14},"end":{"line":8,"column":15}},"loc":{"start":{"line":8,"column":20},"end":{"line":8,"column":22}},"line":8},"2":{"name":"(anonymous_2)","decl":{"start":{"line":13,"column":32},"end":{"line":13,"column":33}},"loc":{"start":{"line":13,"column":50},"end":{"line":28,"column":1}},"line":13},"3":{"name":"(anonymous_3)","decl":{"start":{"line":18,"column":21},"end":{"line":18,"column":22}},"loc":{"start":{"line":18,"column":37},"end":{"line":21,"column":5}},"line":18},"4":{"name":"(anonymous_4)","decl":{"start":{"line":23,"column":21},"end":{"line":23,"column":22}},"loc":{"start":{"line":23,"column":32},"end":{"line":25,"column":5}},"line":23}},"branchMap":{},"s":{"0":3,"1":3,"2":3,"3":3,"4":3,"5":3,"6":3,"7":0,"8":0,"9":3,"10":0,"11":3},"f":{"0":0,"1":0,"2":3,"3":0,"4":0},"b":{},"_coverageSchema":"1a1c01bbd47fc00a2c39e90264f33305004495a9","hash":"d35afe619db461fe108226e60d860c1554ef9d45"}
,"C:\\Users\\anbra\\OneDrive\\Desktop\\CTD\\ProyectoIntegrador\\grupo-3\\front\\src\\context\\FavsContext.jsx": {"path":"C:\\Users\\anbra\\OneDrive\\Desktop\\CTD\\ProyectoIntegrador\\grupo-3\\front\\src\\context\\FavsContext.jsx","statementMap":{"0":{"start":{"line":4,"column":27},"end":{"line":9,"column":2}},"1":{"start":{"line":11,"column":21},"end":{"line":11,"column":32}},"2":{"start":{"line":13,"column":28},"end":{"line":44,"column":1}},"3":{"start":{"line":14,"column":26},"end":{"line":14,"column":38}},"4":{"start":{"line":16,"column":2},"end":{"line":23,"column":9}},"5":{"start":{"line":17,"column":22},"end":{"line":17,"column":38}},"6":{"start":{"line":18,"column":4},"end":{"line":22,"column":5}},"7":{"start":{"line":19,"column":6},"end":{"line":19,"column":25}},"8":{"start":{"line":21,"column":6},"end":{"line":21,"column":25}},"9":{"start":{"line":25,"column":20},"end":{"line":30,"column":3}},"10":{"start":{"line":26,"column":17},"end":{"line":26,"column":33}},"11":{"start":{"line":27,"column":4},"end":{"line":27,"column":26}},"12":{"start":{"line":28,"column":4},"end":{"line":28,"column":18}},"13":{"start":{"line":29,"column":4},"end":{"line":29,"column":25}},"14":{"start":{"line":32,"column":20},"end":{"line":40,"column":3}},"15":{"start":{"line":33,"column":17},"end":{"line":33,"column":33}},"16":{"start":{"line":34,"column":18},"end":{"line":34,"column":42}},"17":{"start":{"line":35,"column":4},"end":{"line":37,"column":5}},"18":{"start":{"line":36,"column":6},"end":{"line":36,"column":28}},"19":{"start":{"line":38,"column":4},"end":{"line":38,"column":18}},"20":{"start":{"line":39,"column":4},"end":{"line":39,"column":25}},"21":{"start":{"line":43,"column":2},"end":{"line":43,"column":80}}},"fnMap":{"0":{"name":"(anonymous_0)","decl":{"start":{"line":6,"column":13},"end":{"line":6,"column":14}},"loc":{"start":{"line":6,"column":19},"end":{"line":6,"column":21}},"line":6},"1":{"name":"(anonymous_1)","decl":{"start":{"line":7,"column":13},"end":{"line":7,"column":14}},"loc":{"start":{"line":7,"column":19},"end":{"line":7,"column":21}},"line":7},"2":{"name":"(anonymous_2)","decl":{"start":{"line":8,"column":14},"end":{"line":8,"column":15}},"loc":{"start":{"line":8,"column":20},"end":{"line":8,"column":22}},"line":8},"3":{"name":"(anonymous_3)","decl":{"start":{"line":13,"column":28},"end":{"line":13,"column":29}},"loc":{"start":{"line":13,"column":46},"end":{"line":44,"column":1}},"line":13},"4":{"name":"(anonymous_4)","decl":{"start":{"line":16,"column":12},"end":{"line":16,"column":13}},"loc":{"start":{"line":16,"column":18},"end":{"line":23,"column":3}},"line":16},"5":{"name":"(anonymous_5)","decl":{"start":{"line":25,"column":20},"end":{"line":25,"column":21}},"loc":{"start":{"line":25,"column":36},"end":{"line":30,"column":3}},"line":25},"6":{"name":"(anonymous_6)","decl":{"start":{"line":32,"column":20},"end":{"line":32,"column":21}},"loc":{"start":{"line":32,"column":36},"end":{"line":40,"column":3}},"line":32}},"branchMap":{"0":{"loc":{"start":{"line":18,"column":4},"end":{"line":22,"column":5}},"type":"if","locations":[{"start":{"line":18,"column":4},"end":{"line":22,"column":5}},{"start":{"line":20,"column":11},"end":{"line":22,"column":5}}],"line":18},"1":{"loc":{"start":{"line":35,"column":4},"end":{"line":37,"column":5}},"type":"if","locations":[{"start":{"line":35,"column":4},"end":{"line":37,"column":5}},{"start":{},"end":{}}],"line":35}},"s":{"0":8,"1":8,"2":8,"3":1,"4":1,"5":1,"6":1,"7":0,"8":1,"9":1,"10":0,"11":0,"12":0,"13":0,"14":1,"15":0,"16":0,"17":0,"18":0,"19":0,"20":0,"21":1},"f":{"0":0,"1":0,"2":0,"3":1,"4":1,"5":0,"6":0},"b":{"0":[0,1],"1":[0,0]},"_coverageSchema":"1a1c01bbd47fc00a2c39e90264f33305004495a9","hash":"8f18f4d136b6ec6bfdce424902ac46b5c04714a1"}
,"C:\\Users\\anbra\\OneDrive\\Desktop\\CTD\\ProyectoIntegrador\\grupo-3\\front\\src\\context\\FiltroContext.jsx": {"path":"C:\\Users\\anbra\\OneDrive\\Desktop\\CTD\\ProyectoIntegrador\\grupo-3\\front\\src\\context\\FiltroContext.jsx","statementMap":{"0":{"start":{"line":3,"column":29},"end":{"line":8,"column":2}},"1":{"start":{"line":10,"column":21},"end":{"line":10,"column":34}},"2":{"start":{"line":12,"column":30},"end":{"line":25,"column":1}},"3":{"start":{"line":13,"column":30},"end":{"line":13,"column":42}},"4":{"start":{"line":14,"column":38},"end":{"line":14,"column":50}},"5":{"start":{"line":17,"column":20},"end":{"line":20,"column":3}},"6":{"start":{"line":18,"column":4},"end":{"line":18,"column":22}},"7":{"start":{"line":19,"column":4},"end":{"line":19,"column":26}},"8":{"start":{"line":22,"column":2},"end":{"line":24,"column":4}}},"fnMap":{"0":{"name":"(anonymous_0)","decl":{"start":{"line":6,"column":13},"end":{"line":6,"column":14}},"loc":{"start":{"line":6,"column":19},"end":{"line":6,"column":21}},"line":6},"1":{"name":"(anonymous_1)","decl":{"start":{"line":7,"column":17},"end":{"line":7,"column":18}},"loc":{"start":{"line":7,"column":23},"end":{"line":7,"column":25}},"line":7},"2":{"name":"(anonymous_2)","decl":{"start":{"line":12,"column":30},"end":{"line":12,"column":31}},"loc":{"start":{"line":12,"column":48},"end":{"line":25,"column":1}},"line":12},"3":{"name":"(anonymous_3)","decl":{"start":{"line":17,"column":20},"end":{"line":17,"column":21}},"loc":{"start":{"line":17,"column":40},"end":{"line":20,"column":3}},"line":17}},"branchMap":{},"s":{"0":12,"1":12,"2":12,"3":3,"4":3,"5":3,"6":2,"7":2,"8":3},"f":{"0":2,"1":0,"2":3,"3":2},"b":{},"_coverageSchema":"1a1c01bbd47fc00a2c39e90264f33305004495a9","hash":"a8935a48bd39aa3a599ab6498d353e38a5ee5c76"}
,"C:\\Users\\anbra\\OneDrive\\Desktop\\CTD\\ProyectoIntegrador\\grupo-3\\front\\src\\context\\ProdContext.jsx": {"path":"C:\\Users\\anbra\\OneDrive\\Desktop\\CTD\\ProyectoIntegrador\\grupo-3\\front\\src\\context\\ProdContext.jsx","statementMap":{"0":{"start":{"line":3,"column":27},"end":{"line":6,"column":2}},"1":{"start":{"line":8,"column":21},"end":{"line":8,"column":32}},"2":{"start":{"line":10,"column":28},"end":{"line":18,"column":1}},"3":{"start":{"line":11,"column":28},"end":{"line":11,"column":42}},"4":{"start":{"line":13,"column":20},"end":{"line":15,"column":5}},"5":{"start":{"line":14,"column":8},"end":{"line":14,"column":26}},"6":{"start":{"line":17,"column":4},"end":{"line":17,"column":68}}},"fnMap":{"0":{"name":"(anonymous_0)","decl":{"start":{"line":5,"column":13},"end":{"line":5,"column":14}},"loc":{"start":{"line":5,"column":19},"end":{"line":5,"column":21}},"line":5},"1":{"name":"(anonymous_1)","decl":{"start":{"line":10,"column":28},"end":{"line":10,"column":29}},"loc":{"start":{"line":10,"column":46},"end":{"line":18,"column":1}},"line":10},"2":{"name":"(anonymous_2)","decl":{"start":{"line":13,"column":20},"end":{"line":13,"column":21}},"loc":{"start":{"line":13,"column":34},"end":{"line":15,"column":5}},"line":13}},"branchMap":{},"s":{"0":9,"1":9,"2":9,"3":1,"4":1,"5":0,"6":1},"f":{"0":0,"1":1,"2":0},"b":{},"_coverageSchema":"1a1c01bbd47fc00a2c39e90264f33305004495a9","hash":"215ec50ae7766edea5d386725e3d37868ba614e6"}
,"C:\\Users\\anbra\\OneDrive\\Desktop\\CTD\\ProyectoIntegrador\\grupo-3\\front\\src\\customHooks\\useFetch.jsx": {"path":"C:\\Users\\anbra\\OneDrive\\Desktop\\CTD\\ProyectoIntegrador\\grupo-3\\front\\src\\customHooks\\useFetch.jsx","statementMap":{"0":{"start":{"line":4,"column":26},"end":{"line":4,"column":40}},"1":{"start":{"line":5,"column":34},"end":{"line":5,"column":48}},"2":{"start":{"line":6,"column":28},"end":{"line":6,"column":40}},"3":{"start":{"line":8,"column":2},"end":{"line":27,"column":12}},"4":{"start":{"line":11,"column":6},"end":{"line":11,"column":23}},"5":{"start":{"line":12,"column":6},"end":{"line":12,"column":19}},"6":{"start":{"line":13,"column":6},"end":{"line":23,"column":7}},"7":{"start":{"line":14,"column":20},"end":{"line":14,"column":36}},"8":{"start":{"line":15,"column":8},"end":{"line":15,"column":64}},"9":{"start":{"line":15,"column":31},"end":{"line":15,"column":64}},"10":{"start":{"line":16,"column":21},"end":{"line":16,"column":37}},"11":{"start":{"line":17,"column":8},"end":{"line":17,"column":21}},"12":{"start":{"line":19,"column":8},"end":{"line":19,"column":27}},"13":{"start":{"line":20,"column":8},"end":{"line":20,"column":22}},"14":{"start":{"line":22,"column":8},"end":{"line":22,"column":26}},"15":{"start":{"line":26,"column":4},"end":{"line":26,"column":14}},"16":{"start":{"line":29,"column":2},"end":{"line":29,"column":36}}},"fnMap":{"0":{"name":"useFetch","decl":{"start":{"line":3,"column":9},"end":{"line":3,"column":17}},"loc":{"start":{"line":3,"column":23},"end":{"line":30,"column":1}},"line":3},"1":{"name":"(anonymous_1)","decl":{"start":{"line":8,"column":12},"end":{"line":8,"column":13}},"loc":{"start":{"line":8,"column":18},"end":{"line":27,"column":3}},"line":8},"2":{"name":"getData","decl":{"start":{"line":10,"column":19},"end":{"line":10,"column":26}},"loc":{"start":{"line":10,"column":29},"end":{"line":24,"column":5}},"line":10}},"branchMap":{"0":{"loc":{"start":{"line":15,"column":8},"end":{"line":15,"column":64}},"type":"if","locations":[{"start":{"line":15,"column":8},"end":{"line":15,"column":64}},{"start":{},"end":{}}],"line":15}},"s":{"0":14,"1":14,"2":14,"3":14,"4":11,"5":11,"6":11,"7":11,"8":0,"9":0,"10":0,"11":0,"12":0,"13":0,"14":0,"15":11,"16":14},"f":{"0":14,"1":11,"2":11},"b":{"0":[0,0]},"_coverageSchema":"1a1c01bbd47fc00a2c39e90264f33305004495a9","hash":"5f8cbacd6826145b7f59cff03bc1928e8ddaa3e5"}
,"C:\\Users\\anbra\\OneDrive\\Desktop\\CTD\\ProyectoIntegrador\\grupo-3\\front\\src\\pages\\FavoritosPage\\FavoritosPage.jsx": {"path":"C:\\Users\\anbra\\OneDrive\\Desktop\\CTD\\ProyectoIntegrador\\grupo-3\\front\\src\\pages\\FavoritosPage\\FavoritosPage.jsx","statementMap":{"0":{"start":{"line":8,"column":27},"end":{"line":13,"column":1}},"1":{"start":{"line":16,"column":43},"end":{"line":16,"column":54}},"2":{"start":{"line":17,"column":30},"end":{"line":17,"column":53}},"3":{"start":{"line":18,"column":36},"end":{"line":18,"column":48}},"4":{"start":{"line":19,"column":34},"end":{"line":19,"column":48}},"5":{"start":{"line":21,"column":2},"end":{"line":39,"column":54}},"6":{"start":{"line":22,"column":20},"end":{"line":31,"column":8}},"7":{"start":{"line":23,"column":25},"end":{"line":23,"column":77}},"8":{"start":{"line":24,"column":8},"end":{"line":30,"column":9}},"9":{"start":{"line":25,"column":23},"end":{"line":25,"column":44}},"10":{"start":{"line":26,"column":10},"end":{"line":26,"column":22}},"11":{"start":{"line":27,"column":15},"end":{"line":30,"column":9}},"12":{"start":{"line":28,"column":10},"end":{"line":28,"column":24}},"13":{"start":{"line":29,"column":10},"end":{"line":29,"column":67}},"14":{"start":{"line":32,"column":6},"end":{"line":38,"column":8}},"15":{"start":{"line":33,"column":8},"end":{"line":33,"column":28}},"16":{"start":{"line":35,"column":8},"end":{"line":35,"column":27}},"17":{"start":{"line":37,"column":8},"end":{"line":37,"column":25}},"18":{"start":{"line":41,"column":2},"end":{"line":53,"column":4}}},"fnMap":{"0":{"name":"FavoritosPage","decl":{"start":{"line":15,"column":9},"end":{"line":15,"column":22}},"loc":{"start":{"line":15,"column":25},"end":{"line":54,"column":1}},"line":15},"1":{"name":"(anonymous_1)","decl":{"start":{"line":21,"column":12},"end":{"line":21,"column":13}},"loc":{"start":{"line":21,"column":18},"end":{"line":39,"column":3}},"line":21},"2":{"name":"(anonymous_2)","decl":{"start":{"line":22,"column":29},"end":{"line":22,"column":30}},"loc":{"start":{"line":22,"column":43},"end":{"line":31,"column":7}},"line":22},"3":{"name":"(anonymous_3)","decl":{"start":{"line":32,"column":30},"end":{"line":32,"column":31}},"loc":{"start":{"line":32,"column":39},"end":{"line":34,"column":7}},"line":32},"4":{"name":"(anonymous_4)","decl":{"start":{"line":34,"column":15},"end":{"line":34,"column":16}},"loc":{"start":{"line":34,"column":22},"end":{"line":36,"column":7}},"line":34},"5":{"name":"(anonymous_5)","decl":{"start":{"line":36,"column":18},"end":{"line":36,"column":19}},"loc":{"start":{"line":36,"column":24},"end":{"line":38,"column":7}},"line":36}},"branchMap":{"0":{"loc":{"start":{"line":24,"column":8},"end":{"line":30,"column":9}},"type":"if","locations":[{"start":{"line":24,"column":8},"end":{"line":30,"column":9}},{"start":{"line":27,"column":15},"end":{"line":30,"column":9}}],"line":24},"1":{"loc":{"start":{"line":27,"column":15},"end":{"line":30,"column":9}},"type":"if","locations":[{"start":{"line":27,"column":15},"end":{"line":30,"column":9}},{"start":{},"end":{}}],"line":27},"2":{"loc":{"start":{"line":43,"column":7},"end":{"line":51,"column":7}},"type":"cond-expr","locations":[{"start":{"line":44,"column":8},"end":{"line":46,"column":12}},{"start":{"line":47,"column":10},"end":{"line":51,"column":7}}],"line":43},"3":{"loc":{"start":{"line":47,"column":10},"end":{"line":51,"column":7}},"type":"cond-expr","locations":[{"start":{"line":48,"column":8},"end":{"line":48,"column":22}},{"start":{"line":50,"column":8},"end":{"line":50,"column":65}}],"line":47}},"s":{"0":2,"1":4,"2":4,"3":3,"4":3,"5":3,"6":1,"7":0,"8":0,"9":0,"10":0,"11":0,"12":0,"13":0,"14":1,"15":1,"16":0,"17":1,"18":3},"f":{"0":4,"1":1,"2":0,"3":1,"4":0,"5":1},"b":{"0":[0,0],"1":[0,0],"2":[3,0],"3":[0,0]},"_coverageSchema":"1a1c01bbd47fc00a2c39e90264f33305004495a9","hash":"d34d9cbac1ae9a80abbf6c0260114ab3db12ec56"}
,"C:\\Users\\anbra\\OneDrive\\Desktop\\CTD\\ProyectoIntegrador\\grupo-3\\front\\src\\pages\\HomePage\\HomePage.jsx": {"path":"C:\\Users\\anbra\\OneDrive\\Desktop\\CTD\\ProyectoIntegrador\\grupo-3\\front\\src\\pages\\HomePage\\HomePage.jsx","statementMap":{"0":{"start":{"line":15,"column":43},"end":{"line":15,"column":54}},"1":{"start":{"line":17,"column":44},"end":{"line":17,"column":69}},"2":{"start":{"line":18,"column":26},"end":{"line":18,"column":37}},"3":{"start":{"line":21,"column":15},"end":{"line":21,"column":16}},"4":{"start":{"line":26,"column":6},"end":{"line":28,"column":3}},"5":{"start":{"line":29,"column":21},"end":{"line":29,"column":42}},"6":{"start":{"line":31,"column":21},"end":{"line":31,"column":42}},"7":{"start":{"line":31,"column":30},"end":{"line":31,"column":42}},"8":{"start":{"line":33,"column":2},"end":{"line":38,"column":49}},"9":{"start":{"line":35,"column":4},"end":{"line":37,"column":5}},"10":{"start":{"line":36,"column":6},"end":{"line":36,"column":40}},"11":{"start":{"line":40,"column":2},"end":{"line":65,"column":4}}},"fnMap":{"0":{"name":"HomePage","decl":{"start":{"line":14,"column":9},"end":{"line":14,"column":17}},"loc":{"start":{"line":14,"column":20},"end":{"line":66,"column":1}},"line":14},"1":{"name":"(anonymous_1)","decl":{"start":{"line":31,"column":21},"end":{"line":31,"column":22}},"loc":{"start":{"line":31,"column":30},"end":{"line":31,"column":42}},"line":31},"2":{"name":"(anonymous_2)","decl":{"start":{"line":33,"column":12},"end":{"line":33,"column":13}},"loc":{"start":{"line":33,"column":18},"end":{"line":38,"column":3}},"line":33}},"branchMap":{"0":{"loc":{"start":{"line":35,"column":4},"end":{"line":37,"column":5}},"type":"if","locations":[{"start":{"line":35,"column":4},"end":{"line":37,"column":5}},{"start":{},"end":{}}],"line":35},"1":{"loc":{"start":{"line":46,"column":9},"end":{"line":56,"column":9}},"type":"cond-expr","locations":[{"start":{"line":47,"column":10},"end":{"line":47,"column":56}},{"start":{"line":49,"column":10},"end":{"line":55,"column":13}}],"line":46},"2":{"loc":{"start":{"line":52,"column":22},"end":{"line":52,"column":75}},"type":"cond-expr","locations":[{"start":{"line":52,"column":31},"end":{"line":52,"column":55}},{"start":{"line":52,"column":58},"end":{"line":52,"column":75}}],"line":52},"3":{"loc":{"start":{"line":54,"column":13},"end":{"line":54,"column":40}},"type":"binary-expr","locations":[{"start":{"line":54,"column":13},"end":{"line":54,"column":22}},{"start":{"line":54,"column":26},"end":{"line":54,"column":40}}],"line":54}},"s":{"0":3,"1":3,"2":3,"3":3,"4":3,"5":3,"6":3,"7":0,"8":3,"9":3,"10":3,"11":3},"f":{"0":3,"1":0,"2":3},"b":{"0":[3,0],"1":[0,3],"2":[0,3],"3":[3,3]},"_coverageSchema":"1a1c01bbd47fc00a2c39e90264f33305004495a9","hash":"a12221228bfbe004b5358106a265966c731ccb58"}
,"C:\\Users\\anbra\\OneDrive\\Desktop\\CTD\\ProyectoIntegrador\\grupo-3\\front\\src\\pages\\LoginPage\\LoginPage.jsx": {"path":"C:\\Users\\anbra\\OneDrive\\Desktop\\CTD\\ProyectoIntegrador\\grupo-3\\front\\src\\pages\\LoginPage\\LoginPage.jsx","statementMap":{"0":{"start":{"line":5,"column":4},"end":{"line":9,"column":7}}},"fnMap":{"0":{"name":"RegistroPage","decl":{"start":{"line":4,"column":9},"end":{"line":4,"column":21}},"loc":{"start":{"line":4,"column":24},"end":{"line":10,"column":1}},"line":4}},"branchMap":{},"s":{"0":1},"f":{"0":1},"b":{},"_coverageSchema":"1a1c01bbd47fc00a2c39e90264f33305004495a9","hash":"0d95cc044eee437ad912b3cb2250ceeffef667eb"}
,"C:\\Users\\anbra\\OneDrive\\Desktop\\CTD\\ProyectoIntegrador\\grupo-3\\front\\src\\pages\\Producto\\Producto.jsx": {"path":"C:\\Users\\anbra\\OneDrive\\Desktop\\CTD\\ProyectoIntegrador\\grupo-3\\front\\src\\pages\\Producto\\Producto.jsx","statementMap":{"0":{"start":{"line":20,"column":42},"end":{"line":20,"column":53}},"1":{"start":{"line":22,"column":26},"end":{"line":22,"column":37}},"2":{"start":{"line":24,"column":47},"end":{"line":24,"column":105}},"3":{"start":{"line":25,"column":22},"end":{"line":25,"column":45}},"4":{"start":{"line":27,"column":2},"end":{"line":29,"column":26}},"5":{"start":{"line":28,"column":4},"end":{"line":28,"column":22}},"6":{"start":{"line":31,"column":2},"end":{"line":50,"column":4}}},"fnMap":{"0":{"name":"Producto","decl":{"start":{"line":18,"column":9},"end":{"line":18,"column":17}},"loc":{"start":{"line":18,"column":20},"end":{"line":51,"column":1}},"line":18},"1":{"name":"(anonymous_1)","decl":{"start":{"line":27,"column":12},"end":{"line":27,"column":13}},"loc":{"start":{"line":27,"column":18},"end":{"line":29,"column":3}},"line":27}},"branchMap":{"0":{"loc":{"start":{"line":33,"column":7},"end":{"line":48,"column":7}},"type":"cond-expr","locations":[{"start":{"line":34,"column":8},"end":{"line":34,"column":22}},{"start":{"line":35,"column":10},"end":{"line":48,"column":7}}],"line":33},"1":{"loc":{"start":{"line":35,"column":10},"end":{"line":48,"column":7}},"type":"cond-expr","locations":[{"start":{"line":36,"column":8},"end":{"line":36,"column":54}},{"start":{"line":38,"column":8},"end":{"line":47,"column":11}}],"line":35}},"s":{"0":1,"1":1,"2":1,"3":1,"4":1,"5":1,"6":1},"f":{"0":1,"1":1},"b":{"0":[1,0],"1":[0,0]},"_coverageSchema":"1a1c01bbd47fc00a2c39e90264f33305004495a9","hash":"60e8efee7dc62509a2bc6551fb236d961a06c145"}
,"C:\\Users\\anbra\\OneDrive\\Desktop\\CTD\\ProyectoIntegrador\\grupo-3\\front\\src\\pages\\RegistroPage\\RegistroPage.jsx": {"path":"C:\\Users\\anbra\\OneDrive\\Desktop\\CTD\\ProyectoIntegrador\\grupo-3\\front\\src\\pages\\RegistroPage\\RegistroPage.jsx","statementMap":{"0":{"start":{"line":5,"column":4},"end":{"line":9,"column":7}}},"fnMap":{"0":{"name":"RegistroPage","decl":{"start":{"line":4,"column":9},"end":{"line":4,"column":21}},"loc":{"start":{"line":4,"column":24},"end":{"line":10,"column":1}},"line":4}},"branchMap":{},"s":{"0":1},"f":{"0":1},"b":{},"_coverageSchema":"1a1c01bbd47fc00a2c39e90264f33305004495a9","hash":"8fcf53218531e88669bda108c0d0a0b2505fdf78"}
,"C:\\Users\\anbra\\OneDrive\\Desktop\\CTD\\ProyectoIntegrador\\grupo-3\\front\\src\\utils\\auth.js": {"path":"C:\\Users\\anbra\\OneDrive\\Desktop\\CTD\\ProyectoIntegrador\\grupo-3\\front\\src\\utils\\auth.js","statementMap":{"0":{"start":{"line":1,"column":30},"end":{"line":3,"column":1}},"1":{"start":{"line":2,"column":2},"end":{"line":2,"column":52}},"2":{"start":{"line":5,"column":30},"end":{"line":7,"column":1}},"3":{"start":{"line":6,"column":2},"end":{"line":6,"column":50}},"4":{"start":{"line":9,"column":33},"end":{"line":11,"column":1}},"5":{"start":{"line":10,"column":2},"end":{"line":10,"column":34}}},"fnMap":{"0":{"name":"(anonymous_0)","decl":{"start":{"line":1,"column":30},"end":{"line":1,"column":31}},"loc":{"start":{"line":1,"column":39},"end":{"line":3,"column":1}},"line":1},"1":{"name":"(anonymous_1)","decl":{"start":{"line":5,"column":30},"end":{"line":5,"column":31}},"loc":{"start":{"line":5,"column":36},"end":{"line":7,"column":1}},"line":5},"2":{"name":"(anonymous_2)","decl":{"start":{"line":9,"column":33},"end":{"line":9,"column":34}},"loc":{"start":{"line":9,"column":39},"end":{"line":11,"column":1}},"line":9}},"branchMap":{},"s":{"0":11,"1":0,"2":11,"3":1,"4":11,"5":0},"f":{"0":0,"1":1,"2":0},"b":{},"_coverageSchema":"1a1c01bbd47fc00a2c39e90264f33305004495a9","hash":"eb75fd79f466e30d133f013d4bf98aa00ad7be1e"}
,"C:\\Users\\anbra\\OneDrive\\Desktop\\CTD\\ProyectoIntegrador\\grupo-3\\front\\src\\utils\\favs.js": {"path":"C:\\Users\\anbra\\OneDrive\\Desktop\\CTD\\ProyectoIntegrador\\grupo-3\\front\\src\\utils\\favs.js","statementMap":{"0":{"start":{"line":1,"column":30},"end":{"line":3,"column":1}},"1":{"start":{"line":2,"column":2},"end":{"line":2,"column":53}},"2":{"start":{"line":5,"column":30},"end":{"line":7,"column":1}},"3":{"start":{"line":6,"column":2},"end":{"line":6,"column":50}},"4":{"start":{"line":9,"column":33},"end":{"line":11,"column":1}},"5":{"start":{"line":10,"column":2},"end":{"line":10,"column":34}}},"fnMap":{"0":{"name":"(anonymous_0)","decl":{"start":{"line":1,"column":30},"end":{"line":1,"column":31}},"loc":{"start":{"line":1,"column":40},"end":{"line":3,"column":1}},"line":1},"1":{"name":"(anonymous_1)","decl":{"start":{"line":5,"column":30},"end":{"line":5,"column":31}},"loc":{"start":{"line":5,"column":36},"end":{"line":7,"column":1}},"line":5},"2":{"name":"(anonymous_2)","decl":{"start":{"line":9,"column":33},"end":{"line":9,"column":34}},"loc":{"start":{"line":9,"column":39},"end":{"line":11,"column":1}},"line":9}},"branchMap":{},"s":{"0":8,"1":1,"2":8,"3":1,"4":8,"5":0},"f":{"0":1,"1":1,"2":0},"b":{},"_coverageSchema":"1a1c01bbd47fc00a2c39e90264f33305004495a9","hash":"cb486a53bc5b2b46ebd26502a4e24fd3c2a31192"}
}
