TN:
SF:src\App.jsx
FN:13,App
FNF:1
FNH:1
FNDA:1,App
DA:14,1
LF:1
LH:1
BRF:0
BRH:0
end_of_record
TN:
SF:src\index.js
FNF:0
FNH:0
DA:5,0
LF:1
LH:0
BRF:0
BRH:0
end_of_record
TN:
SF:src\components\Buscador\Buscador.jsx
FN:11,Buscador
FN:21,(anonymous_1)
FN:35,(anonymous_2)
FN:42,(anonymous_3)
FN:55,(anonymous_4)
FN:60,(anonymous_5)
FNF:6
FNH:4
FNDA:5,Buscador
FNDA:1,(anonymous_1)
FNDA:1,(anonymous_2)
FNDA:1,(anonymous_3)
FNDA:0,(anonymous_4)
FNDA:0,(anonymous_5)
DA:13,5
DA:15,5
DA:18,5
DA:19,5
DA:21,5
DA:22,1
DA:23,1
DA:26,0
DA:27,0
DA:31,0
DA:35,5
DA:36,1
DA:37,1
DA:38,1
DA:42,5
DA:43,1
DA:45,1
DA:51,1
DA:52,1
DA:55,5
DA:57,0
DA:60,5
DA:61,0
DA:62,0
DA:65,5
LF:25
LH:19
BRDA:27,0,0,0
BRDA:27,0,1,0
BRF:2
BRH:0
end_of_record
TN:
SF:src\components\Buscador\SelectCiudad.jsx
FN:5,(anonymous_0)
FN:17,SelectCiudad
FN:18,(anonymous_2)
FN:25,(anonymous_3)
FN:30,(anonymous_4)
FN:36,(anonymous_5)
FN:42,(anonymous_6)
FN:48,(anonymous_7)
FN:53,(anonymous_8)
FN:56,(anonymous_9)
FN:61,(anonymous_10)
FNF:11
FNH:8
FNDA:0,(anonymous_0)
FNDA:6,SelectCiudad
FNDA:2,(anonymous_2)
FNDA:6,(anonymous_3)
FNDA:0,(anonymous_4)
FNDA:6,(anonymous_5)
FNDA:6,(anonymous_6)
FNDA:2,(anonymous_7)
FNDA:6,(anonymous_8)
FNDA:6,(anonymous_9)
FNDA:0,(anonymous_10)
DA:5,4
DA:6,0
DA:18,6
DA:24,6
DA:25,6
DA:30,0
DA:36,6
DA:42,6
DA:49,2
DA:53,6
DA:56,6
DA:61,6
DA:62,0
DA:65,6
LF:14
LH:11
BRDA:34,0,0,0
BRDA:34,0,1,0
BRDA:51,1,0,0
BRDA:51,1,1,2
BRF:4
BRH:1
end_of_record
TN:
SF:src\components\Card\Card.jsx
FN:5,Card
FN:48,(anonymous_1)
FNF:2
FNH:1
FNDA:1,Card
FNDA:0,(anonymous_1)
DA:14,1
DA:16,1
DA:49,0
LF:3
LH:2
BRF:0
BRH:0
end_of_record
TN:
SF:src\components\CardCategoria\CardCategoria.jsx
FN:5,CardCategoria
FN:13,(anonymous_1)
FNF:2
FNH:1
FNDA:1,CardCategoria
FNDA:0,(anonymous_1)
DA:6,1
DA:7,1
DA:9,1
DA:13,0
LF:4
LH:3
BRDA:11,0,0,0
BRDA:11,0,1,1
BRDA:15,1,0,0
BRDA:15,1,1,1
BRF:4
BRH:2
end_of_record
TN:
SF:src\components\CardList\CardList.jsx
FN:4,CardList
FN:10,(anonymous_1)
FNF:2
FNH:1
FNDA:4,CardList
FNDA:0,(anonymous_1)
DA:6,4
DA:11,0
LF:2
LH:1
BRDA:4,0,0,1
BRF:1
BRH:1
end_of_record
TN:
SF:src\components\CategoriaList\CategoriaList.jsx
FN:10,CategoriaList
FN:21,(anonymous_1)
FN:33,(anonymous_2)
FN:45,(anonymous_3)
FN:55,(anonymous_4)
FNF:5
FNH:3
FNDA:5,CategoriaList
FNDA:0,(anonymous_1)
FNDA:1,(anonymous_2)
FNDA:1,(anonymous_3)
FNDA:0,(anonymous_4)
DA:11,5
DA:17,5
DA:19,5
DA:21,5
DA:22,0
DA:23,0
DA:26,0
DA:27,0
DA:29,0
DA:33,5
DA:34,1
DA:37,5
DA:45,1
DA:56,0
LF:14
LH:8
BRDA:39,0,0,5
BRDA:39,0,1,5
BRDA:44,1,0,0
BRDA:44,1,1,5
BRDA:51,2,0,0
BRDA:51,2,1,5
BRF:6
BRH:4
end_of_record
TN:
SF:src\components\Error\Error.jsx
FN:1,(anonymous_0)
FNF:1
FNH:1
FNDA:1,(anonymous_0)
DA:1,5
DA:3,1
DA:7,1
DA:17,1
LF:4
LH:4
BRF:0
BRH:0
end_of_record
TN:
SF:src\components\FavHeart\FavHeart.jsx
FN:5,(anonymous_0)
FN:14,(anonymous_1)
FNF:2
FNH:1
FNDA:5,(anonymous_0)
FNDA:0,(anonymous_1)
DA:5,8
DA:11,5
DA:12,5
DA:14,5
DA:15,0
DA:16,0
DA:19,5
LF:7
LH:5
BRDA:7,0,0,5
BRDA:8,1,0,4
BRDA:15,2,0,0
BRDA:15,2,1,0
BRDA:21,3,0,0
BRDA:21,3,1,5
BRDA:24,4,0,0
BRDA:24,4,1,5
BRF:8
BRH:4
end_of_record
TN:
SF:src\components\Footer\Footer.jsx
FN:5,Footer
FNF:1
FNH:1
FNDA:11,Footer
DA:7,11
LF:1
LH:1
BRF:0
BRH:0
end_of_record
TN:
SF:src\components\Header\Header.jsx
FN:10,Header
FN:14,(anonymous_1)
FN:52,(anonymous_2)
FN:62,(anonymous_3)
FNF:4
FNH:1
FNDA:11,Header
FNDA:0,(anonymous_1)
FNDA:0,(anonymous_2)
FNDA:0,(anonymous_3)
DA:11,11
DA:12,11
DA:14,11
DA:15,0
DA:18,11
DA:52,0
DA:62,0
LF:7
LH:4
BRDA:23,0,0,0
BRDA:23,0,1,11
BRDA:25,1,0,0
BRDA:25,1,1,0
BRDA:36,2,0,11
BRDA:36,2,1,11
BRDA:41,3,0,11
BRDA:41,3,1,11
BRDA:59,4,0,0
BRDA:59,4,1,11
BRDA:66,5,0,0
BRDA:66,5,1,11
BRDA:71,6,0,0
BRDA:71,6,1,11
BRDA:77,7,0,11
BRDA:77,7,1,11
BRDA:82,8,0,11
BRDA:82,8,1,11
BRDA:94,9,0,0
BRDA:94,9,1,11
BRF:20
BRH:13
end_of_record
TN:
SF:src\components\LayoutGeneral\LayoutGeneral.jsx
FN:5,LayoutGeneral
FNF:1
FNH:1
FNDA:10,LayoutGeneral
DA:6,10
DA:8,10
LF:2
LH:2
BRF:0
BRH:0
end_of_record
TN:
SF:src\components\LoadingBar\LoadingBar.jsx
FN:3,LoadingBar
FNF:1
FNH:1
FNDA:9,LoadingBar
DA:4,9
LF:1
LH:1
BRF:0
BRH:0
end_of_record
TN:
SF:src\components\Login\Login.jsx
FN:8,(anonymous_0)
FN:29,(anonymous_1)
FN:49,(anonymous_2)
FN:58,(anonymous_3)
FN:78,(anonymous_4)
FNF:5
FNH:3
FNDA:3,(anonymous_0)
FNDA:3,(anonymous_1)
FNDA:0,(anonymous_2)
FNDA:3,(anonymous_3)
FNDA:0,(anonymous_4)
DA:8,3
DA:10,3
DA:11,3
DA:13,3
DA:29,3
DA:30,3
DA:31,3
DA:32,3
DA:34,3
DA:49,0
DA:58,3
DA:59,3
DA:60,3
DA:61,3
DA:63,3
DA:84,0
DA:89,0
DA:94,0
DA:100,0
DA:102,0
LF:20
LH:14
BRDA:11,0,0,3
BRDA:11,0,1,0
BRDA:18,1,0,0
BRDA:18,1,1,3
BRDA:24,2,0,3
BRDA:24,2,1,0
BRDA:32,3,0,3
BRDA:32,3,1,0
BRDA:39,4,0,0
BRDA:39,4,1,3
BRDA:42,5,0,0
BRDA:42,5,1,3
BRDA:47,6,0,0
BRDA:47,6,1,3
BRDA:53,7,0,3
BRDA:53,7,1,0
BRDA:84,8,0,0
BRDA:84,8,1,0
BRDA:85,9,0,0
BRDA:85,9,1,0
BRDA:126,10,0,3
BRDA:126,10,1,0
BRF:22
BRH:9
end_of_record
TN:
SF:src\components\Logo\Logo.jsx
FN:7,Logo
FN:10,(anonymous_1)
FNF:2
FNH:1
FNDA:12,Logo
FNDA:0,(anonymous_1)
DA:8,12
DA:10,12
DA:11,0
DA:14,12
LF:4
LH:3
BRDA:11,0,0,0
BRDA:11,0,1,0
BRF:2
BRH:0
end_of_record
TN:
SF:src\components\Paginador\Paginador.jsx
FN:5,Paginador
FN:16,(anonymous_1)
FN:20,(anonymous_2)
FNF:3
FNH:1
FNDA:3,Paginador
FNDA:0,(anonymous_1)
FNDA:0,(anonymous_2)
DA:6,3
DA:8,3
DA:9,3
DA:10,0
DA:13,3
DA:17,0
DA:20,0
LF:7
LH:4
BRDA:15,0,0,3
BRDA:15,0,1,3
BRDA:19,1,0,0
BRDA:19,1,1,0
BRF:4
BRH:2
end_of_record
TN:
SF:src\components\ProductoCaracteristicas\ProductoCaracteristicas.jsx
FN:5,ProductoCaracteristicas
FN:15,(anonymous_1)
FNF:2
FNH:2
FNDA:1,ProductoCaracteristicas
FNDA:2,(anonymous_1)
DA:7,1
DA:9,1
DA:15,2
LF:3
LH:3
BRDA:14,0,0,1
BRDA:14,0,1,0
BRF:2
BRH:1
end_of_record
TN:
SF:src\components\ProductoDescripcion\ProductoDescripcion.jsx
FN:5,ProductoDescripcion
FNF:1
FNH:1
FNDA:1,ProductoDescripcion
DA:7,1
DA:9,1
LF:2
LH:2
BRF:0
BRH:0
end_of_record
TN:
SF:src\components\ProductoDisponibilidad\ProductoDisponibilidad.jsx
FN:6,ProductoDisponibilidad
FN:10,(anonymous_1)
FN:12,(anonymous_2)
FN:14,(anonymous_3)
FNF:4
FNH:3
FNDA:1,ProductoDisponibilidad
FNDA:0,(anonymous_1)
FNDA:1,(anonymous_2)
FNDA:1,(anonymous_3)
DA:7,1
DA:8,1
DA:10,1
DA:12,1
DA:13,1
DA:14,1
DA:17,1
LF:7
LH:7
BRDA:23,0,0,1
BRDA:23,0,1,0
BRF:2
BRH:1
end_of_record
TN:
SF:src\components\ProductoHeader\ProductoHeader.jsx
FN:6,ProductoHeader
FNF:1
FNH:1
FNDA:1,ProductoHeader
DA:8,1
DA:9,1
DA:11,1
LF:3
LH:3
BRF:0
BRH:0
end_of_record
TN:
SF:src\components\ProductoImagenes\ProductoImagenes.jsx
FN:8,ProductoImagenes
FN:10,(anonymous_1)
FN:21,(anonymous_2)
FN:29,(anonymous_3)
FN:38,(anonymous_4)
FN:52,(anonymous_5)
FN:64,(anonymous_6)
FN:78,(anonymous_7)
FNF:8
FNH:4
FNDA:1,ProductoImagenes
FNDA:5,(anonymous_1)
FNDA:0,(anonymous_2)
FNDA:1,(anonymous_3)
FNDA:1,(anonymous_4)
FNDA:0,(anonymous_5)
FNDA:0,(anonymous_6)
FNDA:0,(anonymous_7)
DA:9,1
DA:10,5
DA:15,1
DA:17,1
DA:18,1
DA:21,1
DA:22,0
DA:23,0
DA:25,0
DA:29,1
DA:30,1
DA:31,0
DA:32,0
DA:34,1
DA:35,1
DA:38,1
DA:39,1
DA:43,1
DA:44,0
DA:47,1
DA:53,0
DA:64,0
DA:78,0
LF:23
LH:14
BRDA:22,0,0,0
BRDA:22,0,1,0
BRDA:30,1,0,0
BRDA:30,1,1,1
BRDA:43,2,0,0
BRDA:43,2,1,1
BRDA:43,3,0,1
BRDA:43,3,1,1
BRDA:49,4,0,0
BRDA:49,4,1,1
BRDA:70,5,0,0
BRDA:70,5,1,0
BRF:12
BRH:5
end_of_record
TN:
SF:src\components\ProductoImagenes\ProductoImagenesGaleria.jsx
FN:5,renderRightNav
FN:19,renderLeftNav
FN:31,ProductoImagenesGaleria
FN:34,(anonymous_3)
FNF:4
FNH:4
FNDA:1,renderRightNav
FNDA:1,renderLeftNav
FNDA:1,ProductoImagenesGaleria
FNDA:2,(anonymous_3)
DA:6,1
DA:20,1
DA:33,1
DA:35,2
DA:56,1
LF:5
LH:5
BRF:0
BRH:0
end_of_record
TN:
SF:src\components\ProductoImagenes\ProductoImagenesGaleriaMini.jsx
FN:5,ProductoImagenesGaleriaMini
FN:8,(anonymous_1)
FNF:2
FNH:2
FNDA:2,ProductoImagenesGaleriaMini
FNDA:6,(anonymous_1)
DA:7,2
DA:9,6
DA:30,2
LF:3
LH:3
BRF:0
BRH:0
end_of_record
TN:
SF:src\components\ProductoPoliticas\ProductoPoliticas.jsx
FN:5,ProductoPoliticas
FN:13,(anonymous_1)
FNF:2
FNH:2
FNDA:1,ProductoPoliticas
FNDA:1,(anonymous_1)
DA:6,1
DA:8,1
DA:14,1
LF:3
LH:3
BRF:0
BRH:0
end_of_record
TN:
SF:src\components\ProductoSocials\ProductoSocials.jsx
FN:7,(anonymous_0)
FN:52,ProductoSocials
FN:62,(anonymous_2)
FNF:3
FNH:3
FNDA:1,(anonymous_0)
FNDA:3,ProductoSocials
FNDA:1,(anonymous_2)
DA:7,3
DA:8,1
DA:9,1
DA:11,1
DA:53,3
DA:54,3
DA:55,3
DA:62,1
LF:8
LH:8
BRDA:64,0,0,3
BRDA:64,0,1,1
BRF:2
BRH:2
end_of_record
TN:
SF:src\components\ProductoUbicacion\ProductoUbicacion.jsx
FN:5,ProductoUbicacion
FNF:1
FNH:1
FNDA:1,ProductoUbicacion
DA:6,1
DA:8,1
LF:2
LH:2
BRF:0
BRH:0
end_of_record
TN:
SF:src\components\RedesSociales\RedesSociales.jsx
FN:3,RedesSociales
FNF:1
FNH:1
FNDA:23,RedesSociales
DA:4,23
LF:1
LH:1
BRDA:5,0,0,0
BRDA:5,0,1,23
BRF:2
BRH:1
end_of_record
TN:
SF:src\components\Registro\Registro.jsx
FN:8,(anonymous_0)
FN:29,(anonymous_1)
FN:49,(anonymous_2)
FN:58,Registro
FN:90,(anonymous_4)
FNF:5
FNH:3
FNDA:8,(anonymous_0)
FNDA:2,(anonymous_1)
FNDA:0,(anonymous_2)
FNDA:2,Registro
FNDA:0,(anonymous_4)
DA:8,3
DA:10,8
DA:11,8
DA:13,8
DA:29,3
DA:30,2
DA:31,2
DA:32,2
DA:34,2
DA:49,0
DA:59,2
DA:60,2
DA:61,2
DA:63,2
DA:97,0
DA:98,0
DA:101,0
DA:108,0
DA:110,0
LF:19
LH:13
BRDA:11,0,0,8
BRDA:11,0,1,0
BRDA:18,1,0,0
BRDA:18,1,1,8
BRDA:24,2,0,8
BRDA:24,2,1,0
BRDA:32,3,0,2
BRDA:32,3,1,0
BRDA:39,4,0,0
BRDA:39,4,1,2
BRDA:42,5,0,0
BRDA:42,5,1,2
BRDA:47,6,0,0
BRDA:47,6,1,2
BRDA:53,7,0,2
BRDA:53,7,1,0
BRDA:97,8,0,0
BRDA:97,8,1,0
BRDA:158,9,0,2
BRDA:158,9,1,0
BRF:20
BRH:9
end_of_record
TN:
SF:src\components\SaludoRegistrado\SaludoRegistrado.jsx
FN:5,SaludoRegistrado
FN:8,(anonymous_1)
FNF:2
FNH:1
FNDA:1,SaludoRegistrado
FNDA:0,(anonymous_1)
DA:6,1
DA:8,1
DA:9,0
DA:12,1
LF:4
LH:3
BRDA:13,0,0,0
BRDA:13,0,1,1
BRDA:24,1,0,1
BRDA:24,1,1,1
BRF:4
BRH:3
end_of_record
TN:
SF:src\constants\index.js
FNF:0
FNH:0
DA:1,6
LF:1
LH:1
BRF:0
BRH:0
end_of_record
TN:
SF:src\context\AuthContext.jsx
FN:11,(anonymous_0)
FN:12,(anonymous_1)
FN:17,(anonymous_2)
FN:20,(anonymous_3)
FN:26,(anonymous_4)
FN:31,(anonymous_5)
FNF:6
FNH:2
FNDA:0,(anonymous_0)
FNDA:0,(anonymous_1)
FNDA:1,(anonymous_2)
FNDA:1,(anonymous_3)
FNDA:0,(anonymous_4)
FNDA:0,(anonymous_5)
DA:9,11
DA:15,11
DA:17,11
DA:18,1
DA:20,1
DA:21,1
DA:22,1
DA:26,1
DA:27,0
DA:28,0
DA:31,1
DA:32,0
DA:33,0
DA:36,1
LF:14
LH:10
BRDA:22,0,0,0
BRDA:22,0,1,1
BRF:2
BRH:1
end_of_record
TN:
SF:src\context\BuscadorContext.jsx
FN:7,(anonymous_0)
FN:8,(anonymous_1)
FN:13,(anonymous_2)
FN:18,(anonymous_3)
FN:23,(anonymous_4)
FNF:5
FNH:1
FNDA:0,(anonymous_0)
FNDA:0,(anonymous_1)
FNDA:3,(anonymous_2)
FNDA:0,(anonymous_3)
FNDA:0,(anonymous_4)
DA:3,3
DA:11,3
DA:13,3
DA:14,3
DA:15,3
DA:16,3
DA:18,3
DA:19,0
DA:20,0
DA:23,3
DA:24,0
DA:27,3
LF:12
LH:9
BRF:0
BRH:0
end_of_record
TN:
SF:src\context\FavsContext.jsx
FN:6,(anonymous_0)
FN:7,(anonymous_1)
FN:8,(anonymous_2)
FN:13,(anonymous_3)
FN:16,(anonymous_4)
FN:25,(anonymous_5)
FN:32,(anonymous_6)
FNF:7
FNH:2
FNDA:0,(anonymous_0)
FNDA:0,(anonymous_1)
FNDA:0,(anonymous_2)
FNDA:1,(anonymous_3)
FNDA:1,(anonymous_4)
FNDA:0,(anonymous_5)
FNDA:0,(anonymous_6)
DA:4,8
DA:11,8
DA:13,8
DA:14,1
DA:16,1
DA:17,1
DA:18,1
DA:19,0
DA:21,1
DA:25,1
DA:26,0
DA:27,0
DA:28,0
DA:29,0
DA:32,1
DA:33,0
DA:34,0
DA:35,0
DA:36,0
DA:38,0
DA:39,0
DA:43,1
LF:22
LH:11
BRDA:18,0,0,0
BRDA:18,0,1,1
BRDA:35,1,0,0
BRDA:35,1,1,0
BRF:4
BRH:1
end_of_record
TN:
SF:src\context\FiltroContext.jsx
FN:6,(anonymous_0)
FN:7,(anonymous_1)
FN:12,(anonymous_2)
FN:17,(anonymous_3)
FNF:4
FNH:3
FNDA:2,(anonymous_0)
FNDA:0,(anonymous_1)
FNDA:3,(anonymous_2)
FNDA:2,(anonymous_3)
DA:3,12
DA:10,12
DA:12,12
DA:13,3
DA:14,3
DA:17,3
DA:18,2
DA:19,2
DA:22,3
LF:9
LH:9
BRF:0
BRH:0
end_of_record
TN:
SF:src\context\ProdContext.jsx
FN:5,(anonymous_0)
FN:10,(anonymous_1)
FN:13,(anonymous_2)
FNF:3
FNH:1
FNDA:0,(anonymous_0)
FNDA:1,(anonymous_1)
FNDA:0,(anonymous_2)
DA:3,9
DA:8,9
DA:10,9
DA:11,1
DA:13,1
DA:14,0
DA:17,1
LF:7
LH:6
BRF:0
BRH:0
end_of_record
TN:
SF:src\customHooks\useFetch.jsx
FN:3,useFetch
FN:8,(anonymous_1)
FN:10,getData
FNF:3
FNH:3
FNDA:14,useFetch
FNDA:11,(anonymous_1)
FNDA:11,getData
DA:4,14
DA:5,14
DA:6,14
DA:8,14
DA:11,11
DA:12,11
DA:13,11
DA:14,11
DA:15,0
DA:16,0
DA:17,0
DA:19,0
DA:20,0
DA:22,0
DA:26,11
DA:29,14
LF:16
LH:10
BRDA:15,0,0,0
BRDA:15,0,1,0
BRF:2
BRH:0
end_of_record
TN:
SF:src\pages\FavoritosPage\FavoritosPage.jsx
FN:15,FavoritosPage
FN:21,(anonymous_1)
FN:22,(anonymous_2)
FN:32,(anonymous_3)
FN:34,(anonymous_4)
FN:36,(anonymous_5)
FNF:6
FNH:4
FNDA:4,FavoritosPage
FNDA:1,(anonymous_1)
FNDA:0,(anonymous_2)
FNDA:1,(anonymous_3)
FNDA:0,(anonymous_4)
FNDA:1,(anonymous_5)
DA:8,2
DA:16,4
DA:17,4
DA:18,3
DA:19,3
DA:21,3
DA:22,1
DA:23,0
DA:24,0
DA:25,0
DA:26,0
DA:27,0
DA:28,0
DA:29,0
DA:32,1
DA:33,1
DA:35,0
DA:37,1
DA:41,3
LF:19
LH:11
BRDA:24,0,0,0
BRDA:24,0,1,0
BRDA:27,1,0,0
BRDA:27,1,1,0
BRDA:43,2,0,3
BRDA:43,2,1,0
BRDA:47,3,0,0
BRDA:47,3,1,0
BRF:8
BRH:1
end_of_record
TN:
SF:src\pages\HomePage\HomePage.jsx
FN:14,HomePage
FN:31,(anonymous_1)
FN:33,(anonymous_2)
FNF:3
FNH:2
FNDA:3,HomePage
FNDA:0,(anonymous_1)
FNDA:3,(anonymous_2)
DA:15,3
DA:17,3
DA:18,3
DA:21,3
DA:26,3
DA:29,3
DA:31,3
DA:33,3
DA:35,3
DA:36,3
DA:40,3
LF:11
LH:11
BRDA:35,0,0,3
BRDA:35,0,1,0
BRDA:46,1,0,0
BRDA:46,1,1,3
BRDA:52,2,0,0
BRDA:52,2,1,3
BRDA:54,3,0,3
BRDA:54,3,1,3
BRF:8
BRH:5
end_of_record
TN:
SF:src\pages\LoginPage\LoginPage.jsx
FN:4,RegistroPage
FNF:1
FNH:1
FNDA:1,RegistroPage
DA:5,1
LF:1
LH:1
BRF:0
BRH:0
end_of_record
TN:
SF:src\pages\Producto\Producto.jsx
FN:18,Producto
FN:27,(anonymous_1)
FNF:2
FNH:2
FNDA:1,Producto
FNDA:1,(anonymous_1)
DA:20,1
DA:22,1
DA:24,1
DA:25,1
DA:27,1
DA:28,1
DA:31,1
LF:7
LH:7
BRDA:33,0,0,1
BRDA:33,0,1,0
BRDA:35,1,0,0
BRDA:35,1,1,0
BRF:4
BRH:1
end_of_record
TN:
SF:src\pages\RegistroPage\RegistroPage.jsx
FN:4,RegistroPage
FNF:1
FNH:1
FNDA:1,RegistroPage
DA:5,1
LF:1
LH:1
BRF:0
BRH:0
end_of_record
TN:
SF:src\utils\auth.js
FN:1,(anonymous_0)
FN:5,(anonymous_1)
FN:9,(anonymous_2)
FNF:3
FNH:1
FNDA:0,(anonymous_0)
FNDA:1,(anonymous_1)
FNDA:0,(anonymous_2)
DA:1,11
DA:2,0
DA:5,11
DA:6,1
DA:9,11
DA:10,0
LF:6
LH:4
BRF:0
BRH:0
end_of_record
TN:
SF:src\utils\favs.js
FN:1,(anonymous_0)
FN:5,(anonymous_1)
FN:9,(anonymous_2)
FNF:3
FNH:2
FNDA:1,(anonymous_0)
FNDA:1,(anonymous_1)
FNDA:0,(anonymous_2)
DA:1,8
DA:2,1
DA:5,8
DA:6,1
DA:9,8
DA:10,0
LF:6
LH:5
BRF:0
BRH:0
end_of_record
